
===========================================================================
report_checks -unconstrained
===========================================================================
======================= Fastest Corner ===================================

Startpoint: _888_ (rising edge-triggered flip-flop clocked by clk)
Endpoint: pwm2_out (output port clocked by clk)
Path Group: clk
Path Type: max
Corner: Fastest

Fanout     Cap    Slew   Delay    Time   Description
-----------------------------------------------------------------------------
                          0.00    0.00   clock clk (rise edge)
                          0.00    0.00   clock source latency
                  0.07    0.05    0.05 ^ clk (in)
     1    0.02                           clk (net)
                  0.07    0.00    0.05 ^ clkbuf_0_clk/A (sky130_fd_sc_hd__clkbuf_16)
                  0.08    0.14    0.19 ^ clkbuf_0_clk/X (sky130_fd_sc_hd__clkbuf_16)
     8    0.09                           clknet_0_clk (net)
                  0.08    0.00    0.19 ^ clkbuf_3_3__f_clk/A (sky130_fd_sc_hd__clkbuf_16)
                  0.05    0.12    0.31 ^ clkbuf_3_3__f_clk/X (sky130_fd_sc_hd__clkbuf_16)
    15    0.05                           clknet_3_3__leaf_clk (net)
                  0.05    0.00    0.31 ^ _888_/CLK (sky130_fd_sc_hd__dfxtp_1)
                  0.08    0.24    0.55 ^ _888_/Q (sky130_fd_sc_hd__dfxtp_1)
     3    0.01                           p2.counter[1] (net)
                  0.08    0.00    0.55 ^ hold21/A (sky130_fd_sc_hd__dlygate4sd3_1)
                  0.08    0.44    0.99 ^ hold21/X (sky130_fd_sc_hd__dlygate4sd3_1)
     2    0.01                           net31 (net)
                  0.08    0.00    0.99 ^ _507_/A (sky130_fd_sc_hd__inv_2)
                  0.03    0.03    1.02 v _507_/Y (sky130_fd_sc_hd__inv_2)
     3    0.01                           _171_ (net)
                  0.03    0.00    1.02 v _511_/B1 (sky130_fd_sc_hd__o22a_1)
                  0.03    0.10    1.12 v _511_/X (sky130_fd_sc_hd__o22a_1)
     1    0.00                           _175_ (net)
                  0.03    0.00    1.12 v _513_/A2 (sky130_fd_sc_hd__a21o_1)
                  0.02    0.11    1.23 v _513_/X (sky130_fd_sc_hd__a21o_1)
     1    0.00                           _177_ (net)
                  0.02    0.00    1.23 v _514_/C1 (sky130_fd_sc_hd__o221a_1)
                  0.03    0.07    1.30 v _514_/X (sky130_fd_sc_hd__o221a_1)
     1    0.00                           _178_ (net)
                  0.03    0.00    1.30 v _517_/B1 (sky130_fd_sc_hd__o221a_1)
                  0.03    0.14    1.45 v _517_/X (sky130_fd_sc_hd__o221a_1)
     1    0.00                           _181_ (net)
                  0.03    0.00    1.45 v _518_/B2 (sky130_fd_sc_hd__o22a_1)
                  0.03    0.10    1.54 v _518_/X (sky130_fd_sc_hd__o22a_1)
     1    0.00                           _182_ (net)
                  0.03    0.00    1.54 v _519_/B1 (sky130_fd_sc_hd__a21o_1)
                  0.02    0.07    1.61 v _519_/X (sky130_fd_sc_hd__a21o_1)
     1    0.00                           net10 (net)
                  0.02    0.00    1.61 v output10/A (sky130_fd_sc_hd__buf_2)
                  0.06    0.12    1.73 v output10/X (sky130_fd_sc_hd__buf_2)
     1    0.03                           pwm2_out (net)
                  0.06    0.00    1.73 v pwm2_out (out)
                                  1.73   data arrival time

                         10.00   10.00   clock clk (rise edge)
                          0.00   10.00   clock network delay (propagated)
                         -0.25    9.75   clock uncertainty
                          0.00    9.75   clock reconvergence pessimism
                         -2.00    7.75   output external delay
                                  7.75   data required time
-----------------------------------------------------------------------------
                                  7.75   data required time
                                 -1.73   data arrival time
-----------------------------------------------------------------------------
                                  6.02   slack (MET)



======================= Slowest Corner ===================================

Startpoint: _888_ (rising edge-triggered flip-flop clocked by clk)
Endpoint: pwm2_out (output port clocked by clk)
Path Group: clk
Path Type: max
Corner: Slowest

Fanout     Cap    Slew   Delay    Time   Description
-----------------------------------------------------------------------------
                          0.00    0.00   clock clk (rise edge)
                          0.00    0.00   clock source latency
                  0.14    0.10    0.10 ^ clk (in)
     1    0.02                           clk (net)
                  0.14    0.00    0.10 ^ clkbuf_0_clk/A (sky130_fd_sc_hd__clkbuf_16)
                  0.17    0.36    0.46 ^ clkbuf_0_clk/X (sky130_fd_sc_hd__clkbuf_16)
     8    0.09                           clknet_0_clk (net)
                  0.17    0.00    0.46 ^ clkbuf_3_3__f_clk/A (sky130_fd_sc_hd__clkbuf_16)
                  0.10    0.31    0.77 ^ clkbuf_3_3__f_clk/X (sky130_fd_sc_hd__clkbuf_16)
    15    0.04                           clknet_3_3__leaf_clk (net)
                  0.10    0.00    0.77 ^ _888_/CLK (sky130_fd_sc_hd__dfxtp_1)
                  0.16    0.75    1.52 ^ _888_/Q (sky130_fd_sc_hd__dfxtp_1)
     3    0.01                           p2.counter[1] (net)
                  0.16    0.00    1.52 ^ hold21/A (sky130_fd_sc_hd__dlygate4sd3_1)
                  0.18    1.22    2.74 ^ hold21/X (sky130_fd_sc_hd__dlygate4sd3_1)
     2    0.01                           net31 (net)
                  0.18    0.00    2.74 ^ _507_/A (sky130_fd_sc_hd__inv_2)
                  0.06    0.12    2.86 v _507_/Y (sky130_fd_sc_hd__inv_2)
     3    0.01                           _171_ (net)
                  0.06    0.00    2.86 v _509_/A2 (sky130_fd_sc_hd__a22o_1)
                  0.07    0.42    3.28 v _509_/X (sky130_fd_sc_hd__a22o_1)
     1    0.00                           _173_ (net)
                  0.07    0.00    3.28 v _513_/A1 (sky130_fd_sc_hd__a21o_1)
                  0.06    0.30    3.58 v _513_/X (sky130_fd_sc_hd__a21o_1)
     1    0.00                           _177_ (net)
                  0.06    0.00    3.58 v _514_/C1 (sky130_fd_sc_hd__o221a_1)
                  0.10    0.23    3.81 v _514_/X (sky130_fd_sc_hd__o221a_1)
     1    0.00                           _178_ (net)
                  0.10    0.00    3.81 v _517_/B1 (sky130_fd_sc_hd__o221a_1)
                  0.10    0.46    4.27 v _517_/X (sky130_fd_sc_hd__o221a_1)
     1    0.00                           _181_ (net)
                  0.10    0.00    4.27 v _518_/B2 (sky130_fd_sc_hd__o22a_1)
                  0.09    0.34    4.60 v _518_/X (sky130_fd_sc_hd__o22a_1)
     1    0.00                           _182_ (net)
                  0.09    0.00    4.60 v _519_/B1 (sky130_fd_sc_hd__a21o_1)
                  0.06    0.30    4.90 v _519_/X (sky130_fd_sc_hd__a21o_1)
     1    0.00                           net10 (net)
                  0.06    0.00    4.90 v output10/A (sky130_fd_sc_hd__buf_2)
                  0.17    0.36    5.26 v output10/X (sky130_fd_sc_hd__buf_2)
     1    0.03                           pwm2_out (net)
                  0.17    0.00    5.26 v pwm2_out (out)
                                  5.26   data arrival time

                         10.00   10.00   clock clk (rise edge)
                          0.00   10.00   clock network delay (propagated)
                         -0.25    9.75   clock uncertainty
                          0.00    9.75   clock reconvergence pessimism
                         -2.00    7.75   output external delay
                                  7.75   data required time
-----------------------------------------------------------------------------
                                  7.75   data required time
                                 -5.26   data arrival time
-----------------------------------------------------------------------------
                                  2.49   slack (MET)



======================= Typical Corner ===================================

Startpoint: _888_ (rising edge-triggered flip-flop clocked by clk)
Endpoint: pwm2_out (output port clocked by clk)
Path Group: clk
Path Type: max
Corner: Typical

Fanout     Cap    Slew   Delay    Time   Description
-----------------------------------------------------------------------------
                          0.00    0.00   clock clk (rise edge)
                          0.00    0.00   clock source latency
                  0.09    0.07    0.07 ^ clk (in)
     1    0.02                           clk (net)
                  0.09    0.00    0.07 ^ clkbuf_0_clk/A (sky130_fd_sc_hd__clkbuf_16)
                  0.11    0.21    0.27 ^ clkbuf_0_clk/X (sky130_fd_sc_hd__clkbuf_16)
     8    0.09                           clknet_0_clk (net)
                  0.11    0.00    0.27 ^ clkbuf_3_3__f_clk/A (sky130_fd_sc_hd__clkbuf_16)
                  0.06    0.18    0.45 ^ clkbuf_3_3__f_clk/X (sky130_fd_sc_hd__clkbuf_16)
    15    0.04                           clknet_3_3__leaf_clk (net)
                  0.06    0.00    0.45 ^ _888_/CLK (sky130_fd_sc_hd__dfxtp_1)
                  0.10    0.37    0.82 ^ _888_/Q (sky130_fd_sc_hd__dfxtp_1)
     3    0.01                           p2.counter[1] (net)
                  0.10    0.00    0.82 ^ hold21/A (sky130_fd_sc_hd__dlygate4sd3_1)
                  0.11    0.63    1.46 ^ hold21/X (sky130_fd_sc_hd__dlygate4sd3_1)
     2    0.01                           net31 (net)
                  0.11    0.00    1.46 ^ _507_/A (sky130_fd_sc_hd__inv_2)
                  0.04    0.05    1.51 v _507_/Y (sky130_fd_sc_hd__inv_2)
     3    0.01                           _171_ (net)
                  0.04    0.00    1.51 v _509_/A2 (sky130_fd_sc_hd__a22o_1)
                  0.04    0.23    1.74 v _509_/X (sky130_fd_sc_hd__a22o_1)
     1    0.00                           _173_ (net)
                  0.04    0.00    1.74 v _513_/A1 (sky130_fd_sc_hd__a21o_1)
                  0.03    0.16    1.89 v _513_/X (sky130_fd_sc_hd__a21o_1)
     1    0.00                           _177_ (net)
                  0.03    0.00    1.89 v _514_/C1 (sky130_fd_sc_hd__o221a_1)
                  0.05    0.11    2.01 v _514_/X (sky130_fd_sc_hd__o221a_1)
     1    0.00                           _178_ (net)
                  0.05    0.00    2.01 v _517_/B1 (sky130_fd_sc_hd__o221a_1)
                  0.05    0.23    2.24 v _517_/X (sky130_fd_sc_hd__o221a_1)
     1    0.00                           _181_ (net)
                  0.05    0.00    2.24 v _518_/B2 (sky130_fd_sc_hd__o22a_1)
                  0.04    0.16    2.41 v _518_/X (sky130_fd_sc_hd__o22a_1)
     1    0.00                           _182_ (net)
                  0.04    0.00    2.41 v _519_/B1 (sky130_fd_sc_hd__a21o_1)
                  0.03    0.15    2.56 v _519_/X (sky130_fd_sc_hd__a21o_1)
     1    0.00                           net10 (net)
                  0.03    0.00    2.56 v output10/A (sky130_fd_sc_hd__buf_2)
                  0.09    0.18    2.74 v output10/X (sky130_fd_sc_hd__buf_2)
     1    0.03                           pwm2_out (net)
                  0.09    0.00    2.75 v pwm2_out (out)
                                  2.75   data arrival time

                         10.00   10.00   clock clk (rise edge)
                          0.00   10.00   clock network delay (propagated)
                         -0.25    9.75   clock uncertainty
                          0.00    9.75   clock reconvergence pessimism
                         -2.00    7.75   output external delay
                                  7.75   data required time
-----------------------------------------------------------------------------
                                  7.75   data required time
                                 -2.75   data arrival time
-----------------------------------------------------------------------------
                                  5.00   slack (MET)




===========================================================================
report_checks --slack_max -0.01
============================================================================
======================= Fastest Corner ===================================

No paths found.

======================= Slowest Corner ===================================

No paths found.

======================= Typical Corner ===================================

No paths found.


===========================================================================
 report_check_types -max_slew -max_cap -max_fanout -violators
============================================================================
======================= Fastest Corner ===================================

max fanout

Pin                                   Limit Fanout  Slack
---------------------------------------------------------
clkbuf_3_4__f_clk/X                      10     16     -6 (VIOLATED)
clkbuf_3_3__f_clk/X                      10     15     -5 (VIOLATED)
clkbuf_3_0__f_clk/X                      10     14     -4 (VIOLATED)
clkbuf_3_6__f_clk/X                      10     14     -4 (VIOLATED)
clkbuf_3_5__f_clk/X                      10     13     -3 (VIOLATED)
clkbuf_3_1__f_clk/X                      10     11        (VIOLATED)


======================= Slowest Corner ===================================

max fanout

Pin                                   Limit Fanout  Slack
---------------------------------------------------------
clkbuf_3_4__f_clk/X                      10     16     -6 (VIOLATED)
clkbuf_3_3__f_clk/X                      10     15     -5 (VIOLATED)
clkbuf_3_0__f_clk/X                      10     14     -4 (VIOLATED)
clkbuf_3_6__f_clk/X                      10     14     -4 (VIOLATED)
clkbuf_3_5__f_clk/X                      10     13     -3 (VIOLATED)
clkbuf_3_1__f_clk/X                      10     11        (VIOLATED)


======================= Typical Corner ===================================

max fanout

Pin                                   Limit Fanout  Slack
---------------------------------------------------------
clkbuf_3_4__f_clk/X                      10     16     -6 (VIOLATED)
clkbuf_3_3__f_clk/X                      10     15     -5 (VIOLATED)
clkbuf_3_0__f_clk/X                      10     14     -4 (VIOLATED)
clkbuf_3_6__f_clk/X                      10     14     -4 (VIOLATED)
clkbuf_3_5__f_clk/X                      10     13     -3 (VIOLATED)
clkbuf_3_1__f_clk/X                      10     11        (VIOLATED)



===========================================================================
report_parasitic_annotation -report_unannotated
============================================================================
Found 0 unannotated drivers.
Found 0 partially unannotated drivers.

===========================================================================
max slew violation count 0
max fanout violation count 6
max cap violation count 0
============================================================================

===========================================================================
check_setup -verbose -unconstrained_endpoints -multiple_clock -no_clock -no_input_delay -loops -generated_clocks
===========================================================================
Warning: There are 6 unclocked register/latch pins.
  _895_/GATE_N
  _896_/GATE_N
  _923_/GATE_N
  _932_/GATE_N
  _959_/GATE_N
  _968_/GATE_N
Warning: There are 6 unconstrained endpoints.
  _895_/D
  _896_/D
  _923_/D
  _932_/D
  _959_/D
  _968_/D
