
64. Printing statistics.

=== rgb_mixer ===

   Number of wires:                561
   Number of wire bits:            561
   Number of public wires:         119
   Number of public wire bits:     119
   Number of memories:               0
   Number of memory bits:            0
   Number of processes:              0
   Number of cells:                553
     sky130_fd_sc_hd__a2111oi_2      2
     sky130_fd_sc_hd__a211o_2        5
     sky130_fd_sc_hd__a21o_2         7
     sky130_fd_sc_hd__a21oi_2       29
     sky130_fd_sc_hd__a221oi_2       2
     sky130_fd_sc_hd__a22o_2         7
     sky130_fd_sc_hd__a311o_2        3
     sky130_fd_sc_hd__a311oi_2       2
     sky130_fd_sc_hd__a31o_2         7
     sky130_fd_sc_hd__and2_2        74
     sky130_fd_sc_hd__and2b_2       13
     sky130_fd_sc_hd__and3_2        26
     sky130_fd_sc_hd__and3b_2        1
     sky130_fd_sc_hd__and4_2         7
     sky130_fd_sc_hd__buf_1         83
     sky130_fd_sc_hd__dfxtp_2      102
     sky130_fd_sc_hd__dlxtn_1        6
     sky130_fd_sc_hd__inv_2         24
     sky130_fd_sc_hd__mux2_2         6
     sky130_fd_sc_hd__nand2_2        7
     sky130_fd_sc_hd__nor2_2        31
     sky130_fd_sc_hd__nor3_2         3
     sky130_fd_sc_hd__nor3b_2        1
     sky130_fd_sc_hd__o211a_2        3
     sky130_fd_sc_hd__o211ai_2       3
     sky130_fd_sc_hd__o21a_2        23
     sky130_fd_sc_hd__o21ai_2        6
     sky130_fd_sc_hd__o21ba_2        8
     sky130_fd_sc_hd__o221a_2        6
     sky130_fd_sc_hd__o22a_2         6
     sky130_fd_sc_hd__o22ai_2        3
     sky130_fd_sc_hd__o41a_2         2
     sky130_fd_sc_hd__or2_2         13
     sky130_fd_sc_hd__or2b_2         5
     sky130_fd_sc_hd__or4_2         15
     sky130_fd_sc_hd__xnor2_2       10
     sky130_fd_sc_hd__xor2_2         2

   Chip area for module '\rgb_mixer': 5617.888000

