OpenROAD 41a51eaf4ca2171c92ff38afb91eb37bbd3f36da 
This program is licensed under the BSD-3 license. See the LICENSE file for details.
Components of this program may be licensed under more restrictive licenses which must be honored.
[INFO ODB-0222] Reading LEF file: /openlane/designs/rgb_mixer/runs/RUN_2025.04.30_22.45.00/tmp/merged.min.lef
[WARNING ODB-0220] WARNING (LEFPARS-2036): SOURCE statement is obsolete in version 5.6 and later.
The LEF parser will ignore this statement.
To avoid this warning in the future, remove this statement from the LEF file with version 5.6 or later. See file /openlane/designs/rgb_mixer/runs/RUN_2025.04.30_22.45.00/tmp/merged.min.lef at line 930.

[INFO ODB-0223]     Created 13 technology layers
[INFO ODB-0224]     Created 25 technology vias
[INFO ODB-0225]     Created 441 library cells
[INFO ODB-0226] Finished LEF file:  /openlane/designs/rgb_mixer/runs/RUN_2025.04.30_22.45.00/tmp/merged.min.lef
[INFO ODB-0127] Reading DEF file: /openlane/designs/rgb_mixer/runs/RUN_2025.04.30_22.45.00/results/routing/rgb_mixer.def
[INFO ODB-0128] Design: rgb_mixer
[INFO ODB-0130]     Created 13 pins.
[INFO ODB-0131]     Created 1560 components and 7935 component-terminals.
[INFO ODB-0132]     Created 2 special nets and 5920 connections.
[INFO ODB-0133]     Created 656 nets and 2015 connections.
[INFO ODB-0134] Finished DEF file: /openlane/designs/rgb_mixer/runs/RUN_2025.04.30_22.45.00/results/routing/rgb_mixer.def
define_corners Typical
read_liberty -corner Typical /home/aanuoluwa/asic_tools/pdk/sky130A/libs.ref/sky130_fd_sc_hd/lib/sky130_fd_sc_hd__tt_025C_1v80.lib
Using 1e-12 for capacitance...
Using 1e+03 for resistance...
Using 1e-09 for time...
Using 1e+00 for voltage...
Using 1e-03 for current...
Using 1e-09 for power...
Using 1e-06 for distance...
Using RCX ruleset '/home/aanuoluwa/asic_tools/pdk/sky130A/libs.tech/openlane/rules.openrcx.sky130A.min.calibre'...
[INFO RCX-0431] Defined process_corner X with ext_model_index 0
[INFO RCX-0029] Defined extraction corner X
[INFO RCX-0008] extracting parasitics of rgb_mixer ...
[INFO RCX-0435] Reading extraction model file /home/aanuoluwa/asic_tools/pdk/sky130A/libs.tech/openlane/rules.openrcx.sky130A.min.calibre ...
[INFO RCX-0436] RC segment generation rgb_mixer (max_merge_res 50.0) ...
[INFO RCX-0040] Final 2083 rc segments
[INFO RCX-0439] Coupling Cap extraction rgb_mixer ...
[INFO RCX-0440] Coupling threshhold is 0.1000 fF, coupling capacitance less than 0.1000 fF will be grounded.
[INFO RCX-0043] 4271 wires to be extracted
[INFO RCX-0442] 52% completion -- 2234 wires have been extracted
[INFO RCX-0442] 100% completion -- 4271 wires have been extracted
[INFO RCX-0045] Extract 656 nets, 2739 rsegs, 2739 caps, 3470 ccs
[INFO RCX-0015] Finished extracting rgb_mixer.
Writing result to /openlane/designs/rgb_mixer/runs/RUN_2025.04.30_22.45.00/results/routing/mca/process_corner_min/rgb_mixer.spef...
Setting global connections for newly added cells…
[WARNING] Did not save OpenROAD database!
Writing extracted parasitics to '/openlane/designs/rgb_mixer/runs/RUN_2025.04.30_22.45.00/results/routing/mca/process_corner_min/rgb_mixer.spef'…
[INFO RCX-0016] Writing SPEF ...
[INFO RCX-0443] 656 nets finished
[INFO RCX-0017] Finished writing SPEF ...
