Netgen 1.5.255 compiled on Wed Jul 12 10:06:14 UTC 2023
Warning: netgen command 'format' use fully-qualified name '::netgen::format'
Warning: netgen command 'global' use fully-qualified name '::netgen::global'
Generating JSON file result
Reading netlist file /openlane/designs/rgb_mixer/runs/RUN_2025.04.30_22.45.00/results/signoff/rgb_mixer.spice
Reading netlist file /openlane/designs/rgb_mixer/runs/RUN_2025.04.30_22.45.00/tmp/signoff/36-rgb_mixer.pnl.v
Warning:  A case-insensitive file has been read and so the	verilog file must be treated case-insensitive to match.
Creating placeholder cell definition for module sky130_fd_sc_hd__decap_8.
Creating placeholder cell definition for module sky130_fd_sc_hd__fill_1.
Creating placeholder cell definition for module sky130_ef_sc_hd__decap_12.
Creating placeholder cell definition for module sky130_fd_sc_hd__decap_4.
Creating placeholder cell definition for module sky130_fd_sc_hd__decap_3.
Creating placeholder cell definition for module sky130_fd_sc_hd__fill_2.
Creating placeholder cell definition for module sky130_fd_sc_hd__decap_6.
Creating placeholder cell definition for module sky130_fd_sc_hd__tapvpwrvgnd_1.
Creating placeholder cell definition for module sky130_fd_sc_hd__and4_1.
Creating placeholder cell definition for module sky130_fd_sc_hd__and3_1.
Creating placeholder cell definition for module sky130_fd_sc_hd__clkbuf_1.
Creating placeholder cell definition for module sky130_fd_sc_hd__inv_2.
Creating placeholder cell definition for module sky130_fd_sc_hd__and2b_1.
Creating placeholder cell definition for module sky130_fd_sc_hd__a211o_1.
Creating placeholder cell definition for module sky130_fd_sc_hd__o22a_1.
Creating placeholder cell definition for module sky130_fd_sc_hd__a22o_1.
Creating placeholder cell definition for module sky130_fd_sc_hd__a21o_1.
Creating placeholder cell definition for module sky130_fd_sc_hd__o221a_1.
Creating placeholder cell definition for module sky130_fd_sc_hd__or2b_1.
Creating placeholder cell definition for module sky130_fd_sc_hd__a21oi_1.
Creating placeholder cell definition for module sky130_fd_sc_hd__or4_1.
Creating placeholder cell definition for module sky130_fd_sc_hd__o21ba_1.
Creating placeholder cell definition for module sky130_fd_sc_hd__buf_4.
Creating placeholder cell definition for module sky130_fd_sc_hd__nor2_1.
Creating placeholder cell definition for module sky130_fd_sc_hd__clkbuf_4.
Creating placeholder cell definition for module sky130_fd_sc_hd__nor3_1.
Creating placeholder cell definition for module sky130_fd_sc_hd__and2_1.
Creating placeholder cell definition for module sky130_fd_sc_hd__o21ai_1.
Creating placeholder cell definition for module sky130_fd_sc_hd__o21a_1.
Creating placeholder cell definition for module sky130_fd_sc_hd__buf_2.
Creating placeholder cell definition for module sky130_fd_sc_hd__mux2_1.
Creating placeholder cell definition for module sky130_fd_sc_hd__nor2_2.
Creating placeholder cell definition for module sky130_fd_sc_hd__or2_1.
Creating placeholder cell definition for module sky130_fd_sc_hd__xnor2_1.
Creating placeholder cell definition for module sky130_fd_sc_hd__a31o_1.
Creating placeholder cell definition for module sky130_fd_sc_hd__o41a_1.
Creating placeholder cell definition for module sky130_fd_sc_hd__o211a_1.
Creating placeholder cell definition for module sky130_fd_sc_hd__a311o_2.
Creating placeholder cell definition for module sky130_fd_sc_hd__nand2_1.
Creating placeholder cell definition for module sky130_fd_sc_hd__o211ai_2.
Creating placeholder cell definition for module sky130_fd_sc_hd__a221oi_4.
Creating placeholder cell definition for module sky130_fd_sc_hd__o22ai_1.
Creating placeholder cell definition for module sky130_fd_sc_hd__a2111oi_1.
Creating placeholder cell definition for module sky130_fd_sc_hd__a311oi_1.
Creating placeholder cell definition for module sky130_fd_sc_hd__clkbuf_2.
Creating placeholder cell definition for module sky130_fd_sc_hd__and3b_1.
Creating placeholder cell definition for module sky130_fd_sc_hd__xor2_1.
Creating placeholder cell definition for module sky130_fd_sc_hd__a311o_1.
Creating placeholder cell definition for module sky130_fd_sc_hd__o211ai_1.
Creating placeholder cell definition for module sky130_fd_sc_hd__nor3b_1.
Creating placeholder cell definition for module sky130_fd_sc_hd__dfxtp_1.
Creating placeholder cell definition for module sky130_fd_sc_hd__dlxtn_1.
Creating placeholder cell definition for module sky130_fd_sc_hd__clkbuf_16.
Creating placeholder cell definition for module sky130_fd_sc_hd__dlygate4sd3_1.
Creating placeholder cell definition for module sky130_fd_sc_hd__buf_1.

Reading setup file /home/aanuoluwa/asic_tools/pdk/sky130A/libs.tech/netgen/sky130A_setup.tcl

Comparison output logged to file /openlane/designs/rgb_mixer/runs/RUN_2025.04.30_22.45.00/logs/signoff/39-rgb_mixer.lef.lvs.log
Logging to file "/openlane/designs/rgb_mixer/runs/RUN_2025.04.30_22.45.00/logs/signoff/39-rgb_mixer.lef.lvs.log" enabled

Contents of circuit 1:  Circuit: 'sky130_fd_sc_hd__tapvpwrvgnd_1'
Circuit sky130_fd_sc_hd__tapvpwrvgnd_1 contains 0 device instances.
Circuit contains 0 nets, and 2 disconnected pins.
Contents of circuit 2:  Circuit: 'sky130_fd_sc_hd__tapvpwrvgnd_1'
Circuit sky130_fd_sc_hd__tapvpwrvgnd_1 contains 0 device instances.
Circuit contains 0 nets.

Circuit sky130_fd_sc_hd__tapvpwrvgnd_1 contains no devices.

Contents of circuit 1:  Circuit: 'sky130_fd_sc_hd__a21oi_1'
Circuit sky130_fd_sc_hd__a21oi_1 contains 0 device instances.
Circuit contains 0 nets, and 8 disconnected pins.
Contents of circuit 2:  Circuit: 'sky130_fd_sc_hd__a21oi_1'
Circuit sky130_fd_sc_hd__a21oi_1 contains 0 device instances.
Circuit contains 0 nets.

Circuit sky130_fd_sc_hd__a21oi_1 contains no devices.

Contents of circuit 1:  Circuit: 'sky130_fd_sc_hd__fill_2'
Circuit sky130_fd_sc_hd__fill_2 contains 0 device instances.
Circuit contains 0 nets, and 4 disconnected pins.
Contents of circuit 2:  Circuit: 'sky130_fd_sc_hd__fill_2'
Circuit sky130_fd_sc_hd__fill_2 contains 0 device instances.
Circuit contains 0 nets.

Circuit sky130_fd_sc_hd__fill_2 contains no devices.

Contents of circuit 1:  Circuit: 'sky130_fd_sc_hd__dfxtp_1'
Circuit sky130_fd_sc_hd__dfxtp_1 contains 0 device instances.
Circuit contains 0 nets, and 7 disconnected pins.
Contents of circuit 2:  Circuit: 'sky130_fd_sc_hd__dfxtp_1'
Circuit sky130_fd_sc_hd__dfxtp_1 contains 0 device instances.
Circuit contains 0 nets.

Circuit sky130_fd_sc_hd__dfxtp_1 contains no devices.

Contents of circuit 1:  Circuit: 'sky130_fd_sc_hd__fill_1'
Circuit sky130_fd_sc_hd__fill_1 contains 0 device instances.
Circuit contains 0 nets, and 4 disconnected pins.
Contents of circuit 2:  Circuit: 'sky130_fd_sc_hd__fill_1'
Circuit sky130_fd_sc_hd__fill_1 contains 0 device instances.
Circuit contains 0 nets.

Circuit sky130_fd_sc_hd__fill_1 contains no devices.

Contents of circuit 1:  Circuit: 'sky130_fd_sc_hd__decap_6'
Circuit sky130_fd_sc_hd__decap_6 contains 0 device instances.
Circuit contains 0 nets, and 4 disconnected pins.
Contents of circuit 2:  Circuit: 'sky130_fd_sc_hd__decap_6'
Circuit sky130_fd_sc_hd__decap_6 contains 0 device instances.
Circuit contains 0 nets.

Circuit sky130_fd_sc_hd__decap_6 contains no devices.

Contents of circuit 1:  Circuit: 'sky130_fd_sc_hd__dlxtn_1'
Circuit sky130_fd_sc_hd__dlxtn_1 contains 0 device instances.
Circuit contains 0 nets, and 7 disconnected pins.
Contents of circuit 2:  Circuit: 'sky130_fd_sc_hd__dlxtn_1'
Circuit sky130_fd_sc_hd__dlxtn_1 contains 0 device instances.
Circuit contains 0 nets.

Circuit sky130_fd_sc_hd__dlxtn_1 contains no devices.

Contents of circuit 1:  Circuit: 'sky130_fd_sc_hd__decap_8'
Circuit sky130_fd_sc_hd__decap_8 contains 0 device instances.
Circuit contains 0 nets, and 4 disconnected pins.
Contents of circuit 2:  Circuit: 'sky130_fd_sc_hd__decap_8'
Circuit sky130_fd_sc_hd__decap_8 contains 0 device instances.
Circuit contains 0 nets.

Circuit sky130_fd_sc_hd__decap_8 contains no devices.

Contents of circuit 1:  Circuit: 'sky130_ef_sc_hd__decap_12'
Circuit sky130_ef_sc_hd__decap_12 contains 0 device instances.
Circuit contains 0 nets, and 4 disconnected pins.
Contents of circuit 2:  Circuit: 'sky130_ef_sc_hd__decap_12'
Circuit sky130_ef_sc_hd__decap_12 contains 0 device instances.
Circuit contains 0 nets.

Circuit sky130_ef_sc_hd__decap_12 contains no devices.

Contents of circuit 1:  Circuit: 'sky130_fd_sc_hd__decap_4'
Circuit sky130_fd_sc_hd__decap_4 contains 0 device instances.
Circuit contains 0 nets, and 4 disconnected pins.
Contents of circuit 2:  Circuit: 'sky130_fd_sc_hd__decap_4'
Circuit sky130_fd_sc_hd__decap_4 contains 0 device instances.
Circuit contains 0 nets.

Circuit sky130_fd_sc_hd__decap_4 contains no devices.

Contents of circuit 1:  Circuit: 'sky130_fd_sc_hd__decap_3'
Circuit sky130_fd_sc_hd__decap_3 contains 0 device instances.
Circuit contains 0 nets, and 4 disconnected pins.
Contents of circuit 2:  Circuit: 'sky130_fd_sc_hd__decap_3'
Circuit sky130_fd_sc_hd__decap_3 contains 0 device instances.
Circuit contains 0 nets.

Circuit sky130_fd_sc_hd__decap_3 contains no devices.

Contents of circuit 1:  Circuit: 'sky130_fd_sc_hd__clkbuf_1'
Circuit sky130_fd_sc_hd__clkbuf_1 contains 0 device instances.
Circuit contains 0 nets, and 6 disconnected pins.
Contents of circuit 2:  Circuit: 'sky130_fd_sc_hd__clkbuf_1'
Circuit sky130_fd_sc_hd__clkbuf_1 contains 0 device instances.
Circuit contains 0 nets.

Circuit sky130_fd_sc_hd__clkbuf_1 contains no devices.

Contents of circuit 1:  Circuit: 'sky130_fd_sc_hd__o21a_1'
Circuit sky130_fd_sc_hd__o21a_1 contains 0 device instances.
Circuit contains 0 nets, and 8 disconnected pins.
Contents of circuit 2:  Circuit: 'sky130_fd_sc_hd__o21a_1'
Circuit sky130_fd_sc_hd__o21a_1 contains 0 device instances.
Circuit contains 0 nets.

Circuit sky130_fd_sc_hd__o21a_1 contains no devices.

Contents of circuit 1:  Circuit: 'sky130_fd_sc_hd__dlygate4sd3_1'
Circuit sky130_fd_sc_hd__dlygate4sd3_1 contains 0 device instances.
Circuit contains 0 nets, and 6 disconnected pins.
Contents of circuit 2:  Circuit: 'sky130_fd_sc_hd__dlygate4sd3_1'
Circuit sky130_fd_sc_hd__dlygate4sd3_1 contains 0 device instances.
Circuit contains 0 nets.

Circuit sky130_fd_sc_hd__dlygate4sd3_1 contains no devices.

Contents of circuit 1:  Circuit: 'sky130_fd_sc_hd__buf_1'
Circuit sky130_fd_sc_hd__buf_1 contains 0 device instances.
Circuit contains 0 nets, and 6 disconnected pins.
Contents of circuit 2:  Circuit: 'sky130_fd_sc_hd__buf_1'
Circuit sky130_fd_sc_hd__buf_1 contains 0 device instances.
Circuit contains 0 nets.

Circuit sky130_fd_sc_hd__buf_1 contains no devices.

Contents of circuit 1:  Circuit: 'sky130_fd_sc_hd__and2_1'
Circuit sky130_fd_sc_hd__and2_1 contains 0 device instances.
Circuit contains 0 nets, and 7 disconnected pins.
Contents of circuit 2:  Circuit: 'sky130_fd_sc_hd__and2_1'
Circuit sky130_fd_sc_hd__and2_1 contains 0 device instances.
Circuit contains 0 nets.

Circuit sky130_fd_sc_hd__and2_1 contains no devices.

Contents of circuit 1:  Circuit: 'sky130_fd_sc_hd__o211ai_2'
Circuit sky130_fd_sc_hd__o211ai_2 contains 0 device instances.
Circuit contains 0 nets, and 9 disconnected pins.
Contents of circuit 2:  Circuit: 'sky130_fd_sc_hd__o211ai_2'
Circuit sky130_fd_sc_hd__o211ai_2 contains 0 device instances.
Circuit contains 0 nets.

Circuit sky130_fd_sc_hd__o211ai_2 contains no devices.

Contents of circuit 1:  Circuit: 'sky130_fd_sc_hd__and2b_1'
Circuit sky130_fd_sc_hd__and2b_1 contains 0 device instances.
Circuit contains 0 nets, and 7 disconnected pins.
Contents of circuit 2:  Circuit: 'sky130_fd_sc_hd__and2b_1'
Circuit sky130_fd_sc_hd__and2b_1 contains 0 device instances.
Circuit contains 0 nets.

Circuit sky130_fd_sc_hd__and2b_1 contains no devices.

Contents of circuit 1:  Circuit: 'sky130_fd_sc_hd__o22a_1'
Circuit sky130_fd_sc_hd__o22a_1 contains 0 device instances.
Circuit contains 0 nets, and 9 disconnected pins.
Contents of circuit 2:  Circuit: 'sky130_fd_sc_hd__o22a_1'
Circuit sky130_fd_sc_hd__o22a_1 contains 0 device instances.
Circuit contains 0 nets.

Circuit sky130_fd_sc_hd__o22a_1 contains no devices.

Contents of circuit 1:  Circuit: 'sky130_fd_sc_hd__clkbuf_16'
Circuit sky131_fd_sc_hd__clkbuf_16 contains 0 device instances.
Circuit contains 0 nets, and 6 disconnected pins.
Contents of circuit 2:  Circuit: 'sky130_fd_sc_hd__clkbuf_16'
Circuit sky130_fd_sc_hd__clkbuf_16 contains 0 device instances.
Circuit contains 0 nets.

Circuit sky130_fd_sc_hd__clkbuf_16 contains no devices.

Contents of circuit 1:  Circuit: 'sky130_fd_sc_hd__nand2_1'
Circuit sky130_fd_sc_hd__nand2_1 contains 0 device instances.
Circuit contains 0 nets, and 7 disconnected pins.
Contents of circuit 2:  Circuit: 'sky130_fd_sc_hd__nand2_1'
Circuit sky130_fd_sc_hd__nand2_1 contains 0 device instances.
Circuit contains 0 nets.

Circuit sky130_fd_sc_hd__nand2_1 contains no devices.

Contents of circuit 1:  Circuit: 'sky130_fd_sc_hd__nor2_1'
Circuit sky130_fd_sc_hd__nor2_1 contains 0 device instances.
Circuit contains 0 nets, and 7 disconnected pins.
Contents of circuit 2:  Circuit: 'sky130_fd_sc_hd__nor2_1'
Circuit sky130_fd_sc_hd__nor2_1 contains 0 device instances.
Circuit contains 0 nets.

Circuit sky130_fd_sc_hd__nor2_1 contains no devices.

Contents of circuit 1:  Circuit: 'sky130_fd_sc_hd__buf_2'
Circuit sky130_fd_sc_hd__buf_2 contains 0 device instances.
Circuit contains 0 nets, and 6 disconnected pins.
Contents of circuit 2:  Circuit: 'sky130_fd_sc_hd__buf_2'
Circuit sky130_fd_sc_hd__buf_2 contains 0 device instances.
Circuit contains 0 nets.

Circuit sky130_fd_sc_hd__buf_2 contains no devices.

Contents of circuit 1:  Circuit: 'sky130_fd_sc_hd__or2_1'
Circuit sky130_fd_sc_hd__or2_1 contains 0 device instances.
Circuit contains 0 nets, and 7 disconnected pins.
Contents of circuit 2:  Circuit: 'sky130_fd_sc_hd__or2_1'
Circuit sky130_fd_sc_hd__or2_1 contains 0 device instances.
Circuit contains 0 nets.

Circuit sky130_fd_sc_hd__or2_1 contains no devices.

Contents of circuit 1:  Circuit: 'sky130_fd_sc_hd__clkbuf_4'
Circuit sky130_fd_sc_hd__clkbuf_4 contains 0 device instances.
Circuit contains 0 nets, and 6 disconnected pins.
Contents of circuit 2:  Circuit: 'sky130_fd_sc_hd__clkbuf_4'
Circuit sky130_fd_sc_hd__clkbuf_4 contains 0 device instances.
Circuit contains 0 nets.

Circuit sky130_fd_sc_hd__clkbuf_4 contains no devices.

Contents of circuit 1:  Circuit: 'sky130_fd_sc_hd__and3_1'
Circuit sky130_fd_sc_hd__and3_1 contains 0 device instances.
Circuit contains 0 nets, and 8 disconnected pins.
Contents of circuit 2:  Circuit: 'sky130_fd_sc_hd__and3_1'
Circuit sky130_fd_sc_hd__and3_1 contains 0 device instances.
Circuit contains 0 nets.

Circuit sky130_fd_sc_hd__and3_1 contains no devices.

Contents of circuit 1:  Circuit: 'sky130_fd_sc_hd__a311o_2'
Circuit sky130_fd_sc_hd__a311o_2 contains 0 device instances.
Circuit contains 0 nets, and 10 disconnected pins.
Contents of circuit 2:  Circuit: 'sky130_fd_sc_hd__a311o_2'
Circuit sky130_fd_sc_hd__a311o_2 contains 0 device instances.
Circuit contains 0 nets.

Circuit sky130_fd_sc_hd__a311o_2 contains no devices.

Contents of circuit 1:  Circuit: 'sky130_fd_sc_hd__or4_1'
Circuit sky130_fd_sc_hd__or4_1 contains 0 device instances.
Circuit contains 0 nets, and 9 disconnected pins.
Contents of circuit 2:  Circuit: 'sky130_fd_sc_hd__or4_1'
Circuit sky130_fd_sc_hd__or4_1 contains 0 device instances.
Circuit contains 0 nets.

Circuit sky130_fd_sc_hd__or4_1 contains no devices.

Contents of circuit 1:  Circuit: 'sky130_fd_sc_hd__inv_2'
Circuit sky130_fd_sc_hd__inv_2 contains 0 device instances.
Circuit contains 0 nets, and 6 disconnected pins.
Contents of circuit 2:  Circuit: 'sky130_fd_sc_hd__inv_2'
Circuit sky130_fd_sc_hd__inv_2 contains 0 device instances.
Circuit contains 0 nets.

Circuit sky130_fd_sc_hd__inv_2 contains no devices.

Contents of circuit 1:  Circuit: 'sky130_fd_sc_hd__o21ba_1'
Circuit sky130_fd_sc_hd__o21ba_1 contains 0 device instances.
Circuit contains 0 nets, and 8 disconnected pins.
Contents of circuit 2:  Circuit: 'sky130_fd_sc_hd__o21ba_1'
Circuit sky130_fd_sc_hd__o21ba_1 contains 0 device instances.
Circuit contains 0 nets.

Circuit sky130_fd_sc_hd__o21ba_1 contains no devices.

Contents of circuit 1:  Circuit: 'sky130_fd_sc_hd__o22ai_1'
Circuit sky130_fd_sc_hd__o22ai_1 contains 0 device instances.
Circuit contains 0 nets, and 9 disconnected pins.
Contents of circuit 2:  Circuit: 'sky130_fd_sc_hd__o22ai_1'
Circuit sky130_fd_sc_hd__o22ai_1 contains 0 device instances.
Circuit contains 0 nets.

Circuit sky130_fd_sc_hd__o22ai_1 contains no devices.

Contents of circuit 1:  Circuit: 'sky130_fd_sc_hd__xnor2_1'
Circuit sky130_fd_sc_hd__xnor2_1 contains 0 device instances.
Circuit contains 0 nets, and 7 disconnected pins.
Contents of circuit 2:  Circuit: 'sky130_fd_sc_hd__xnor2_1'
Circuit sky130_fd_sc_hd__xnor2_1 contains 0 device instances.
Circuit contains 0 nets.

Circuit sky130_fd_sc_hd__xnor2_1 contains no devices.

Contents of circuit 1:  Circuit: 'sky130_fd_sc_hd__o21ai_1'
Circuit sky130_fd_sc_hd__o21ai_1 contains 0 device instances.
Circuit contains 0 nets, and 8 disconnected pins.
Contents of circuit 2:  Circuit: 'sky130_fd_sc_hd__o21ai_1'
Circuit sky130_fd_sc_hd__o21ai_1 contains 0 device instances.
Circuit contains 0 nets.

Circuit sky130_fd_sc_hd__o21ai_1 contains no devices.

Contents of circuit 1:  Circuit: 'sky130_fd_sc_hd__a221oi_4'
Circuit sky130_fd_sc_hd__a221oi_4 contains 0 device instances.
Circuit contains 0 nets, and 10 disconnected pins.
Contents of circuit 2:  Circuit: 'sky130_fd_sc_hd__a221oi_4'
Circuit sky130_fd_sc_hd__a221oi_4 contains 0 device instances.
Circuit contains 0 nets.

Circuit sky130_fd_sc_hd__a221oi_4 contains no devices.

Contents of circuit 1:  Circuit: 'sky130_fd_sc_hd__o41a_1'
Circuit sky130_fd_sc_hd__o41a_1 contains 0 device instances.
Circuit contains 0 nets, and 10 disconnected pins.
Contents of circuit 2:  Circuit: 'sky130_fd_sc_hd__o41a_1'
Circuit sky130_fd_sc_hd__o41a_1 contains 0 device instances.
Circuit contains 0 nets.

Circuit sky130_fd_sc_hd__o41a_1 contains no devices.

Contents of circuit 1:  Circuit: 'sky130_fd_sc_hd__a311o_1'
Circuit sky130_fd_sc_hd__a311o_1 contains 0 device instances.
Circuit contains 0 nets, and 10 disconnected pins.
Contents of circuit 2:  Circuit: 'sky130_fd_sc_hd__a311o_1'
Circuit sky130_fd_sc_hd__a311o_1 contains 0 device instances.
Circuit contains 0 nets.

Circuit sky130_fd_sc_hd__a311o_1 contains no devices.

Contents of circuit 1:  Circuit: 'sky130_fd_sc_hd__buf_4'
Circuit sky130_fd_sc_hd__buf_4 contains 0 device instances.
Circuit contains 0 nets, and 6 disconnected pins.
Contents of circuit 2:  Circuit: 'sky130_fd_sc_hd__buf_4'
Circuit sky130_fd_sc_hd__buf_4 contains 0 device instances.
Circuit contains 0 nets.

Circuit sky130_fd_sc_hd__buf_4 contains no devices.

Contents of circuit 1:  Circuit: 'sky130_fd_sc_hd__nor3_1'
Circuit sky130_fd_sc_hd__nor3_1 contains 0 device instances.
Circuit contains 0 nets, and 8 disconnected pins.
Contents of circuit 2:  Circuit: 'sky130_fd_sc_hd__nor3_1'
Circuit sky130_fd_sc_hd__nor3_1 contains 0 device instances.
Circuit contains 0 nets.

Circuit sky130_fd_sc_hd__nor3_1 contains no devices.

Contents of circuit 1:  Circuit: 'sky130_fd_sc_hd__o211a_1'
Circuit sky130_fd_sc_hd__o211a_1 contains 0 device instances.
Circuit contains 0 nets, and 9 disconnected pins.
Contents of circuit 2:  Circuit: 'sky130_fd_sc_hd__o211a_1'
Circuit sky130_fd_sc_hd__o211a_1 contains 0 device instances.
Circuit contains 0 nets.

Circuit sky130_fd_sc_hd__o211a_1 contains no devices.

Contents of circuit 1:  Circuit: 'sky130_fd_sc_hd__a21o_1'
Circuit sky130_fd_sc_hd__a21o_1 contains 0 device instances.
Circuit contains 0 nets, and 8 disconnected pins.
Contents of circuit 2:  Circuit: 'sky130_fd_sc_hd__a21o_1'
Circuit sky130_fd_sc_hd__a21o_1 contains 0 device instances.
Circuit contains 0 nets.

Circuit sky130_fd_sc_hd__a21o_1 contains no devices.

Contents of circuit 1:  Circuit: 'sky130_fd_sc_hd__clkbuf_2'
Circuit sky130_fd_sc_hd__clkbuf_2 contains 0 device instances.
Circuit contains 0 nets, and 6 disconnected pins.
Contents of circuit 2:  Circuit: 'sky130_fd_sc_hd__clkbuf_2'
Circuit sky130_fd_sc_hd__clkbuf_2 contains 0 device instances.
Circuit contains 0 nets.

Circuit sky130_fd_sc_hd__clkbuf_2 contains no devices.

Contents of circuit 1:  Circuit: 'sky130_fd_sc_hd__a31o_1'
Circuit sky130_fd_sc_hd__a31o_1 contains 0 device instances.
Circuit contains 0 nets, and 9 disconnected pins.
Contents of circuit 2:  Circuit: 'sky130_fd_sc_hd__a31o_1'
Circuit sky130_fd_sc_hd__a31o_1 contains 0 device instances.
Circuit contains 0 nets.

Circuit sky130_fd_sc_hd__a31o_1 contains no devices.

Contents of circuit 1:  Circuit: 'sky130_fd_sc_hd__a311oi_1'
Circuit sky130_fd_sc_hd__a311oi_1 contains 0 device instances.
Circuit contains 0 nets, and 10 disconnected pins.
Contents of circuit 2:  Circuit: 'sky130_fd_sc_hd__a311oi_1'
Circuit sky130_fd_sc_hd__a311oi_1 contains 0 device instances.
Circuit contains 0 nets.

Circuit sky130_fd_sc_hd__a311oi_1 contains no devices.

Contents of circuit 1:  Circuit: 'sky130_fd_sc_hd__nor2_2'
Circuit sky130_fd_sc_hd__nor2_2 contains 0 device instances.
Circuit contains 0 nets, and 7 disconnected pins.
Contents of circuit 2:  Circuit: 'sky130_fd_sc_hd__nor2_2'
Circuit sky130_fd_sc_hd__nor2_2 contains 0 device instances.
Circuit contains 0 nets.

Circuit sky130_fd_sc_hd__nor2_2 contains no devices.

Contents of circuit 1:  Circuit: 'sky130_fd_sc_hd__o221a_1'
Circuit sky130_fd_sc_hd__o221a_1 contains 0 device instances.
Circuit contains 0 nets, and 10 disconnected pins.
Contents of circuit 2:  Circuit: 'sky130_fd_sc_hd__o221a_1'
Circuit sky130_fd_sc_hd__o221a_1 contains 0 device instances.
Circuit contains 0 nets.

Circuit sky130_fd_sc_hd__o221a_1 contains no devices.

Contents of circuit 1:  Circuit: 'sky130_fd_sc_hd__a2111oi_1'
Circuit sky130_fd_sc_hd__a2111oi_1 contains 0 device instances.
Circuit contains 0 nets, and 10 disconnected pins.
Contents of circuit 2:  Circuit: 'sky130_fd_sc_hd__a2111oi_1'
Circuit sky130_fd_sc_hd__a2111oi_1 contains 0 device instances.
Circuit contains 0 nets.

Circuit sky130_fd_sc_hd__a2111oi_1 contains no devices.

Contents of circuit 1:  Circuit: 'sky130_fd_sc_hd__or2b_1'
Circuit sky130_fd_sc_hd__or2b_1 contains 0 device instances.
Circuit contains 0 nets, and 7 disconnected pins.
Contents of circuit 2:  Circuit: 'sky130_fd_sc_hd__or2b_1'
Circuit sky130_fd_sc_hd__or2b_1 contains 0 device instances.
Circuit contains 0 nets.

Circuit sky130_fd_sc_hd__or2b_1 contains no devices.

Contents of circuit 1:  Circuit: 'sky130_fd_sc_hd__xor2_1'
Circuit sky130_fd_sc_hd__xor2_1 contains 0 device instances.
Circuit contains 0 nets, and 7 disconnected pins.
Contents of circuit 2:  Circuit: 'sky130_fd_sc_hd__xor2_1'
Circuit sky130_fd_sc_hd__xor2_1 contains 0 device instances.
Circuit contains 0 nets.

Circuit sky130_fd_sc_hd__xor2_1 contains no devices.

Contents of circuit 1:  Circuit: 'sky130_fd_sc_hd__mux2_1'
Circuit sky130_fd_sc_hd__mux2_1 contains 0 device instances.
Circuit contains 0 nets, and 8 disconnected pins.
Contents of circuit 2:  Circuit: 'sky130_fd_sc_hd__mux2_1'
Circuit sky130_fd_sc_hd__mux2_1 contains 0 device instances.
Circuit contains 0 nets.

Circuit sky130_fd_sc_hd__mux2_1 contains no devices.

Contents of circuit 1:  Circuit: 'sky130_fd_sc_hd__a22o_1'
Circuit sky130_fd_sc_hd__a22o_1 contains 0 device instances.
Circuit contains 0 nets, and 9 disconnected pins.
Contents of circuit 2:  Circuit: 'sky130_fd_sc_hd__a22o_1'
Circuit sky130_fd_sc_hd__a22o_1 contains 0 device instances.
Circuit contains 0 nets.

Circuit sky130_fd_sc_hd__a22o_1 contains no devices.

Contents of circuit 1:  Circuit: 'sky130_fd_sc_hd__and4_1'
Circuit sky130_fd_sc_hd__and4_1 contains 0 device instances.
Circuit contains 0 nets, and 9 disconnected pins.
Contents of circuit 2:  Circuit: 'sky130_fd_sc_hd__and4_1'
Circuit sky130_fd_sc_hd__and4_1 contains 0 device instances.
Circuit contains 0 nets.

Circuit sky130_fd_sc_hd__and4_1 contains no devices.

Contents of circuit 1:  Circuit: 'sky130_fd_sc_hd__a211o_1'
Circuit sky130_fd_sc_hd__a211o_1 contains 0 device instances.
Circuit contains 0 nets, and 9 disconnected pins.
Contents of circuit 2:  Circuit: 'sky130_fd_sc_hd__a211o_1'
Circuit sky130_fd_sc_hd__a211o_1 contains 0 device instances.
Circuit contains 0 nets.

Circuit sky130_fd_sc_hd__a211o_1 contains no devices.

Contents of circuit 1:  Circuit: 'sky130_fd_sc_hd__nor3b_1'
Circuit sky130_fd_sc_hd__nor3b_1 contains 0 device instances.
Circuit contains 0 nets, and 8 disconnected pins.
Contents of circuit 2:  Circuit: 'sky130_fd_sc_hd__nor3b_1'
Circuit sky130_fd_sc_hd__nor3b_1 contains 0 device instances.
Circuit contains 0 nets.

Circuit sky130_fd_sc_hd__nor3b_1 contains no devices.

Contents of circuit 1:  Circuit: 'sky130_fd_sc_hd__o211ai_1'
Circuit sky130_fd_sc_hd__o211ai_1 contains 0 device instances.
Circuit contains 0 nets, and 9 disconnected pins.
Contents of circuit 2:  Circuit: 'sky130_fd_sc_hd__o211ai_1'
Circuit sky130_fd_sc_hd__o211ai_1 contains 0 device instances.
Circuit contains 0 nets.

Circuit sky130_fd_sc_hd__o211ai_1 contains no devices.

Contents of circuit 1:  Circuit: 'sky130_fd_sc_hd__and3b_1'
Circuit sky130_fd_sc_hd__and3b_1 contains 0 device instances.
Circuit contains 0 nets, and 8 disconnected pins.
Contents of circuit 2:  Circuit: 'sky130_fd_sc_hd__and3b_1'
Circuit sky130_fd_sc_hd__and3b_1 contains 0 device instances.
Circuit contains 0 nets.

Circuit sky130_fd_sc_hd__and3b_1 contains no devices.

Contents of circuit 1:  Circuit: 'rgb_mixer'
Circuit rgb_mixer contains 1560 device instances.
  Class: sky130_fd_sc_hd__a31o_1 instances:   7
  Class: sky130_fd_sc_hd__a21o_1 instances:   7
  Class: sky130_fd_sc_hd__clkbuf_16 instances:   9
  Class: sky130_fd_sc_hd__dfxtp_1 instances: 102
  Class: sky130_fd_sc_hd__or4_1 instances:  15
  Class: sky130_fd_sc_hd__buf_1 instances:   4
  Class: sky130_fd_sc_hd__buf_2 instances:  11
  Class: sky130_fd_sc_hd__buf_4 instances:   1
  Class: sky130_fd_sc_hd__and3b_1 instances:   1
  Class: sky130_fd_sc_hd__xor2_1 instances:   2
  Class: sky130_ef_sc_hd__decap_12 instances: 158
  Class: sky130_fd_sc_hd__and4_1 instances:   7
  Class: sky130_fd_sc_hd__inv_2 instances:  24
  Class: sky130_fd_sc_hd__clkbuf_1 instances:  69
  Class: sky130_fd_sc_hd__clkbuf_2 instances:   2
  Class: sky130_fd_sc_hd__clkbuf_4 instances:   8
  Class: sky130_fd_sc_hd__o21ba_1 instances:   8
  Class: sky130_fd_sc_hd__and2b_1 instances:  13
  Class: sky130_fd_sc_hd__a221oi_4 instances:   2
  Class: sky130_fd_sc_hd__and3_1 instances:  26
  Class: sky130_fd_sc_hd__decap_3 instances: 146
  Class: sky130_fd_sc_hd__decap_4 instances:  66
  Class: sky130_fd_sc_hd__decap_6 instances:  44
  Class: sky130_fd_sc_hd__decap_8 instances:  72
  Class: sky130_fd_sc_hd__dlygate4sd3_1 instances:  74
  Class: sky130_fd_sc_hd__or2_1 instances:  13
  Class: sky130_fd_sc_hd__a2111oi_1 instances:   2
  Class: sky130_fd_sc_hd__nand2_1 instances:   7
  Class: sky130_fd_sc_hd__mux2_1 instances:   6
  Class: sky130_fd_sc_hd__and2_1 instances:  74
  Class: sky130_fd_sc_hd__o22a_1 instances:   6
  Class: sky130_fd_sc_hd__xnor2_1 instances:  10
  Class: sky130_fd_sc_hd__nor3b_1 instances:   1
  Class: sky130_fd_sc_hd__o221a_1 instances:   6
  Class: sky130_fd_sc_hd__dlxtn_1 instances:   6
  Class: sky130_fd_sc_hd__o211a_1 instances:   3
  Class: sky130_fd_sc_hd__a311oi_1 instances:   2
  Class: sky130_fd_sc_hd__a211o_1 instances:   5
  Class: sky130_fd_sc_hd__nor3_1 instances:   3
  Class: sky130_fd_sc_hd__o41a_1 instances:   2
  Class: sky130_fd_sc_hd__a22o_1 instances:   7
  Class: sky130_fd_sc_hd__o21a_1 instances:  23
  Class: sky130_fd_sc_hd__o22ai_1 instances:   3
  Class: sky130_fd_sc_hd__o21ai_1 instances:   6
  Class: sky130_fd_sc_hd__tapvpwrvgnd_1 instances: 160
  Class: sky130_fd_sc_hd__a21oi_1 instances:  29
  Class: sky130_fd_sc_hd__a311o_1 instances:   1
  Class: sky130_fd_sc_hd__a311o_2 instances:   2
  Class: sky130_fd_sc_hd__fill_1 instances: 150
  Class: sky130_fd_sc_hd__fill_2 instances: 116
  Class: sky130_fd_sc_hd__o211ai_1 instances:   1
  Class: sky130_fd_sc_hd__o211ai_2 instances:   2
  Class: sky130_fd_sc_hd__or2b_1 instances:   5
  Class: sky130_fd_sc_hd__nor2_1 instances:  29
  Class: sky130_fd_sc_hd__nor2_2 instances:   2
Circuit contains 658 nets.
Contents of circuit 2:  Circuit: 'rgb_mixer'
Circuit rgb_mixer contains 1560 device instances.
  Class: sky130_fd_sc_hd__a31o_1 instances:   7
  Class: sky130_fd_sc_hd__a21o_1 instances:   7
  Class: sky130_fd_sc_hd__clkbuf_16 instances:   9
  Class: sky130_fd_sc_hd__dfxtp_1 instances: 102
  Class: sky130_fd_sc_hd__or4_1 instances:  15
  Class: sky130_fd_sc_hd__buf_1 instances:   4
  Class: sky130_fd_sc_hd__buf_2 instances:  11
  Class: sky130_fd_sc_hd__buf_4 instances:   1
  Class: sky130_fd_sc_hd__and3b_1 instances:   1
  Class: sky130_fd_sc_hd__xor2_1 instances:   2
  Class: sky130_ef_sc_hd__decap_12 instances: 158
  Class: sky130_fd_sc_hd__and4_1 instances:   7
  Class: sky130_fd_sc_hd__inv_2 instances:  24
  Class: sky130_fd_sc_hd__clkbuf_1 instances:  69
  Class: sky130_fd_sc_hd__clkbuf_2 instances:   2
  Class: sky130_fd_sc_hd__clkbuf_4 instances:   8
  Class: sky130_fd_sc_hd__o21ba_1 instances:   8
  Class: sky130_fd_sc_hd__and2b_1 instances:  13
  Class: sky130_fd_sc_hd__a221oi_4 instances:   2
  Class: sky130_fd_sc_hd__and3_1 instances:  26
  Class: sky130_fd_sc_hd__decap_3 instances: 146
  Class: sky130_fd_sc_hd__decap_4 instances:  66
  Class: sky130_fd_sc_hd__decap_6 instances:  44
  Class: sky130_fd_sc_hd__decap_8 instances:  72
  Class: sky130_fd_sc_hd__dlygate4sd3_1 instances:  74
  Class: sky130_fd_sc_hd__or2_1 instances:  13
  Class: sky130_fd_sc_hd__a2111oi_1 instances:   2
  Class: sky130_fd_sc_hd__nand2_1 instances:   7
  Class: sky130_fd_sc_hd__mux2_1 instances:   6
  Class: sky130_fd_sc_hd__and2_1 instances:  74
  Class: sky130_fd_sc_hd__o22a_1 instances:   6
  Class: sky130_fd_sc_hd__xnor2_1 instances:  10
  Class: sky130_fd_sc_hd__nor3b_1 instances:   1
  Class: sky130_fd_sc_hd__o221a_1 instances:   6
  Class: sky130_fd_sc_hd__dlxtn_1 instances:   6
  Class: sky130_fd_sc_hd__o211a_1 instances:   3
  Class: sky130_fd_sc_hd__a311oi_1 instances:   2
  Class: sky130_fd_sc_hd__a211o_1 instances:   5
  Class: sky130_fd_sc_hd__nor3_1 instances:   3
  Class: sky130_fd_sc_hd__o41a_1 instances:   2
  Class: sky130_fd_sc_hd__a22o_1 instances:   7
  Class: sky130_fd_sc_hd__o21a_1 instances:  23
  Class: sky130_fd_sc_hd__o22ai_1 instances:   3
  Class: sky130_fd_sc_hd__o21ai_1 instances:   6
  Class: sky130_fd_sc_hd__tapvpwrvgnd_1 instances: 160
  Class: sky130_fd_sc_hd__a21oi_1 instances:  29
  Class: sky130_fd_sc_hd__a311o_1 instances:   1
  Class: sky130_fd_sc_hd__a311o_2 instances:   2
  Class: sky130_fd_sc_hd__fill_1 instances: 150
  Class: sky130_fd_sc_hd__fill_2 instances: 116
  Class: sky130_fd_sc_hd__o211ai_1 instances:   1
  Class: sky130_fd_sc_hd__o211ai_2 instances:   2
  Class: sky130_fd_sc_hd__or2b_1 instances:   5
  Class: sky130_fd_sc_hd__nor2_1 instances:  29
  Class: sky130_fd_sc_hd__nor2_2 instances:   2
Circuit contains 658 nets.

Circuit was modified by parallel/series device merging.
New circuit summary:

Contents of circuit 1:  Circuit: 'rgb_mixer'
Circuit rgb_mixer contains 656 device instances.
  Class: sky130_fd_sc_hd__a31o_1 instances:   7
  Class: sky130_fd_sc_hd__a21o_1 instances:   7
  Class: sky130_fd_sc_hd__clkbuf_16 instances:   9
  Class: sky130_fd_sc_hd__dfxtp_1 instances: 102
  Class: sky130_fd_sc_hd__or4_1 instances:  15
  Class: sky130_fd_sc_hd__buf_1 instances:   4
  Class: sky130_fd_sc_hd__buf_2 instances:  11
  Class: sky130_fd_sc_hd__buf_4 instances:   1
  Class: sky130_fd_sc_hd__and3b_1 instances:   1
  Class: sky130_fd_sc_hd__xor2_1 instances:   2
  Class: sky130_ef_sc_hd__decap_12 instances:   1
  Class: sky130_fd_sc_hd__and4_1 instances:   7
  Class: sky130_fd_sc_hd__inv_2 instances:  24
  Class: sky130_fd_sc_hd__clkbuf_1 instances:  69
  Class: sky130_fd_sc_hd__clkbuf_2 instances:   2
  Class: sky130_fd_sc_hd__clkbuf_4 instances:   8
  Class: sky130_fd_sc_hd__o21ba_1 instances:   8
  Class: sky130_fd_sc_hd__and2b_1 instances:  13
  Class: sky130_fd_sc_hd__a221oi_4 instances:   2
  Class: sky130_fd_sc_hd__and3_1 instances:  26
  Class: sky130_fd_sc_hd__decap_3 instances:   1
  Class: sky130_fd_sc_hd__decap_4 instances:   1
  Class: sky130_fd_sc_hd__decap_6 instances:   1
  Class: sky130_fd_sc_hd__decap_8 instances:   1
  Class: sky130_fd_sc_hd__dlygate4sd3_1 instances:  74
  Class: sky130_fd_sc_hd__or2_1 instances:  13
  Class: sky130_fd_sc_hd__a2111oi_1 instances:   2
  Class: sky130_fd_sc_hd__nand2_1 instances:   7
  Class: sky130_fd_sc_hd__mux2_1 instances:   6
  Class: sky130_fd_sc_hd__and2_1 instances:  74
  Class: sky130_fd_sc_hd__o22a_1 instances:   6
  Class: sky130_fd_sc_hd__xnor2_1 instances:  10
  Class: sky130_fd_sc_hd__nor3b_1 instances:   1
  Class: sky130_fd_sc_hd__o221a_1 instances:   6
  Class: sky130_fd_sc_hd__dlxtn_1 instances:   6
  Class: sky130_fd_sc_hd__o211a_1 instances:   3
  Class: sky130_fd_sc_hd__a311oi_1 instances:   2
  Class: sky130_fd_sc_hd__a211o_1 instances:   5
  Class: sky130_fd_sc_hd__nor3_1 instances:   3
  Class: sky130_fd_sc_hd__o41a_1 instances:   2
  Class: sky130_fd_sc_hd__a22o_1 instances:   7
  Class: sky130_fd_sc_hd__o21a_1 instances:  23
  Class: sky130_fd_sc_hd__o22ai_1 instances:   3
  Class: sky130_fd_sc_hd__o21ai_1 instances:   6
  Class: sky130_fd_sc_hd__tapvpwrvgnd_1 instances:   1
  Class: sky130_fd_sc_hd__a21oi_1 instances:  29
  Class: sky130_fd_sc_hd__a311o_1 instances:   1
  Class: sky130_fd_sc_hd__a311o_2 instances:   2
  Class: sky130_fd_sc_hd__fill_1 instances:   1
  Class: sky130_fd_sc_hd__fill_2 instances:   1
  Class: sky130_fd_sc_hd__o211ai_1 instances:   1
  Class: sky130_fd_sc_hd__o211ai_2 instances:   2
  Class: sky130_fd_sc_hd__or2b_1 instances:   5
  Class: sky130_fd_sc_hd__nor2_1 instances:  29
  Class: sky130_fd_sc_hd__nor2_2 instances:   2
Circuit contains 658 nets.
Contents of circuit 2:  Circuit: 'rgb_mixer'
Circuit rgb_mixer contains 656 device instances.
  Class: sky130_fd_sc_hd__a31o_1 instances:   7
  Class: sky130_fd_sc_hd__a21o_1 instances:   7
  Class: sky130_fd_sc_hd__clkbuf_16 instances:   9
  Class: sky130_fd_sc_hd__dfxtp_1 instances: 102
  Class: sky130_fd_sc_hd__or4_1 instances:  15
  Class: sky130_fd_sc_hd__buf_1 instances:   4
  Class: sky130_fd_sc_hd__buf_2 instances:  11
  Class: sky130_fd_sc_hd__buf_4 instances:   1
  Class: sky130_fd_sc_hd__and3b_1 instances:   1
  Class: sky130_fd_sc_hd__xor2_1 instances:   2
  Class: sky130_ef_sc_hd__decap_12 instances:   1
  Class: sky130_fd_sc_hd__and4_1 instances:   7
  Class: sky130_fd_sc_hd__inv_2 instances:  24
  Class: sky130_fd_sc_hd__clkbuf_1 instances:  69
  Class: sky130_fd_sc_hd__clkbuf_2 instances:   2
  Class: sky130_fd_sc_hd__clkbuf_4 instances:   8
  Class: sky130_fd_sc_hd__o21ba_1 instances:   8
  Class: sky130_fd_sc_hd__and2b_1 instances:  13
  Class: sky130_fd_sc_hd__a221oi_4 instances:   2
  Class: sky130_fd_sc_hd__and3_1 instances:  26
  Class: sky130_fd_sc_hd__decap_3 instances:   1
  Class: sky130_fd_sc_hd__decap_4 instances:   1
  Class: sky130_fd_sc_hd__decap_6 instances:   1
  Class: sky130_fd_sc_hd__decap_8 instances:   1
  Class: sky130_fd_sc_hd__dlygate4sd3_1 instances:  74
  Class: sky130_fd_sc_hd__or2_1 instances:  13
  Class: sky130_fd_sc_hd__a2111oi_1 instances:   2
  Class: sky130_fd_sc_hd__nand2_1 instances:   7
  Class: sky130_fd_sc_hd__mux2_1 instances:   6
  Class: sky130_fd_sc_hd__and2_1 instances:  74
  Class: sky130_fd_sc_hd__o22a_1 instances:   6
  Class: sky130_fd_sc_hd__xnor2_1 instances:  10
  Class: sky130_fd_sc_hd__nor3b_1 instances:   1
  Class: sky130_fd_sc_hd__o221a_1 instances:   6
  Class: sky130_fd_sc_hd__dlxtn_1 instances:   6
  Class: sky130_fd_sc_hd__o211a_1 instances:   3
  Class: sky130_fd_sc_hd__a311oi_1 instances:   2
  Class: sky130_fd_sc_hd__a211o_1 instances:   5
  Class: sky130_fd_sc_hd__nor3_1 instances:   3
  Class: sky130_fd_sc_hd__o41a_1 instances:   2
  Class: sky130_fd_sc_hd__a22o_1 instances:   7
  Class: sky130_fd_sc_hd__o21a_1 instances:  23
  Class: sky130_fd_sc_hd__o22ai_1 instances:   3
  Class: sky130_fd_sc_hd__o21ai_1 instances:   6
  Class: sky130_fd_sc_hd__tapvpwrvgnd_1 instances:   1
  Class: sky130_fd_sc_hd__a21oi_1 instances:  29
  Class: sky130_fd_sc_hd__a311o_1 instances:   1
  Class: sky130_fd_sc_hd__a311o_2 instances:   2
  Class: sky130_fd_sc_hd__fill_1 instances:   1
  Class: sky130_fd_sc_hd__fill_2 instances:   1
  Class: sky130_fd_sc_hd__o211ai_1 instances:   1
  Class: sky130_fd_sc_hd__o211ai_2 instances:   2
  Class: sky130_fd_sc_hd__or2b_1 instances:   5
  Class: sky130_fd_sc_hd__nor2_1 instances:  29
  Class: sky130_fd_sc_hd__nor2_2 instances:   2
Circuit contains 658 nets.

Circuit 1 contains 656 devices, Circuit 2 contains 656 devices.
Circuit 1 contains 658 nets,    Circuit 2 contains 658 nets.


Final result: 
Circuits match uniquely.
.
Logging to file "/openlane/designs/rgb_mixer/runs/RUN_2025.04.30_22.45.00/logs/signoff/39-rgb_mixer.lef.lvs.log" disabled
LVS Done.
