
===========================================================================
 report_power
============================================================================
======================= Fastest Corner ===================================

Group                  Internal  Switching    Leakage      Total
                          Power      Power      Power      Power (Watts)
----------------------------------------------------------------
Sequential             5.16e-04   4.10e-05   2.08e-08   5.57e-04  47.1%
Combinational          3.24e-04   3.00e-04   5.51e-09   6.25e-04  52.9%
Macro                  0.00e+00   0.00e+00   0.00e+00   0.00e+00   0.0%
Pad                    0.00e+00   0.00e+00   0.00e+00   0.00e+00   0.0%
----------------------------------------------------------------
Total                  8.40e-04   3.41e-04   2.63e-08   1.18e-03 100.0%
                          71.1%      28.9%       0.0%

======================= Slowest Corner ===================================

Group                  Internal  Switching    Leakage      Total
                          Power      Power      Power      Power (Watts)
----------------------------------------------------------------
Sequential             3.46e-04   2.67e-05   1.57e-06   3.74e-04  46.3%
Combinational          2.37e-04   1.95e-04   2.42e-06   4.34e-04  53.7%
Macro                  0.00e+00   0.00e+00   0.00e+00   0.00e+00   0.0%
Pad                    0.00e+00   0.00e+00   0.00e+00   0.00e+00   0.0%
----------------------------------------------------------------
Total                  5.83e-04   2.21e-04   3.99e-06   8.09e-04 100.0%
                          72.1%      27.4%       0.5%

======================= Typical Corner ===================================

Group                  Internal  Switching    Leakage      Total
                          Power      Power      Power      Power (Watts)
----------------------------------------------------------------
Sequential             4.45e-04   3.44e-05   2.01e-08   4.79e-04  46.9%
Combinational          2.90e-04   2.53e-04   2.74e-09   5.42e-04  53.1%
Macro                  0.00e+00   0.00e+00   0.00e+00   0.00e+00   0.0%
Pad                    0.00e+00   0.00e+00   0.00e+00   0.00e+00   0.0%
----------------------------------------------------------------
Total                  7.35e-04   2.87e-04   2.28e-08   1.02e-03 100.0%
                          71.9%      28.1%       0.0%

