Instance name,  X location,  Y location,  Voltage 
input3, 98.095, 111.52, 1.79974
FILLER_0_37_193, 98.095, 111.52, 1.79974
FILLER_0_37_214, 98.095, 111.52, 1.79974
_595_, 98.095, 100.64, 1.79976
_690_, 98.095, 100.64, 1.79976
FILLER_0_33_197, 98.095, 100.64, 1.79976
_596_, 98.095, 95.2, 1.79974
_691_, 98.095, 95.2, 1.79974
_940_, 98.095, 95.2, 1.79974
FILLER_0_30_187, 98.095, 95.2, 1.79974
FILLER_0_32_202, 98.095, 95.2, 1.79974
FILLER_0_28_193, 98.095, 89.76, 1.79975
FILLER_0_28_197, 98.095, 89.76, 1.79975
FILLER_0_29_215, 98.095, 89.76, 1.79975
_679_, 98.095, 84.32, 1.79976
_680_, 98.095, 84.32, 1.79976
_681_, 98.095, 84.32, 1.79976
_935_, 98.095, 84.32, 1.79976
_936_, 98.095, 84.32, 1.79976
hold51, 98.095, 84.32, 1.79976
FILLER_0_28_205, 98.095, 84.32, 1.79976
_452_, 98.095, 78.88, 1.79977
_677_, 98.095, 78.88, 1.79977
_678_, 98.095, 78.88, 1.79977
_683_, 98.095, 78.88, 1.79977
_687_, 98.095, 78.88, 1.79977
_934_, 98.095, 78.88, 1.79977
hold44, 98.095, 78.88, 1.79977
hold60, 98.095, 78.88, 1.79977
_451_, 98.095, 73.44, 1.79976
_453_, 98.095, 73.44, 1.79976
_527_, 98.095, 73.44, 1.79976
_528_, 98.095, 73.44, 1.79976
_675_, 98.095, 73.44, 1.79976
_676_, 98.095, 73.44, 1.79976
_923_, 98.095, 73.44, 1.79976
_933_, 98.095, 73.44, 1.79976
FILLER_0_22_189, 98.095, 73.44, 1.79976
_589_, 98.095, 68, 1.79974
_590_, 98.095, 68, 1.79974
_594_, 98.095, 68, 1.79974
_912_, 98.095, 68, 1.79974
FILLER_0_21_202, 98.095, 68, 1.79974
_593_, 98.095, 62.56, 1.79968
_911_, 98.095, 62.56, 1.79968
hold54, 98.095, 62.56, 1.79968
hold58, 98.095, 62.56, 1.79968
_535_, 98.095, 57.12, 1.79969
_537_, 98.095, 57.12, 1.79969
_587_, 98.095, 57.12, 1.79969
_588_, 98.095, 57.12, 1.79969
_968_, 98.095, 57.12, 1.79969
hold34, 98.095, 57.12, 1.79969
FILLER_0_16_190, 98.095, 57.12, 1.79969
_462_, 98.095, 51.68, 1.79967
_464_, 98.095, 51.68, 1.79967
_905_, 98.095, 51.68, 1.79967
_908_, 98.095, 51.68, 1.79967
hold37, 98.095, 51.68, 1.79967
_463_, 98.095, 46.24, 1.79967
_536_, 98.095, 46.24, 1.79967
_580_, 98.095, 46.24, 1.79967
_581_, 98.095, 46.24, 1.79967
_906_, 98.095, 46.24, 1.79967
FILLER_0_12_190, 98.095, 46.24, 1.79967
FILLER_0_12_197, 98.095, 46.24, 1.79967
_449_, 98.095, 40.8, 1.79964
_583_, 98.095, 40.8, 1.79964
_584_, 98.095, 40.8, 1.79964
_907_, 98.095, 40.8, 1.79964
hold47, 98.095, 40.8, 1.79964
FILLER_0_10_192, 98.095, 40.8, 1.79964
FILLER_0_10_200, 98.095, 40.8, 1.79964
FILLER_0_11_205, 98.095, 40.8, 1.79964
_448_, 98.095, 35.36, 1.79964
_524_, 98.095, 35.36, 1.79964
_659_, 98.095, 35.36, 1.79964
_665_, 98.095, 35.36, 1.79964
_666_, 98.095, 35.36, 1.79964
_896_, 98.095, 35.36, 1.79964
_925_, 98.095, 35.36, 1.79964
hold38, 98.095, 35.36, 1.79964
_447_, 98.095, 29.92, 1.79961
_924_, 98.095, 29.92, 1.79961
_926_, 98.095, 29.92, 1.79961
hold33, 98.095, 29.92, 1.79961
FILLER_0_6_192, 98.095, 29.92, 1.79961
FILLER_0_6_197, 98.095, 29.92, 1.79961
FILLER_0_8_207, 98.095, 29.92, 1.79961
_577_, 98.095, 24.48, 1.79958
_660_, 98.095, 24.48, 1.79958
_663_, 98.095, 24.48, 1.79958
_664_, 98.095, 24.48, 1.79958
hold63, 98.095, 24.48, 1.79958
FILLER_0_4_192, 98.095, 24.48, 1.79958
_576_, 98.095, 19.04, 1.79961
_904_, 98.095, 19.04, 1.79961
hold59, 98.095, 19.04, 1.79961
_573_, 98.095, 13.6, 1.79961
_578_, 98.095, 13.6, 1.79961
_579_, 98.095, 13.6, 1.79961
input4, 98.095, 13.6, 1.79961
FILLER_0_0_212, 98.095, 13.6, 1.79961
FILLER_0_1_201, 98.095, 13.6, 1.79961
_503_, 71.645, 111.52, 1.79972
_519_, 71.645, 111.52, 1.79972
_985_, 71.645, 111.52, 1.79972
_502_, 71.645, 106.08, 1.79973
_518_, 71.645, 106.08, 1.79973
_859_, 71.645, 106.08, 1.79973
_861_, 71.645, 106.08, 1.79973
_864_, 71.645, 106.08, 1.79973
FILLER_0_34_135, 71.645, 106.08, 1.79973
FILLER_0_34_141, 71.645, 106.08, 1.79973
FILLER_0_35_156, 71.645, 106.08, 1.79973
FILLER_0_36_157, 71.645, 106.08, 1.79973
_816_, 71.645, 100.64, 1.79974
_854_, 71.645, 100.64, 1.79974
_862_, 71.645, 100.64, 1.79974
_863_, 71.645, 100.64, 1.79974
FILLER_0_33_150, 71.645, 100.64, 1.79974
_815_, 71.645, 95.2, 1.79974
_833_, 71.645, 89.76, 1.79974
_835_, 71.645, 89.76, 1.79974
_836_, 71.645, 89.76, 1.79974
_837_, 71.645, 89.76, 1.79974
FILLER_0_28_130, 71.645, 89.76, 1.79974
FILLER_0_28_141, 71.645, 89.76, 1.79974
FILLER_0_29_133, 71.645, 89.76, 1.79974
_507_, 71.645, 84.32, 1.79977
_828_, 71.645, 84.32, 1.79977
_834_, 71.645, 84.32, 1.79977
_838_, 71.645, 84.32, 1.79977
_839_, 71.645, 84.32, 1.79977
FILLER_0_26_135, 71.645, 84.32, 1.79977
FILLER_0_26_141, 71.645, 84.32, 1.79977
FILLER_0_27_135, 71.645, 84.32, 1.79977
FILLER_0_27_158, 71.645, 84.32, 1.79977
FILLER_0_28_158, 71.645, 84.32, 1.79977
_817_, 71.645, 78.88, 1.79976
_818_, 71.645, 78.88, 1.79976
_827_, 71.645, 78.88, 1.79976
_829_, 71.645, 78.88, 1.79976
_830_, 71.645, 78.88, 1.79976
_832_, 71.645, 78.88, 1.79976
_980_, 71.645, 78.88, 1.79976
hold71, 71.645, 78.88, 1.79976
FILLER_0_25_131, 71.645, 78.88, 1.79976
FILLER_0_25_139, 71.645, 78.88, 1.79976
_811_, 71.645, 73.44, 1.79973
_824_, 71.645, 73.44, 1.79973
_826_, 71.645, 73.44, 1.79973
_831_, 71.645, 73.44, 1.79973
clkbuf_3_6__f_clk, 71.645, 73.44, 1.79973
FILLER_0_22_135, 71.645, 73.44, 1.79973
FILLER_0_22_141, 71.645, 73.44, 1.79973
FILLER_0_23_139, 71.645, 73.44, 1.79973
FILLER_0_23_149, 71.645, 73.44, 1.79973
_807_, 71.645, 68, 1.79974
_814_, 71.645, 68, 1.79974
_821_, 71.645, 68, 1.79974
_822_, 71.645, 68, 1.79974
_823_, 71.645, 68, 1.79974
FILLER_0_20_136, 71.645, 68, 1.79974
FILLER_0_20_141, 71.645, 68, 1.79974
FILLER_0_21_135, 71.645, 68, 1.79974
_457_, 71.645, 62.56, 1.79964
_808_, 71.645, 62.56, 1.79964
_809_, 71.645, 62.56, 1.79964
_813_, 71.645, 62.56, 1.79964
_922_, 71.645, 62.56, 1.79964
FILLER_0_18_131, 71.645, 62.56, 1.79964
FILLER_0_19_147, 71.645, 62.56, 1.79964
_454_, 71.645, 57.12, 1.79969
_456_, 71.645, 57.12, 1.79969
_538_, 71.645, 57.12, 1.79969
_540_, 71.645, 57.12, 1.79969
_932_, 71.645, 57.12, 1.79969
_455_, 71.645, 51.68, 1.79967
_529_, 71.645, 51.68, 1.79967
_530_, 71.645, 51.68, 1.79967
_963_, 71.645, 51.68, 1.79967
hold40, 71.645, 51.68, 1.79967
hold42, 71.645, 51.68, 1.79967
FILLER_0_14_136, 71.645, 51.68, 1.79967
FILLER_0_15_135, 71.645, 51.68, 1.79967
_777_, 71.645, 46.24, 1.79965
_778_, 71.645, 46.24, 1.79965
_779_, 71.645, 46.24, 1.79965
_962_, 71.645, 46.24, 1.79965
_967_, 71.645, 46.24, 1.79965
_471_, 71.645, 40.8, 1.79961
_692_, 71.645, 40.8, 1.79961
_693_, 71.645, 40.8, 1.79961
_941_, 71.645, 40.8, 1.79961
hold30, 71.645, 40.8, 1.79961
FILLER_0_11_156, 71.645, 40.8, 1.79961
_597_, 71.645, 35.36, 1.79963
_598_, 71.645, 35.36, 1.79963
_612_, 71.645, 35.36, 1.79963
_613_, 71.645, 35.36, 1.79963
_787_, 71.645, 35.36, 1.79963
_788_, 71.645, 35.36, 1.79963
FILLER_0_8_131, 71.645, 35.36, 1.79963
FILLER_0_9_132, 71.645, 35.36, 1.79963
FILLER_0_10_149, 71.645, 35.36, 1.79963
FILLER_0_10_157, 71.645, 35.36, 1.79963
_602_, 71.645, 29.92, 1.7996
_654_, 71.645, 29.92, 1.7996
_655_, 71.645, 29.92, 1.7996
_921_, 71.645, 29.92, 1.7996
_931_, 71.645, 29.92, 1.7996
FILLER_0_6_137, 71.645, 29.92, 1.7996
FILLER_0_8_157, 71.645, 29.92, 1.7996
_563_, 71.645, 24.48, 1.79955
_674_, 71.645, 24.48, 1.79955
_895_, 71.645, 24.48, 1.79955
FILLER_0_4_141, 71.645, 24.48, 1.79955
FILLER_0_5_149, 71.645, 24.48, 1.79955
FILLER_0_6_157, 71.645, 24.48, 1.79955
_522_, 71.645, 19.04, 1.79959
_564_, 71.645, 19.04, 1.79959
_566_, 71.645, 19.04, 1.79959
_567_, 71.645, 19.04, 1.79959
_568_, 71.645, 19.04, 1.79959
_898_, 71.645, 19.04, 1.79959
hold62, 71.645, 19.04, 1.79959
hold67, 71.645, 19.04, 1.79959
FILLER_0_3_135, 71.645, 19.04, 1.79959
_569_, 71.645, 13.6, 1.79959
_897_, 71.645, 13.6, 1.79959
hold24, 71.645, 13.6, 1.79959
FILLER_0_0_136, 71.645, 13.6, 1.79959
FILLER_0_1_144, 71.645, 13.6, 1.79959
_742_, 45.195, 111.52, 1.7997
_743_, 45.195, 111.52, 1.7997
FILLER_0_36_75, 45.195, 111.52, 1.7997
FILLER_0_36_81, 45.195, 111.52, 1.7997
FILLER_0_36_85, 45.195, 111.52, 1.7997
FILLER_0_37_81, 45.195, 111.52, 1.7997
FILLER_0_37_97, 45.195, 111.52, 1.7997
_740_, 45.195, 106.08, 1.79969
_741_, 45.195, 106.08, 1.79969
_893_, 45.195, 106.08, 1.79969
_948_, 45.195, 106.08, 1.79969
FILLER_0_34_85, 45.195, 106.08, 1.79969
FILLER_0_35_91, 45.195, 106.08, 1.79969
FILLER_0_36_93, 45.195, 106.08, 1.79969
_548_, 45.195, 100.64, 1.79971
_556_, 45.195, 100.64, 1.79971
_557_, 45.195, 100.64, 1.79971
_892_, 45.195, 100.64, 1.79971
FILLER_0_32_79, 45.195, 100.64, 1.79971
FILLER_0_33_76, 45.195, 100.64, 1.79971
FILLER_0_33_91, 45.195, 100.64, 1.79971
_553_, 45.195, 95.2, 1.79971
_733_, 45.195, 95.2, 1.79971
_734_, 45.195, 95.2, 1.79971
FILLER_0_31_92, 45.195, 95.2, 1.79971
_554_, 45.195, 89.76, 1.79968
_729_, 45.195, 89.76, 1.79968
_891_, 45.195, 89.76, 1.79968
FILLER_0_28_79, 45.195, 89.76, 1.79968
FILLER_0_28_85, 45.195, 89.76, 1.79968
FILLER_0_30_89, 45.195, 89.76, 1.79968
_539_, 45.195, 84.32, 1.79971
_544_, 45.195, 84.32, 1.79971
_713_, 45.195, 84.32, 1.79971
_714_, 45.195, 84.32, 1.79971
_887_, 45.195, 84.32, 1.79971
FILLER_0_27_81, 45.195, 84.32, 1.79971
_545_, 45.195, 78.88, 1.79964
_717_, 45.195, 78.88, 1.79964
_888_, 45.195, 78.88, 1.79964
_889_, 45.195, 78.88, 1.79964
clkbuf_3_3__f_clk, 45.195, 78.88, 1.79964
FILLER_0_24_80, 45.195, 78.88, 1.79964
FILLER_0_25_93, 45.195, 78.88, 1.79964
_489_, 45.195, 73.44, 1.79971
_699_, 45.195, 73.44, 1.79971
_712_, 45.195, 73.44, 1.79971
_696_, 45.195, 68, 1.79967
_697_, 45.195, 68, 1.79967
_701_, 45.195, 68, 1.79967
_702_, 45.195, 68, 1.79967
_709_, 45.195, 68, 1.79967
_710_, 45.195, 68, 1.79967
_711_, 45.195, 68, 1.79967
_950_, 45.195, 68, 1.79967
FILLER_0_22_98, 45.195, 68, 1.79967
_695_, 45.195, 62.56, 1.79963
FILLER_0_18_80, 45.195, 62.56, 1.79963
_551_, 45.195, 57.12, 1.79965
_630_, 45.195, 57.12, 1.79965
_805_, 45.195, 57.12, 1.79965
_806_, 45.195, 57.12, 1.79965
_977_, 45.195, 57.12, 1.79965
FILLER_0_16_81, 45.195, 57.12, 1.79965
FILLER_0_17_83, 45.195, 57.12, 1.79965
_461_, 45.195, 51.68, 1.79964
_784_, 45.195, 51.68, 1.79964
_786_, 45.195, 51.68, 1.79964
_966_, 45.195, 51.68, 1.79964
FILLER_0_14_74, 45.195, 51.68, 1.79964
FILLER_0_14_85, 45.195, 51.68, 1.79964
FILLER_0_15_88, 45.195, 51.68, 1.79964
_620_, 45.195, 46.24, 1.79963
_621_, 45.195, 46.24, 1.79963
_623_, 45.195, 46.24, 1.79963
_624_, 45.195, 46.24, 1.79963
_625_, 45.195, 46.24, 1.79963
_915_, 45.195, 46.24, 1.79963
_477_, 45.195, 40.8, 1.79957
_607_, 45.195, 40.8, 1.79957
_609_, 45.195, 40.8, 1.79957
_616_, 45.195, 40.8, 1.79957
_617_, 45.195, 40.8, 1.79957
_618_, 45.195, 40.8, 1.79957
_627_, 45.195, 40.8, 1.79957
_628_, 45.195, 40.8, 1.79957
_753_, 45.195, 40.8, 1.79957
FILLER_0_10_85, 45.195, 40.8, 1.79957
_474_, 45.195, 35.36, 1.7996
_619_, 45.195, 35.36, 1.7996
_631_, 45.195, 35.36, 1.7996
_636_, 45.195, 35.36, 1.7996
FILLER_0_8_79, 45.195, 35.36, 1.7996
FILLER_0_10_99, 45.195, 35.36, 1.7996
_629_, 45.195, 29.92, 1.79958
_632_, 45.195, 29.92, 1.79958
_633_, 45.195, 29.92, 1.79958
_635_, 45.195, 29.92, 1.79958
_638_, 45.195, 29.92, 1.79958
_918_, 45.195, 29.92, 1.79958
FILLER_0_6_85, 45.195, 29.92, 1.79958
_468_, 45.195, 24.48, 1.79955
_634_, 45.195, 24.48, 1.79955
_641_, 45.195, 24.48, 1.79955
_642_, 45.195, 24.48, 1.79955
FILLER_0_4_76, 45.195, 24.48, 1.79955
FILLER_0_5_74, 45.195, 24.48, 1.79955
_482_, 45.195, 19.04, 1.79959
_650_, 45.195, 19.04, 1.79959
_651_, 45.195, 19.04, 1.79959
_770_, 45.195, 19.04, 1.79959
_771_, 45.195, 19.04, 1.79959
FILLER_0_3_80, 45.195, 19.04, 1.79959
FILLER_0_3_99, 45.195, 19.04, 1.79959
_483_, 45.195, 13.6, 1.79956
_649_, 45.195, 13.6, 1.79956
_652_, 45.195, 13.6, 1.79956
_653_, 45.195, 13.6, 1.79956
_920_, 45.195, 13.6, 1.79956
output8, 45.195, 13.6, 1.79956
FILLER_0_0_81, 45.195, 13.6, 1.79956
FILLER_0_1_82, 45.195, 13.6, 1.79956
_886_, 18.745, 111.52, 1.79967
FILLER_0_36_15, 18.745, 111.52, 1.79967
FILLER_0_36_24, 18.745, 111.52, 1.79967
FILLER_0_37_21, 18.745, 111.52, 1.79967
_885_, 18.745, 106.08, 1.79968
_994_, 18.745, 106.08, 1.79968
hold2, 18.745, 106.08, 1.79968
FILLER_0_34_15, 18.745, 106.08, 1.79968
FILLER_0_35_33, 18.745, 106.08, 1.79968
FILLER_0_35_41, 18.745, 106.08, 1.79968
FILLER_0_36_37, 18.745, 106.08, 1.79968
_485_, 18.745, 100.64, 1.79969
_500_, 18.745, 100.64, 1.79969
_880_, 18.745, 100.64, 1.79969
_883_, 18.745, 100.64, 1.79969
FILLER_0_32_15, 18.745, 100.64, 1.79969
FILLER_0_32_25, 18.745, 100.64, 1.79969
FILLER_0_33_15, 18.745, 100.64, 1.79969
_498_, 18.745, 95.2, 1.79968
_882_, 18.745, 95.2, 1.79968
_884_, 18.745, 95.2, 1.79968
hold6, 18.745, 95.2, 1.79968
FILLER_0_31_42, 18.745, 95.2, 1.79968
_486_, 18.745, 89.76, 1.79964
_497_, 18.745, 89.76, 1.79964
_499_, 18.745, 89.76, 1.79964
_877_, 18.745, 89.76, 1.79964
_879_, 18.745, 89.76, 1.79964
_881_, 18.745, 89.76, 1.79964
_946_, 18.745, 89.76, 1.79964
hold20, 18.745, 89.76, 1.79964
FILLER_0_28_15, 18.745, 89.76, 1.79964
FILLER_0_29_15, 18.745, 89.76, 1.79964
_487_, 18.745, 84.32, 1.79968
_496_, 18.745, 84.32, 1.79968
_873_, 18.745, 84.32, 1.79968
_876_, 18.745, 84.32, 1.79968
_878_, 18.745, 84.32, 1.79968
hold11, 18.745, 84.32, 1.79968
FILLER_0_27_39, 18.745, 84.32, 1.79968
FILLER_0_28_37, 18.745, 84.32, 1.79968
_494_, 18.745, 78.88, 1.7996
_719_, 18.745, 78.88, 1.7996
_872_, 18.745, 78.88, 1.7996
_945_, 18.745, 78.88, 1.7996
clkbuf_3_2__f_clk, 18.745, 78.88, 1.7996
hold15, 18.745, 78.88, 1.7996
hold66, 18.745, 78.88, 1.7996
_492_, 18.745, 73.44, 1.79968
_493_, 18.745, 73.44, 1.79968
_495_, 18.745, 73.44, 1.79968
_869_, 18.745, 73.44, 1.79968
_870_, 18.745, 73.44, 1.79968
_871_, 18.745, 73.44, 1.79968
hold16, 18.745, 73.44, 1.79968
FILLER_0_23_19, 18.745, 73.44, 1.79968
_867_, 18.745, 68, 1.79964
_987_, 18.745, 68, 1.79964
hold4, 18.745, 68, 1.79964
hold31, 18.745, 68, 1.79964
FILLER_0_21_15, 18.745, 68, 1.79964
FILLER_0_21_41, 18.745, 68, 1.79964
_795_, 18.745, 62.56, 1.79966
FILLER_0_19_15, 18.745, 62.56, 1.79966
FILLER_0_19_23, 18.745, 62.56, 1.79966
FILLER_0_20_41, 18.745, 62.56, 1.79966
_532_, 18.745, 57.12, 1.79963
_794_, 18.745, 57.12, 1.79963
_796_, 18.745, 57.12, 1.79963
_797_, 18.745, 57.12, 1.79963
_972_, 18.745, 57.12, 1.79963
hold36, 18.745, 57.12, 1.79963
hold43, 18.745, 57.12, 1.79963
FILLER_0_18_40, 18.745, 57.12, 1.79963
_458_, 18.745, 51.68, 1.79962
_970_, 18.745, 51.68, 1.79962
_971_, 18.745, 51.68, 1.79962
hold35, 18.745, 51.68, 1.79962
hold55, 18.745, 51.68, 1.79962
FILLER_0_15_32, 18.745, 51.68, 1.79962
_752_, 18.745, 46.24, 1.79961
_793_, 18.745, 46.24, 1.79961
FILLER_0_13_21, 18.745, 46.24, 1.79961
FILLER_0_13_34, 18.745, 46.24, 1.79961
FILLER_0_13_42, 18.745, 46.24, 1.79961
_757_, 18.745, 40.8, 1.79955
_951_, 18.745, 40.8, 1.79955
_952_, 18.745, 40.8, 1.79955
hold8, 18.745, 40.8, 1.79955
FILLER_0_11_15, 18.745, 40.8, 1.79955
_953_, 18.745, 35.36, 1.79954
clkbuf_3_0__f_clk, 18.745, 35.36, 1.79954
FILLER_0_9_36, 18.745, 35.36, 1.79954
_758_, 18.745, 29.92, 1.79959
_759_, 18.745, 29.92, 1.79959
_954_, 18.745, 29.92, 1.79959
hold70, 18.745, 29.92, 1.79959
FILLER_0_8_29, 18.745, 29.92, 1.79959
_762_, 18.745, 24.48, 1.79957
_763_, 18.745, 24.48, 1.79957
_955_, 18.745, 24.48, 1.79957
FILLER_0_5_27, 18.745, 24.48, 1.79957
FILLER_0_6_29, 18.745, 24.48, 1.79957
_766_, 18.745, 19.04, 1.79959
_769_, 18.745, 19.04, 1.79959
FILLER_0_3_27, 18.745, 19.04, 1.79959
FILLER_0_4_41, 18.745, 19.04, 1.79959
_956_, 18.745, 13.6, 1.79956
_957_, 18.745, 13.6, 1.79956
FILLER_0_0_18, 18.745, 13.6, 1.79956
FILLER_0_1_27, 18.745, 13.6, 1.79956
PHY_72, 5.52, 111.52, 1.79964
PHY_74, 5.52, 111.52, 1.79964
output9, 5.52, 111.52, 1.79964
PHY_73, 111.32, 111.52, 1.79974
PHY_75, 111.32, 111.52, 1.79974
FILLER_0_36_221, 111.32, 111.52, 1.79974
_949_, 31.97, 111.52, 1.79968
FILLER_0_37_53, 31.97, 111.52, 1.79968
output10, 58.42, 111.52, 1.7997
hold9, 58.42, 111.52, 1.7997
FILLER_0_37_107, 58.42, 111.52, 1.7997
FILLER_0_37_125, 58.42, 111.52, 1.7997
_858_, 84.87, 111.52, 1.79972
_984_, 84.87, 111.52, 1.79972
FILLER_0_37_165, 84.87, 111.52, 1.79972
FILLER_0_37_185, 84.87, 111.52, 1.79972
_501_, 5.52, 106.08, 1.79967
PHY_68, 5.52, 106.08, 1.79967
PHY_70, 5.52, 106.08, 1.79967
FILLER_0_35_3, 5.52, 106.08, 1.79967
PHY_69, 111.32, 106.08, 1.79975
PHY_71, 111.32, 106.08, 1.79975
input6, 111.32, 106.08, 1.79975
FILLER_0_34_221, 111.32, 106.08, 1.79975
FILLER_0_35_216, 111.32, 106.08, 1.79975
_739_, 31.97, 106.08, 1.79968
_745_, 31.97, 106.08, 1.79968
_746_, 31.97, 106.08, 1.79968
_747_, 31.97, 106.08, 1.79968
_748_, 31.97, 106.08, 1.79968
_749_, 31.97, 106.08, 1.79968
hold74, 31.97, 106.08, 1.79968
FILLER_0_36_60, 31.97, 106.08, 1.79968
_559_, 58.42, 106.08, 1.7997
_560_, 58.42, 106.08, 1.7997
_562_, 58.42, 106.08, 1.7997
_894_, 58.42, 106.08, 1.7997
hold1, 58.42, 106.08, 1.7997
hold19, 58.42, 106.08, 1.7997
_849_, 84.87, 106.08, 1.79974
_850_, 84.87, 106.08, 1.79974
_855_, 84.87, 106.08, 1.79974
_856_, 84.87, 106.08, 1.79974
_857_, 84.87, 106.08, 1.79974
FILLER_0_34_162, 84.87, 106.08, 1.79974
PHY_64, 5.52, 100.64, 1.79969
PHY_66, 5.52, 100.64, 1.79969
PHY_65, 111.32, 100.64, 1.79976
PHY_67, 111.32, 100.64, 1.79976
FILLER_0_32_223, 111.32, 100.64, 1.79976
_484_, 31.97, 100.64, 1.7997
_735_, 31.97, 100.64, 1.7997
_736_, 31.97, 100.64, 1.7997
_744_, 31.97, 100.64, 1.7997
_504_, 58.42, 100.64, 1.79972
_516_, 58.42, 100.64, 1.79972
_555_, 58.42, 100.64, 1.79972
_558_, 58.42, 100.64, 1.79972
_561_, 58.42, 100.64, 1.79972
FILLER_0_33_113, 58.42, 100.64, 1.79972
FILLER_0_34_123, 58.42, 100.64, 1.79972
_852_, 84.87, 100.64, 1.79974
_853_, 84.87, 100.64, 1.79974
_860_, 84.87, 100.64, 1.79974
FILLER_0_32_160, 84.87, 100.64, 1.79974
FILLER_0_32_172, 84.87, 100.64, 1.79974
FILLER_0_34_186, 84.87, 100.64, 1.79974
_993_, 5.52, 95.2, 1.79967
PHY_60, 5.52, 95.2, 1.79967
PHY_62, 5.52, 95.2, 1.79967
PHY_61, 111.32, 95.2, 1.79974
PHY_63, 111.32, 95.2, 1.79974
_727_, 31.97, 95.2, 1.79969
_730_, 31.97, 95.2, 1.79969
_731_, 31.97, 95.2, 1.79969
_737_, 31.97, 95.2, 1.79969
FILLER_0_31_70, 31.97, 95.2, 1.79969
_505_, 58.42, 95.2, 1.7997
_515_, 58.42, 95.2, 1.7997
_517_, 58.42, 95.2, 1.7997
_546_, 58.42, 95.2, 1.7997
_890_, 58.42, 95.2, 1.7997
hold45, 58.42, 95.2, 1.7997
FILLER_0_31_103, 58.42, 95.2, 1.7997
FILLER_0_31_113, 58.42, 95.2, 1.7997
FILLER_0_32_121, 58.42, 95.2, 1.7997
_812_, 84.87, 95.2, 1.79971
_843_, 84.87, 95.2, 1.79971
_844_, 84.87, 95.2, 1.79971
_845_, 84.87, 95.2, 1.79971
_846_, 84.87, 95.2, 1.79971
_851_, 84.87, 95.2, 1.79971
_983_, 84.87, 95.2, 1.79971
FILLER_0_30_164, 84.87, 95.2, 1.79971
FILLER_0_30_172, 84.87, 95.2, 1.79971
FILLER_0_31_159, 84.87, 95.2, 1.79971
_992_, 5.52, 89.76, 1.79963
PHY_56, 5.52, 89.76, 1.79963
PHY_58, 5.52, 89.76, 1.79963
FILLER_0_30_3, 5.52, 89.76, 1.79963
PHY_57, 111.32, 89.76, 1.79975
PHY_59, 111.32, 89.76, 1.79975
FILLER_0_28_223, 111.32, 89.76, 1.79975
_723_, 31.97, 89.76, 1.79964
_726_, 31.97, 89.76, 1.79964
_728_, 31.97, 89.76, 1.79964
_732_, 31.97, 89.76, 1.79964
_738_, 31.97, 89.76, 1.79964
_947_, 31.97, 89.76, 1.79964
_506_, 58.42, 89.76, 1.79969
_514_, 58.42, 89.76, 1.79969
_550_, 58.42, 89.76, 1.79969
_552_, 58.42, 89.76, 1.79969
_981_, 58.42, 89.76, 1.79969
hold5, 58.42, 89.76, 1.79969
hold10, 58.42, 89.76, 1.79969
hold18, 58.42, 89.76, 1.79969
_840_, 84.87, 89.76, 1.79972
_841_, 84.87, 89.76, 1.79972
_842_, 84.87, 89.76, 1.79972
_847_, 84.87, 89.76, 1.79972
_848_, 84.87, 89.76, 1.79972
_982_, 84.87, 89.76, 1.79972
_991_, 5.52, 84.32, 1.79966
PHY_52, 5.52, 84.32, 1.79966
PHY_54, 5.52, 84.32, 1.79966
PHY_53, 111.32, 84.32, 1.79976
PHY_55, 111.32, 84.32, 1.79976
hold41, 111.32, 84.32, 1.79976
FILLER_0_26_224, 111.32, 84.32, 1.79976
FILLER_0_27_220, 111.32, 84.32, 1.79976
_488_, 31.97, 84.32, 1.79969
_715_, 31.97, 84.32, 1.79969
_718_, 31.97, 84.32, 1.79969
_721_, 31.97, 84.32, 1.79969
_725_, 31.97, 84.32, 1.79969
FILLER_0_26_54, 31.97, 84.32, 1.79969
FILLER_0_27_50, 31.97, 84.32, 1.79969
FILLER_0_27_61, 31.97, 84.32, 1.79969
_508_, 58.42, 84.32, 1.79973
_512_, 58.42, 84.32, 1.79973
_513_, 58.42, 84.32, 1.79973
_549_, 58.42, 84.32, 1.79973
hold17, 58.42, 84.32, 1.79973
hold21, 58.42, 84.32, 1.79973
hold22, 58.42, 84.32, 1.79973
FILLER_0_26_172, 84.87, 84.32, 1.79977
FILLER_0_27_181, 84.87, 84.32, 1.79977
_875_, 5.52, 78.88, 1.79959
_990_, 5.52, 78.88, 1.79959
PHY_48, 5.52, 78.88, 1.79959
PHY_50, 5.52, 78.88, 1.79959
FILLER_0_25_3, 5.52, 78.88, 1.79959
FILLER_0_26_3, 5.52, 78.88, 1.79959
PHY_49, 111.32, 78.88, 1.79977
PHY_51, 111.32, 78.88, 1.79977
_720_, 31.97, 78.88, 1.79961
_722_, 31.97, 78.88, 1.79961
_724_, 31.97, 78.88, 1.79961
_944_, 31.97, 78.88, 1.79961
FILLER_0_25_62, 31.97, 78.88, 1.79961
_509_, 58.42, 78.88, 1.7997
_510_, 58.42, 78.88, 1.7997
_511_, 58.42, 78.88, 1.7997
_541_, 58.42, 78.88, 1.7997
_542_, 58.42, 78.88, 1.7997
_543_, 58.42, 78.88, 1.7997
_682_, 84.87, 78.88, 1.79976
_684_, 84.87, 78.88, 1.79976
_937_, 84.87, 78.88, 1.79976
hold75, 84.87, 78.88, 1.79976
FILLER_0_25_165, 84.87, 78.88, 1.79976
FILLER_0_25_169, 84.87, 78.88, 1.79976
_874_, 5.52, 73.44, 1.79967
_989_, 5.52, 73.44, 1.79967
PHY_44, 5.52, 73.44, 1.79967
PHY_46, 5.52, 73.44, 1.79967
FILLER_0_24_3, 5.52, 73.44, 1.79967
PHY_45, 111.32, 73.44, 1.79976
PHY_47, 111.32, 73.44, 1.79976
FILLER_0_22_221, 111.32, 73.44, 1.79976
FILLER_0_23_216, 111.32, 73.44, 1.79976
_491_, 31.97, 73.44, 1.79969
_698_, 31.97, 73.44, 1.79969
_704_, 31.97, 73.44, 1.79969
_716_, 31.97, 73.44, 1.79969
FILLER_0_24_58, 31.97, 73.44, 1.79969
FILLER_0_24_66, 31.97, 73.44, 1.79969
_685_, 58.42, 73.44, 1.79971
_751_, 58.42, 73.44, 1.79971
_819_, 58.42, 73.44, 1.79971
_820_, 58.42, 73.44, 1.79971
_978_, 58.42, 73.44, 1.79971
FILLER_0_23_113, 58.42, 73.44, 1.79971
FILLER_0_24_121, 58.42, 73.44, 1.79971
_450_, 84.87, 73.44, 1.79973
_526_, 84.87, 73.44, 1.79973
_688_, 84.87, 73.44, 1.79973
_938_, 84.87, 73.44, 1.79973
hold57, 84.87, 73.44, 1.79973
FILLER_0_22_160, 84.87, 73.44, 1.79973
FILLER_0_23_159, 84.87, 73.44, 1.79973
_988_, 5.52, 68, 1.79962
PHY_40, 5.52, 68, 1.79962
PHY_42, 5.52, 68, 1.79962
FILLER_0_22_3, 5.52, 68, 1.79962
PHY_41, 111.32, 68, 1.79974
PHY_43, 111.32, 68, 1.79974
hold53, 111.32, 68, 1.79974
FILLER_0_20_224, 111.32, 68, 1.79974
FILLER_0_21_221, 111.32, 68, 1.79974
_490_, 31.97, 68, 1.79964
_700_, 31.97, 68, 1.79964
_703_, 31.97, 68, 1.79964
_705_, 31.97, 68, 1.79964
_707_, 31.97, 68, 1.79964
_868_, 31.97, 68, 1.79964
_942_, 31.97, 68, 1.79964
_943_, 31.97, 68, 1.79964
_694_, 58.42, 68, 1.79969
_750_, 58.42, 68, 1.79969
_825_, 58.42, 68, 1.79969
_979_, 58.42, 68, 1.79969
FILLER_0_20_111, 58.42, 68, 1.79969
_686_, 84.87, 68, 1.79973
_689_, 84.87, 68, 1.79973
_810_, 84.87, 68, 1.79973
_939_, 84.87, 68, 1.79973
hold69, 84.87, 68, 1.79973
FILLER_0_21_169, 84.87, 68, 1.79973
PHY_36, 5.52, 62.56, 1.79966
PHY_38, 5.52, 62.56, 1.79966
PHY_37, 111.32, 62.56, 1.79968
PHY_39, 111.32, 62.56, 1.79968
FILLER_0_18_222, 111.32, 62.56, 1.79968
_706_, 31.97, 62.56, 1.79964
_708_, 31.97, 62.56, 1.79964
_791_, 31.97, 62.56, 1.79964
_792_, 31.97, 62.56, 1.79964
hold27, 31.97, 62.56, 1.79964
FILLER_0_19_57, 31.97, 62.56, 1.79964
FILLER_0_20_67, 31.97, 62.56, 1.79964
_865_, 58.42, 62.56, 1.79955
_986_, 58.42, 62.56, 1.79955
clkbuf_0_clk, 58.42, 62.56, 1.79955
FILLER_0_18_103, 58.42, 62.56, 1.79955
FILLER_0_18_111, 58.42, 62.56, 1.79955
FILLER_0_19_105, 58.42, 62.56, 1.79955
_591_, 84.87, 62.56, 1.79962
_656_, 84.87, 62.56, 1.79962
_657_, 84.87, 62.56, 1.79962
clkbuf_3_7__f_clk, 84.87, 62.56, 1.79962
FILLER_0_18_170, 84.87, 62.56, 1.79962
FILLER_0_20_186, 84.87, 62.56, 1.79962
_973_, 5.52, 57.12, 1.7996
_974_, 5.52, 57.12, 1.7996
PHY_32, 5.52, 57.12, 1.7996
PHY_34, 5.52, 57.12, 1.7996
FILLER_0_18_3, 5.52, 57.12, 1.7996
_465_, 111.32, 57.12, 1.79969
PHY_33, 111.32, 57.12, 1.79969
PHY_35, 111.32, 57.12, 1.79969
input7, 111.32, 57.12, 1.79969
_460_, 31.97, 57.12, 1.79964
_534_, 31.97, 57.12, 1.79964
_959_, 31.97, 57.12, 1.79964
hold28, 31.97, 57.12, 1.79964
hold49, 31.97, 57.12, 1.79964
FILLER_0_16_54, 31.97, 57.12, 1.79964
_531_, 58.42, 57.12, 1.79966
_781_, 58.42, 57.12, 1.79966
_783_, 58.42, 57.12, 1.79966
_785_, 58.42, 57.12, 1.79966
_866_, 58.42, 57.12, 1.79966
_965_, 58.42, 57.12, 1.79966
hold23, 58.42, 57.12, 1.79966
FILLER_0_17_125, 58.42, 57.12, 1.79966
_547_, 84.87, 57.12, 1.79967
_592_, 84.87, 57.12, 1.79967
_772_, 84.87, 57.12, 1.79967
_909_, 84.87, 57.12, 1.79967
_910_, 84.87, 57.12, 1.79967
_960_, 84.87, 57.12, 1.79967
hold48, 84.87, 57.12, 1.79967
FILLER_0_17_177, 84.87, 57.12, 1.79967
_798_, 5.52, 51.68, 1.79962
_799_, 5.52, 51.68, 1.79962
_800_, 5.52, 51.68, 1.79962
_801_, 5.52, 51.68, 1.79962
PHY_28, 5.52, 51.68, 1.79962
PHY_30, 5.52, 51.68, 1.79962
FILLER_0_15_3, 5.52, 51.68, 1.79962
FILLER_0_16_3, 5.52, 51.68, 1.79962
_585_, 111.32, 51.68, 1.79967
PHY_29, 111.32, 51.68, 1.79967
PHY_31, 111.32, 51.68, 1.79967
hold12, 111.32, 51.68, 1.79967
FILLER_0_14_224, 111.32, 51.68, 1.79967
_459_, 31.97, 51.68, 1.79962
_533_, 31.97, 51.68, 1.79962
_789_, 31.97, 51.68, 1.79962
_790_, 31.97, 51.68, 1.79962
_969_, 31.97, 51.68, 1.79962
hold72, 31.97, 51.68, 1.79962
_782_, 58.42, 51.68, 1.79965
_964_, 58.42, 51.68, 1.79965
hold56, 58.42, 51.68, 1.79965
hold65, 58.42, 51.68, 1.79965
FILLER_0_14_115, 58.42, 51.68, 1.79965
_773_, 84.87, 51.68, 1.79966
_775_, 84.87, 51.68, 1.79966
_776_, 84.87, 51.68, 1.79966
_961_, 84.87, 51.68, 1.79966
_802_, 5.52, 46.24, 1.79958
_975_, 5.52, 46.24, 1.79958
_976_, 5.52, 46.24, 1.79958
PHY_24, 5.52, 46.24, 1.79958
PHY_26, 5.52, 46.24, 1.79958
FILLER_0_14_3, 5.52, 46.24, 1.79958
_586_, 111.32, 46.24, 1.79967
PHY_25, 111.32, 46.24, 1.79967
PHY_27, 111.32, 46.24, 1.79967
FILLER_0_13_220, 111.32, 46.24, 1.79967
_470_, 31.97, 46.24, 1.79961
_754_, 31.97, 46.24, 1.79961
_756_, 31.97, 46.24, 1.79961
hold26, 31.97, 46.24, 1.79961
hold52, 31.97, 46.24, 1.79961
FILLER_0_13_57, 31.97, 46.24, 1.79961
FILLER_0_13_68, 31.97, 46.24, 1.79961
_606_, 58.42, 46.24, 1.79964
_610_, 58.42, 46.24, 1.79964
_611_, 58.42, 46.24, 1.79964
_780_, 58.42, 46.24, 1.79964
FILLER_0_13_102, 58.42, 46.24, 1.79964
FILLER_0_13_129, 58.42, 46.24, 1.79964
FILLER_0_14_125, 58.42, 46.24, 1.79964
_774_, 84.87, 46.24, 1.79966
hold68, 84.87, 46.24, 1.79966
FILLER_0_12_169, 84.87, 46.24, 1.79966
FILLER_0_13_162, 84.87, 46.24, 1.79966
FILLER_0_13_169, 84.87, 46.24, 1.79966
FILLER_0_13_177, 84.87, 46.24, 1.79966
FILLER_0_13_185, 84.87, 46.24, 1.79966
FILLER_0_14_182, 84.87, 46.24, 1.79966
_803_, 5.52, 40.8, 1.79955
_804_, 5.52, 40.8, 1.79955
PHY_20, 5.52, 40.8, 1.79955
PHY_22, 5.52, 40.8, 1.79955
input5, 5.52, 40.8, 1.79955
_658_, 111.32, 40.8, 1.79964
_661_, 111.32, 40.8, 1.79964
PHY_21, 111.32, 40.8, 1.79964
PHY_23, 111.32, 40.8, 1.79964
_622_, 31.97, 40.8, 1.79949
_916_, 31.97, 40.8, 1.79949
clkbuf_3_1__f_clk, 31.97, 40.8, 1.79949
hold25, 31.97, 40.8, 1.79949
FILLER_0_11_65, 31.97, 40.8, 1.79949
_472_, 58.42, 40.8, 1.79957
_615_, 58.42, 40.8, 1.79957
_913_, 58.42, 40.8, 1.79957
_914_, 58.42, 40.8, 1.79957
hold76, 58.42, 40.8, 1.79957
FILLER_0_11_129, 58.42, 40.8, 1.79957
_582_, 84.87, 40.8, 1.79961
_667_, 84.87, 40.8, 1.79961
_668_, 84.87, 40.8, 1.79961
_670_, 84.87, 40.8, 1.79961
_928_, 84.87, 40.8, 1.79961
_929_, 84.87, 40.8, 1.79961
hold61, 84.87, 40.8, 1.79961
PHY_16, 5.52, 35.36, 1.79954
PHY_18, 5.52, 35.36, 1.79954
PHY_17, 111.32, 35.36, 1.79964
PHY_19, 111.32, 35.36, 1.79964
_473_, 31.97, 35.36, 1.79957
_475_, 31.97, 35.36, 1.79957
_476_, 31.97, 35.36, 1.79957
_755_, 31.97, 35.36, 1.79957
FILLER_0_9_51, 31.97, 35.36, 1.79957
_603_, 58.42, 35.36, 1.79961
_608_, 58.42, 35.36, 1.79961
_614_, 58.42, 35.36, 1.79961
_637_, 58.42, 35.36, 1.79961
FILLER_0_8_106, 58.42, 35.36, 1.79961
FILLER_0_9_101, 58.42, 35.36, 1.79961
FILLER_0_9_109, 58.42, 35.36, 1.79961
FILLER_0_10_128, 58.42, 35.36, 1.79961
_525_, 84.87, 35.36, 1.79963
_662_, 84.87, 35.36, 1.79963
_669_, 84.87, 35.36, 1.79963
hold14, 84.87, 35.36, 1.79963
hold32, 84.87, 35.36, 1.79963
FILLER_0_9_162, 84.87, 35.36, 1.79963
FILLER_0_10_181, 84.87, 35.36, 1.79963
PHY_12, 5.52, 29.92, 1.79959
PHY_14, 5.52, 29.92, 1.79959
PHY_13, 111.32, 29.92, 1.79961
PHY_15, 111.32, 29.92, 1.79961
FILLER_0_6_220, 111.32, 29.92, 1.79961
FILLER_0_7_217, 111.32, 29.92, 1.79961
_478_, 31.97, 29.92, 1.79958
_626_, 31.97, 29.92, 1.79958
_760_, 31.97, 29.92, 1.79958
_761_, 31.97, 29.92, 1.79958
hold13, 31.97, 29.92, 1.79958
FILLER_0_7_52, 31.97, 29.92, 1.79958
FILLER_0_8_70, 31.97, 29.92, 1.79958
_599_, 58.42, 29.92, 1.79959
_604_, 58.42, 29.92, 1.79959
_605_, 58.42, 29.92, 1.79959
_446_, 84.87, 29.92, 1.79959
_523_, 84.87, 29.92, 1.79959
_671_, 84.87, 29.92, 1.79959
_672_, 84.87, 29.92, 1.79959
_927_, 84.87, 29.92, 1.79959
_930_, 84.87, 29.92, 1.79959
hold50, 84.87, 29.92, 1.79959
PHY_8, 5.52, 24.48, 1.79957
PHY_10, 5.52, 24.48, 1.79957
PHY_9, 111.32, 24.48, 1.79958
PHY_11, 111.32, 24.48, 1.79958
FILLER_0_4_221, 111.32, 24.48, 1.79958
FILLER_0_5_216, 111.32, 24.48, 1.79958
_469_, 31.97, 24.48, 1.79954
_479_, 31.97, 24.48, 1.79954
_764_, 31.97, 24.48, 1.79954
_765_, 31.97, 24.48, 1.79954
_917_, 31.97, 24.48, 1.79954
FILLER_0_4_56, 31.97, 24.48, 1.79954
FILLER_0_5_46, 31.97, 24.48, 1.79954
FILLER_0_5_57, 31.97, 24.48, 1.79954
_600_, 58.42, 24.48, 1.79949
_601_, 58.42, 24.48, 1.79949
clkbuf_3_4__f_clk, 58.42, 24.48, 1.79949
FILLER_0_5_109, 58.42, 24.48, 1.79949
FILLER_0_5_125, 58.42, 24.48, 1.79949
FILLER_0_6_122, 58.42, 24.48, 1.79949
FILLER_0_6_129, 58.42, 24.48, 1.79949
_445_, 84.87, 24.48, 1.79951
_574_, 84.87, 24.48, 1.79951
_575_, 84.87, 24.48, 1.79951
clkbuf_3_5__f_clk, 84.87, 24.48, 1.79951
hold46, 84.87, 24.48, 1.79951
FILLER_0_4_167, 84.87, 24.48, 1.79951
FILLER_0_5_169, 84.87, 24.48, 1.79951
FILLER_0_6_180, 84.87, 24.48, 1.79951
PHY_4, 5.52, 19.04, 1.79959
PHY_6, 5.52, 19.04, 1.79959
PHY_5, 111.32, 19.04, 1.79961
PHY_7, 111.32, 19.04, 1.79961
FILLER_0_2_220, 111.32, 19.04, 1.79961
FILLER_0_3_216, 111.32, 19.04, 1.79961
_481_, 31.97, 19.04, 1.79958
hold3, 31.97, 19.04, 1.79958
hold7, 31.97, 19.04, 1.79958
hold29, 31.97, 19.04, 1.79958
FILLER_0_3_65, 31.97, 19.04, 1.79958
FILLER_0_4_64, 31.97, 19.04, 1.79958
_645_, 58.42, 19.04, 1.79958
_646_, 58.42, 19.04, 1.79958
_919_, 58.42, 19.04, 1.79958
hold73, 58.42, 19.04, 1.79958
FILLER_0_4_121, 58.42, 19.04, 1.79958
FILLER_0_4_129, 58.42, 19.04, 1.79958
_442_, 84.87, 19.04, 1.79958
_443_, 84.87, 19.04, 1.79958
_444_, 84.87, 19.04, 1.79958
_521_, 84.87, 19.04, 1.79958
_572_, 84.87, 19.04, 1.79958
_902_, 84.87, 19.04, 1.79958
_903_, 84.87, 19.04, 1.79958
FILLER_0_3_174, 84.87, 19.04, 1.79958
PHY_0, 5.52, 13.6, 1.79956
PHY_2, 5.52, 13.6, 1.79956
input2, 5.52, 13.6, 1.79956
PHY_1, 111.32, 13.6, 1.79961
PHY_3, 111.32, 13.6, 1.79961
input1, 111.32, 13.6, 1.79961
_467_, 31.97, 13.6, 1.79955
_480_, 31.97, 13.6, 1.79955
_767_, 31.97, 13.6, 1.79955
_768_, 31.97, 13.6, 1.79955
_958_, 31.97, 13.6, 1.79955
FILLER_0_0_53, 31.97, 13.6, 1.79955
_466_, 58.42, 13.6, 1.79956
_639_, 58.42, 13.6, 1.79956
_640_, 58.42, 13.6, 1.79956
_643_, 58.42, 13.6, 1.79956
_644_, 58.42, 13.6, 1.79956
_647_, 58.42, 13.6, 1.79956
_648_, 58.42, 13.6, 1.79956
_673_, 58.42, 13.6, 1.79956
_899_, 58.42, 13.6, 1.79956
FILLER_0_0_103, 58.42, 13.6, 1.79956
FILLER_0_0_125, 58.42, 13.6, 1.79956
FILLER_0_1_104, 58.42, 13.6, 1.79956
FILLER_0_1_124, 58.42, 13.6, 1.79956
_520_, 84.87, 13.6, 1.79958
_565_, 84.87, 13.6, 1.79958
_570_, 84.87, 13.6, 1.79958
_571_, 84.87, 13.6, 1.79958
_900_, 84.87, 13.6, 1.79958
_901_, 84.87, 13.6, 1.79958
hold39, 84.87, 13.6, 1.79958
hold64, 84.87, 13.6, 1.79958
FILLER_0_0_165, 84.87, 13.6, 1.79958
FILLER_0_0_169, 84.87, 13.6, 1.79958

