Instance name,  X location,  Y location,  Voltage 
input3, 101.395, 114.24, 0.000340294
FILLER_0_37_214, 101.395, 108.8, 0.000354467
_595_, 101.395, 103.36, 0.000343114
FILLER_0_33_197, 101.395, 103.36, 0.000343114
FILLER_0_35_216, 101.395, 103.36, 0.000343114
_596_, 101.395, 97.92, 0.000344757
_690_, 101.395, 97.92, 0.000344757
_691_, 101.395, 97.92, 0.000344757
FILLER_0_32_202, 101.395, 97.92, 0.000344757
_940_, 101.395, 92.48, 0.000364657
_680_, 101.395, 87.04, 0.00034327
_935_, 101.395, 87.04, 0.00034327
hold51, 101.395, 87.04, 0.00034327
FILLER_0_28_197, 101.395, 87.04, 0.00034327
FILLER_0_28_205, 101.395, 87.04, 0.00034327
FILLER_0_29_215, 101.395, 87.04, 0.00034327
_452_, 101.395, 81.6, 0.000348664
_677_, 101.395, 81.6, 0.000348664
_678_, 101.395, 81.6, 0.000348664
_679_, 101.395, 81.6, 0.000348664
_934_, 101.395, 81.6, 0.000348664
hold41, 101.395, 81.6, 0.000348664
hold60, 101.395, 81.6, 0.000348664
_451_, 101.395, 76.16, 0.000348756
_527_, 101.395, 76.16, 0.000348756
_528_, 101.395, 76.16, 0.000348756
_675_, 101.395, 76.16, 0.000348756
_683_, 101.395, 76.16, 0.000348756
_933_, 101.395, 76.16, 0.000348756
_676_, 101.395, 70.72, 0.000328426
_912_, 101.395, 70.72, 0.000328426
_923_, 101.395, 70.72, 0.000328426
FILLER_0_21_202, 101.395, 70.72, 0.000328426
FILLER_0_23_216, 101.395, 70.72, 0.000328426
_590_, 101.395, 65.28, 0.000323812
_593_, 101.395, 65.28, 0.000323812
_594_, 101.395, 65.28, 0.000323812
_911_, 101.395, 65.28, 0.000323812
hold53, 101.395, 65.28, 0.000323812
hold58, 101.395, 65.28, 0.000323812
_587_, 101.395, 59.84, 0.00032283
_968_, 101.395, 59.84, 0.00032283
hold34, 101.395, 59.84, 0.00032283
hold54, 101.395, 59.84, 0.00032283
_462_, 101.395, 54.4, 0.000294286
_464_, 101.395, 54.4, 0.000294286
_465_, 101.395, 54.4, 0.000294286
_535_, 101.395, 54.4, 0.000294286
_537_, 101.395, 54.4, 0.000294286
_908_, 101.395, 54.4, 0.000294286
_536_, 101.395, 48.96, 0.000288142
_585_, 101.395, 48.96, 0.000288142
_905_, 101.395, 48.96, 0.000288142
_906_, 101.395, 48.96, 0.000288142
hold12, 101.395, 48.96, 0.000288142
_463_, 101.395, 43.52, 0.000297643
_583_, 101.395, 43.52, 0.000297643
_584_, 101.395, 43.52, 0.000297643
_586_, 101.395, 43.52, 0.000297643
_907_, 101.395, 43.52, 0.000297643
FILLER_0_11_205, 101.395, 43.52, 0.000297643
FILLER_0_12_197, 101.395, 43.52, 0.000297643
_449_, 101.395, 38.08, 0.000299619
_524_, 101.395, 38.08, 0.000299619
_658_, 101.395, 38.08, 0.000299619
_659_, 101.395, 38.08, 0.000299619
_925_, 101.395, 38.08, 0.000299619
hold38, 101.395, 38.08, 0.000299619
hold47, 101.395, 38.08, 0.000299619
FILLER_0_10_200, 101.395, 38.08, 0.000299619
_447_, 101.395, 32.64, 0.000317158
_448_, 101.395, 32.64, 0.000317158
_924_, 101.395, 32.64, 0.000317158
_926_, 101.395, 32.64, 0.000317158
FILLER_0_8_207, 101.395, 32.64, 0.000317158
_663_, 101.395, 27.2, 0.000304465
_664_, 101.395, 27.2, 0.000304465
hold33, 101.395, 27.2, 0.000304465
hold63, 101.395, 27.2, 0.000304465
FILLER_0_6_197, 101.395, 27.2, 0.000304465
FILLER_0_7_217, 101.395, 27.2, 0.000304465
_660_, 101.395, 21.76, 0.000362928
_904_, 101.395, 21.76, 0.000362928
FILLER_0_5_216, 101.395, 21.76, 0.000362928
_578_, 101.395, 16.32, 0.000318938
_579_, 101.395, 16.32, 0.000318938
hold59, 101.395, 16.32, 0.000318938
FILLER_0_1_201, 101.395, 16.32, 0.000318938
FILLER_0_3_216, 101.395, 16.32, 0.000318938
input4, 101.395, 10.88, 0.000309873
FILLER_0_0_212, 101.395, 10.88, 0.000309873
_861_, 74.945, 108.8, 0.000375627
_864_, 74.945, 108.8, 0.000375627
_985_, 74.945, 108.8, 0.000375627
FILLER_0_36_157, 74.945, 108.8, 0.000375627
FILLER_0_37_165, 74.945, 108.8, 0.000375627
_850_, 74.945, 103.36, 0.000354477
_855_, 74.945, 103.36, 0.000354477
_859_, 74.945, 103.36, 0.000354477
_862_, 74.945, 103.36, 0.000354477
_863_, 74.945, 103.36, 0.000354477
FILLER_0_33_150, 74.945, 103.36, 0.000354477
FILLER_0_34_141, 74.945, 103.36, 0.000354477
FILLER_0_34_162, 74.945, 103.36, 0.000354477
FILLER_0_35_156, 74.945, 103.36, 0.000354477
_815_, 74.945, 97.92, 0.000351949
_816_, 74.945, 97.92, 0.000351949
_854_, 74.945, 97.92, 0.000351949
_860_, 74.945, 97.92, 0.000351949
FILLER_0_32_160, 74.945, 97.92, 0.000351949
_812_, 74.945, 92.48, 0.000376915
_833_, 74.945, 92.48, 0.000376915
_835_, 74.945, 92.48, 0.000376915
_836_, 74.945, 92.48, 0.000376915
_837_, 74.945, 92.48, 0.000376915
_844_, 74.945, 92.48, 0.000376915
FILLER_0_30_164, 74.945, 92.48, 0.000376915
FILLER_0_31_159, 74.945, 92.48, 0.000376915
_834_, 74.945, 87.04, 0.000354412
_838_, 74.945, 87.04, 0.000354412
_839_, 74.945, 87.04, 0.000354412
_840_, 74.945, 87.04, 0.000354412
_982_, 74.945, 87.04, 0.000354412
FILLER_0_28_141, 74.945, 87.04, 0.000354412
FILLER_0_28_158, 74.945, 87.04, 0.000354412
_827_, 74.945, 81.6, 0.000357003
_828_, 74.945, 81.6, 0.000357003
_829_, 74.945, 81.6, 0.000357003
_830_, 74.945, 81.6, 0.000357003
_832_, 74.945, 81.6, 0.000357003
_980_, 74.945, 81.6, 0.000357003
FILLER_0_25_139, 74.945, 81.6, 0.000357003
FILLER_0_26_141, 74.945, 81.6, 0.000357003
FILLER_0_27_158, 74.945, 81.6, 0.000357003
_818_, 74.945, 76.16, 0.000386824
_826_, 74.945, 76.16, 0.000386824
_831_, 74.945, 76.16, 0.000386824
clkbuf_3_6__f_clk, 74.945, 76.16, 0.000386824
hold71, 74.945, 76.16, 0.000386824
FILLER_0_23_139, 74.945, 76.16, 0.000386824
FILLER_0_23_149, 74.945, 76.16, 0.000386824
FILLER_0_25_165, 74.945, 76.16, 0.000386824
_811_, 74.945, 70.72, 0.000329012
_814_, 74.945, 70.72, 0.000329012
_821_, 74.945, 70.72, 0.000329012
_822_, 74.945, 70.72, 0.000329012
_823_, 74.945, 70.72, 0.000329012
FILLER_0_22_141, 74.945, 70.72, 0.000329012
FILLER_0_22_160, 74.945, 70.72, 0.000329012
FILLER_0_23_159, 74.945, 70.72, 0.000329012
_807_, 74.945, 65.28, 0.00035318
_808_, 74.945, 65.28, 0.00035318
_809_, 74.945, 65.28, 0.00035318
_810_, 74.945, 65.28, 0.00035318
_813_, 74.945, 65.28, 0.00035318
_922_, 74.945, 65.28, 0.00035318
FILLER_0_19_147, 74.945, 65.28, 0.00035318
FILLER_0_20_141, 74.945, 65.28, 0.00035318
_457_, 74.945, 59.84, 0.000300876
_538_, 74.945, 59.84, 0.000300876
_656_, 74.945, 59.84, 0.000300876
_657_, 74.945, 59.84, 0.000300876
_456_, 74.945, 54.4, 0.000279262
_530_, 74.945, 54.4, 0.000279262
_540_, 74.945, 54.4, 0.000279262
_547_, 74.945, 54.4, 0.000279262
_772_, 74.945, 54.4, 0.000279262
_960_, 74.945, 54.4, 0.000279262
_963_, 74.945, 54.4, 0.000279262
hold40, 74.945, 54.4, 0.000279262
_455_, 74.945, 48.96, 0.000259394
_773_, 74.945, 48.96, 0.000259394
_776_, 74.945, 48.96, 0.000259394
_777_, 74.945, 48.96, 0.000259394
_779_, 74.945, 48.96, 0.000259394
_962_, 74.945, 48.96, 0.000259394
hold42, 74.945, 48.96, 0.000259394
_471_, 74.945, 43.52, 0.000292276
_941_, 74.945, 43.52, 0.000292276
_967_, 74.945, 43.52, 0.000292276
FILLER_0_13_162, 74.945, 43.52, 0.000292276
_582_, 74.945, 38.08, 0.000295546
_597_, 74.945, 38.08, 0.000295546
_613_, 74.945, 38.08, 0.000295546
_668_, 74.945, 38.08, 0.000295546
_670_, 74.945, 38.08, 0.000295546
_692_, 74.945, 38.08, 0.000295546
_693_, 74.945, 38.08, 0.000295546
_787_, 74.945, 38.08, 0.000295546
_788_, 74.945, 38.08, 0.000295546
_929_, 74.945, 38.08, 0.000295546
FILLER_0_10_149, 74.945, 38.08, 0.000295546
FILLER_0_10_157, 74.945, 38.08, 0.000295546
FILLER_0_11_156, 74.945, 38.08, 0.000295546
_598_, 74.945, 32.64, 0.000302817
_654_, 74.945, 32.64, 0.000302817
_662_, 74.945, 32.64, 0.000302817
_921_, 74.945, 32.64, 0.000302817
FILLER_0_8_157, 74.945, 32.64, 0.000302817
FILLER_0_9_162, 74.945, 32.64, 0.000302817
_655_, 74.945, 27.2, 0.000308732
_671_, 74.945, 27.2, 0.000308732
_672_, 74.945, 27.2, 0.000308732
_931_, 74.945, 27.2, 0.000308732
hold50, 74.945, 27.2, 0.000308732
FILLER_0_5_149, 74.945, 27.2, 0.000308732
FILLER_0_6_137, 74.945, 27.2, 0.000308732
FILLER_0_6_157, 74.945, 27.2, 0.000308732
_445_, 74.945, 21.76, 0.000375847
_522_, 74.945, 21.76, 0.000375847
_564_, 74.945, 21.76, 0.000375847
_566_, 74.945, 21.76, 0.000375847
_895_, 74.945, 21.76, 0.000375847
hold62, 74.945, 21.76, 0.000375847
FILLER_0_4_141, 74.945, 21.76, 0.000375847
_443_, 74.945, 16.32, 0.000326156
_521_, 74.945, 16.32, 0.000326156
_897_, 74.945, 16.32, 0.000326156
_898_, 74.945, 16.32, 0.000326156
hold24, 74.945, 16.32, 0.000326156
hold67, 74.945, 16.32, 0.000326156
FILLER_0_1_144, 74.945, 16.32, 0.000326156
_565_, 74.945, 10.88, 0.000309491
FILLER_0_0_165, 74.945, 10.88, 0.000309491
FILLER_0_37_81, 48.495, 114.24, 0.000342862
_893_, 48.495, 108.8, 0.000388536
output10, 48.495, 108.8, 0.000388536
FILLER_0_35_91, 48.495, 108.8, 0.000388536
FILLER_0_36_81, 48.495, 108.8, 0.000388536
FILLER_0_36_85, 48.495, 108.8, 0.000388536
FILLER_0_36_93, 48.495, 108.8, 0.000388536
FILLER_0_37_97, 48.495, 108.8, 0.000388536
FILLER_0_37_107, 48.495, 108.8, 0.000388536
_548_, 48.495, 103.36, 0.000366489
_556_, 48.495, 103.36, 0.000366489
_559_, 48.495, 103.36, 0.000366489
_560_, 48.495, 103.36, 0.000366489
_892_, 48.495, 103.36, 0.000366489
FILLER_0_33_91, 48.495, 103.36, 0.000366489
FILLER_0_34_85, 48.495, 103.36, 0.000366489
_555_, 48.495, 97.92, 0.000344794
_557_, 48.495, 97.92, 0.000344794
FILLER_0_31_92, 48.495, 97.92, 0.000344794
_546_, 48.495, 92.48, 0.000387878
_553_, 48.495, 92.48, 0.000387878
_554_, 48.495, 92.48, 0.000387878
_729_, 48.495, 92.48, 0.000387878
_733_, 48.495, 92.48, 0.000387878
_890_, 48.495, 92.48, 0.000387878
_891_, 48.495, 92.48, 0.000387878
FILLER_0_30_89, 48.495, 92.48, 0.000387878
FILLER_0_31_103, 48.495, 92.48, 0.000387878
_539_, 48.495, 87.04, 0.000342537
_544_, 48.495, 87.04, 0.000342537
_887_, 48.495, 87.04, 0.000342537
hold18, 48.495, 87.04, 0.000342537
FILLER_0_27_81, 48.495, 87.04, 0.000342537
FILLER_0_28_85, 48.495, 87.04, 0.000342537
_545_, 48.495, 81.6, 0.000357447
_714_, 48.495, 81.6, 0.000357447
_889_, 48.495, 81.6, 0.000357447
hold17, 48.495, 81.6, 0.000357447
FILLER_0_25_93, 48.495, 81.6, 0.000357447
_888_, 48.495, 76.16, 0.000359463
FILLER_0_24_80, 48.495, 76.16, 0.000359463
_489_, 48.495, 70.72, 0.000308072
_697_, 48.495, 70.72, 0.000308072
_699_, 48.495, 70.72, 0.000308072
_709_, 48.495, 70.72, 0.000308072
_710_, 48.495, 70.72, 0.000308072
_711_, 48.495, 70.72, 0.000308072
_751_, 48.495, 70.72, 0.000308072
FILLER_0_22_98, 48.495, 70.72, 0.000308072
_694_, 48.495, 65.28, 0.000332516
_695_, 48.495, 65.28, 0.000332516
_696_, 48.495, 65.28, 0.000332516
_950_, 48.495, 65.28, 0.000332516
_551_, 48.495, 59.84, 0.000247417
_865_, 48.495, 59.84, 0.000247417
_977_, 48.495, 59.84, 0.000247417
FILLER_0_17_83, 48.495, 59.84, 0.000247417
FILLER_0_18_80, 48.495, 59.84, 0.000247417
FILLER_0_18_103, 48.495, 59.84, 0.000247417
FILLER_0_19_105, 48.495, 59.84, 0.000247417
_630_, 48.495, 54.4, 0.000227424
_784_, 48.495, 54.4, 0.000227424
_785_, 48.495, 54.4, 0.000227424
_786_, 48.495, 54.4, 0.000227424
_805_, 48.495, 54.4, 0.000227424
_806_, 48.495, 54.4, 0.000227424
_965_, 48.495, 54.4, 0.000227424
FILLER_0_15_88, 48.495, 54.4, 0.000227424
FILLER_0_16_81, 48.495, 54.4, 0.000227424
_621_, 48.495, 48.96, 0.00021885
_966_, 48.495, 48.96, 0.00021885
FILLER_0_14_85, 48.495, 48.96, 0.00021885
_606_, 48.495, 43.52, 0.000260278
_616_, 48.495, 43.52, 0.000260278
_617_, 48.495, 43.52, 0.000260278
_618_, 48.495, 43.52, 0.000260278
_620_, 48.495, 43.52, 0.000260278
_623_, 48.495, 43.52, 0.000260278
_628_, 48.495, 43.52, 0.000260278
FILLER_0_13_102, 48.495, 43.52, 0.000260278
_607_, 48.495, 38.08, 0.000300479
_609_, 48.495, 38.08, 0.000300479
_619_, 48.495, 38.08, 0.000300479
_913_, 48.495, 38.08, 0.000300479
hold76, 48.495, 38.08, 0.000300479
FILLER_0_10_85, 48.495, 38.08, 0.000300479
FILLER_0_10_99, 48.495, 38.08, 0.000300479
_633_, 48.495, 32.64, 0.000278248
_635_, 48.495, 32.64, 0.000278248
_636_, 48.495, 32.64, 0.000278248
_637_, 48.495, 32.64, 0.000278248
_638_, 48.495, 32.64, 0.000278248
FILLER_0_8_106, 48.495, 32.64, 0.000278248
FILLER_0_9_101, 48.495, 32.64, 0.000278248
_629_, 48.495, 27.2, 0.000307511
_634_, 48.495, 27.2, 0.000307511
_642_, 48.495, 27.2, 0.000307511
_918_, 48.495, 27.2, 0.000307511
FILLER_0_6_85, 48.495, 27.2, 0.000307511
_641_, 48.495, 21.76, 0.000335583
_650_, 48.495, 21.76, 0.000335583
FILLER_0_3_80, 48.495, 21.76, 0.000335583
_645_, 48.495, 16.32, 0.000312493
_649_, 48.495, 16.32, 0.000312493
_651_, 48.495, 16.32, 0.000312493
_652_, 48.495, 16.32, 0.000312493
_653_, 48.495, 16.32, 0.000312493
_770_, 48.495, 16.32, 0.000312493
_920_, 48.495, 16.32, 0.000312493
FILLER_0_1_82, 48.495, 16.32, 0.000312493
FILLER_0_3_99, 48.495, 16.32, 0.000312493
_466_, 48.495, 10.88, 0.000309202
_643_, 48.495, 10.88, 0.000309202
output8, 48.495, 10.88, 0.000309202
FILLER_0_0_81, 48.495, 10.88, 0.000309202
FILLER_0_0_103, 48.495, 10.88, 0.000309202
FILLER_0_1_104, 48.495, 10.88, 0.000309202
_949_, 22.045, 108.8, 0.000403539
hold2, 22.045, 108.8, 0.000403539
FILLER_0_35_33, 22.045, 108.8, 0.000403539
FILLER_0_36_37, 22.045, 108.8, 0.000403539
_500_, 22.045, 103.36, 0.000366172
_745_, 22.045, 103.36, 0.000366172
_746_, 22.045, 103.36, 0.000366172
_749_, 22.045, 103.36, 0.000366172
FILLER_0_35_41, 22.045, 103.36, 0.000366172
_498_, 22.045, 97.92, 0.000347933
hold6, 22.045, 97.92, 0.000347933
_486_, 22.045, 92.48, 0.000405556
_497_, 22.045, 92.48, 0.000405556
_499_, 22.045, 92.48, 0.000405556
_946_, 22.045, 92.48, 0.000405556
FILLER_0_31_42, 22.045, 92.48, 0.000405556
_487_, 22.045, 87.04, 0.000346907
_496_, 22.045, 87.04, 0.000346907
_723_, 22.045, 87.04, 0.000346907
_879_, 22.045, 87.04, 0.000346907
hold11, 22.045, 87.04, 0.000346907
FILLER_0_28_37, 22.045, 87.04, 0.000346907
_488_, 22.045, 81.6, 0.000420937
_945_, 22.045, 81.6, 0.000420937
hold66, 22.045, 81.6, 0.000420937
FILLER_0_27_39, 22.045, 81.6, 0.000420937
FILLER_0_27_50, 22.045, 81.6, 0.000420937
_492_, 22.045, 76.16, 0.000366826
_493_, 22.045, 76.16, 0.000366826
_494_, 22.045, 76.16, 0.000366826
_495_, 22.045, 76.16, 0.000366826
_719_, 22.045, 76.16, 0.000366826
_722_, 22.045, 76.16, 0.000366826
_869_, 22.045, 76.16, 0.000366826
hold16, 22.045, 76.16, 0.000366826
_491_, 22.045, 70.72, 0.00032233
_871_, 22.045, 70.72, 0.00032233
hold4, 22.045, 70.72, 0.00032233
hold31, 22.045, 70.72, 0.00032233
_705_, 22.045, 65.28, 0.000316367
_868_, 22.045, 65.28, 0.000316367
_942_, 22.045, 65.28, 0.000316367
FILLER_0_20_41, 22.045, 65.28, 0.000316367
FILLER_0_21_41, 22.045, 65.28, 0.000316367
_791_, 22.045, 59.84, 0.000266209
_794_, 22.045, 59.84, 0.000266209
_796_, 22.045, 59.84, 0.000266209
_972_, 22.045, 59.84, 0.000266209
hold43, 22.045, 59.84, 0.000266209
FILLER_0_18_40, 22.045, 59.84, 0.000266209
_458_, 22.045, 54.4, 0.000250503
_971_, 22.045, 54.4, 0.000250503
hold49, 22.045, 54.4, 0.000250503
FILLER_0_15_32, 22.045, 54.4, 0.000250503
_752_, 22.045, 48.96, 0.000247345
_793_, 22.045, 48.96, 0.000247345
_970_, 22.045, 48.96, 0.000247345
hold72, 22.045, 48.96, 0.000247345
FILLER_0_13_34, 22.045, 48.96, 0.000247345
_754_, 22.045, 43.52, 0.000279157
_757_, 22.045, 43.52, 0.000279157
hold8, 22.045, 43.52, 0.000279157
hold26, 22.045, 43.52, 0.000279157
FILLER_0_13_42, 22.045, 43.52, 0.000279157
_952_, 22.045, 38.08, 0.000423685
_953_, 22.045, 38.08, 0.000423685
clkbuf_3_1__f_clk, 22.045, 38.08, 0.000423685
_755_, 22.045, 32.64, 0.000285616
_758_, 22.045, 32.64, 0.000285616
_759_, 22.045, 32.64, 0.000285616
_954_, 22.045, 32.64, 0.000285616
hold70, 22.045, 32.64, 0.000285616
FILLER_0_8_29, 22.045, 32.64, 0.000285616
FILLER_0_9_36, 22.045, 32.64, 0.000285616
_760_, 22.045, 27.2, 0.000305437
_955_, 22.045, 27.2, 0.000305437
hold13, 22.045, 27.2, 0.000305437
FILLER_0_5_27, 22.045, 27.2, 0.000305437
FILLER_0_6_29, 22.045, 27.2, 0.000305437
_762_, 22.045, 21.76, 0.000302188
_763_, 22.045, 21.76, 0.000302188
_764_, 22.045, 21.76, 0.000302188
FILLER_0_3_27, 22.045, 21.76, 0.000302188
FILLER_0_4_41, 22.045, 21.76, 0.000302188
FILLER_0_5_46, 22.045, 21.76, 0.000302188
_766_, 22.045, 16.32, 0.000312522
_769_, 22.045, 16.32, 0.000312522
_957_, 22.045, 16.32, 0.000312522
hold29, 22.045, 16.32, 0.000312522
FILLER_0_1_27, 22.045, 16.32, 0.000312522
_956_, 22.045, 10.88, 0.000302746
PHY_74, 5.52, 114.24, 0.000347263
PHY_75, 111.32, 114.24, 0.000340294
FILLER_0_37_53, 35.27, 114.24, 0.000345063
_858_, 88.17, 114.24, 0.000342035
PHY_70, 5.52, 108.8, 0.000460403
PHY_72, 5.52, 108.8, 0.000460403
output9, 5.52, 108.8, 0.000460403
PHY_71, 111.32, 108.8, 0.000354804
PHY_73, 111.32, 108.8, 0.000354804
input6, 111.32, 108.8, 0.000354804
FILLER_0_36_221, 111.32, 108.8, 0.000354804
_501_, 13.782, 108.8, 0.000439473
_886_, 13.782, 108.8, 0.000439473
_994_, 13.782, 108.8, 0.000439473
FILLER_0_36_15, 13.782, 108.8, 0.000439473
FILLER_0_36_24, 13.782, 108.8, 0.000439473
FILLER_0_37_21, 13.782, 108.8, 0.000439473
_739_, 35.27, 108.8, 0.000397731
_742_, 35.27, 108.8, 0.000397731
_743_, 35.27, 108.8, 0.000397731
_748_, 35.27, 108.8, 0.000397731
FILLER_0_36_60, 35.27, 108.8, 0.000397731
FILLER_0_36_75, 35.27, 108.8, 0.000397731
_503_, 61.72, 108.8, 0.000398781
_519_, 61.72, 108.8, 0.000398781
_562_, 61.72, 108.8, 0.000398781
_894_, 61.72, 108.8, 0.000398781
hold1, 61.72, 108.8, 0.000398781
hold9, 61.72, 108.8, 0.000398781
FILLER_0_37_125, 61.72, 108.8, 0.000398781
_856_, 88.17, 108.8, 0.000375093
_857_, 88.17, 108.8, 0.000375093
_984_, 88.17, 108.8, 0.000375093
FILLER_0_37_185, 88.17, 108.8, 0.000375093
FILLER_0_37_193, 88.17, 108.8, 0.000375093
PHY_66, 5.52, 103.36, 0.00036673
PHY_68, 5.52, 103.36, 0.00036673
FILLER_0_35_3, 5.52, 103.36, 0.00036673
PHY_67, 111.32, 103.36, 0.000343114
PHY_69, 111.32, 103.36, 0.000343114
FILLER_0_34_221, 111.32, 103.36, 0.000343114
_885_, 13.782, 103.36, 0.00036673
FILLER_0_33_15, 13.782, 103.36, 0.00036673
FILLER_0_34_15, 13.782, 103.36, 0.00036673
_484_, 35.27, 103.36, 0.000380609
_735_, 35.27, 103.36, 0.000380609
_736_, 35.27, 103.36, 0.000380609
_740_, 35.27, 103.36, 0.000380609
_741_, 35.27, 103.36, 0.000380609
_744_, 35.27, 103.36, 0.000380609
_747_, 35.27, 103.36, 0.000380609
_948_, 35.27, 103.36, 0.000380609
hold74, 35.27, 103.36, 0.000380609
_502_, 61.72, 103.36, 0.000367674
_516_, 61.72, 103.36, 0.000367674
_518_, 61.72, 103.36, 0.000367674
_558_, 61.72, 103.36, 0.000367674
_561_, 61.72, 103.36, 0.000367674
hold19, 61.72, 103.36, 0.000367674
FILLER_0_33_113, 61.72, 103.36, 0.000367674
FILLER_0_34_123, 61.72, 103.36, 0.000367674
FILLER_0_34_135, 61.72, 103.36, 0.000367674
_849_, 88.17, 103.36, 0.000350289
_853_, 88.17, 103.36, 0.000350289
FILLER_0_34_186, 88.17, 103.36, 0.000350289
PHY_62, 5.52, 97.92, 0.000349137
PHY_64, 5.52, 97.92, 0.000349137
PHY_63, 111.32, 97.92, 0.000344757
PHY_65, 111.32, 97.92, 0.000344757
FILLER_0_32_223, 111.32, 97.92, 0.000344757
_485_, 13.782, 97.92, 0.000349137
_880_, 13.782, 97.92, 0.000349137
_883_, 13.782, 97.92, 0.000349137
FILLER_0_32_15, 13.782, 97.92, 0.000349137
FILLER_0_32_25, 13.782, 97.92, 0.000349137
_727_, 35.27, 97.92, 0.000350194
_730_, 35.27, 97.92, 0.000350194
_731_, 35.27, 97.92, 0.000350194
FILLER_0_32_79, 35.27, 97.92, 0.000350194
FILLER_0_33_76, 35.27, 97.92, 0.000350194
_504_, 61.72, 97.92, 0.000353874
_517_, 61.72, 97.92, 0.000353874
hold45, 61.72, 97.92, 0.000353874
FILLER_0_31_113, 61.72, 97.92, 0.000353874
FILLER_0_32_121, 61.72, 97.92, 0.000353874
_843_, 88.17, 97.92, 0.000355653
_845_, 88.17, 97.92, 0.000355653
_846_, 88.17, 97.92, 0.000355653
_852_, 88.17, 97.92, 0.000355653
FILLER_0_32_172, 88.17, 97.92, 0.000355653
_993_, 5.52, 92.48, 0.000436128
PHY_58, 5.52, 92.48, 0.000436128
PHY_60, 5.52, 92.48, 0.000436128
FILLER_0_30_3, 5.52, 92.48, 0.000436128
PHY_59, 111.32, 92.48, 0.000364657
PHY_61, 111.32, 92.48, 0.000364657
_882_, 13.782, 92.48, 0.000426373
_884_, 13.782, 92.48, 0.000426373
_992_, 13.782, 92.48, 0.000426373
FILLER_0_29_15, 13.782, 92.48, 0.000426373
_726_, 35.27, 92.48, 0.000420598
_728_, 35.27, 92.48, 0.000420598
_732_, 35.27, 92.48, 0.000420598
_734_, 35.27, 92.48, 0.000420598
_737_, 35.27, 92.48, 0.000420598
_738_, 35.27, 92.48, 0.000420598
_947_, 35.27, 92.48, 0.000420598
FILLER_0_31_70, 35.27, 92.48, 0.000420598
_505_, 61.72, 92.48, 0.000397633
_506_, 61.72, 92.48, 0.000397633
_515_, 61.72, 92.48, 0.000397633
_550_, 61.72, 92.48, 0.000397633
_552_, 61.72, 92.48, 0.000397633
_981_, 61.72, 92.48, 0.000397633
hold10, 61.72, 92.48, 0.000397633
_841_, 88.17, 92.48, 0.000391815
_842_, 88.17, 92.48, 0.000391815
_847_, 88.17, 92.48, 0.000391815
_848_, 88.17, 92.48, 0.000391815
_851_, 88.17, 92.48, 0.000391815
_983_, 88.17, 92.48, 0.000391815
FILLER_0_30_172, 88.17, 92.48, 0.000391815
FILLER_0_30_187, 88.17, 92.48, 0.000391815
PHY_54, 5.52, 87.04, 0.00034896
PHY_56, 5.52, 87.04, 0.00034896
PHY_55, 111.32, 87.04, 0.00034327
PHY_57, 111.32, 87.04, 0.00034327
FILLER_0_27_220, 111.32, 87.04, 0.00034327
FILLER_0_28_223, 111.32, 87.04, 0.00034327
_877_, 13.782, 87.04, 0.00034896
_881_, 13.782, 87.04, 0.00034896
hold20, 13.782, 87.04, 0.00034896
FILLER_0_28_15, 13.782, 87.04, 0.00034896
_721_, 35.27, 87.04, 0.000345199
FILLER_0_27_61, 35.27, 87.04, 0.000345199
FILLER_0_28_79, 35.27, 87.04, 0.000345199
_512_, 61.72, 87.04, 0.000357278
_514_, 61.72, 87.04, 0.000357278
_549_, 61.72, 87.04, 0.000357278
hold5, 61.72, 87.04, 0.000357278
hold21, 61.72, 87.04, 0.000357278
FILLER_0_28_130, 61.72, 87.04, 0.000357278
FILLER_0_29_133, 61.72, 87.04, 0.000357278
FILLER_0_28_193, 88.17, 87.04, 0.000348841
_990_, 5.52, 81.6, 0.000519239
_991_, 5.52, 81.6, 0.000519239
PHY_50, 5.52, 81.6, 0.000519239
PHY_52, 5.52, 81.6, 0.000519239
FILLER_0_26_3, 5.52, 81.6, 0.000519239
PHY_51, 111.32, 81.6, 0.000348664
PHY_53, 111.32, 81.6, 0.000348664
FILLER_0_26_224, 111.32, 81.6, 0.000348664
_873_, 13.782, 81.6, 0.000500889
_875_, 13.782, 81.6, 0.000500889
_876_, 13.782, 81.6, 0.000500889
_878_, 13.782, 81.6, 0.000500889
clkbuf_3_2__f_clk, 13.782, 81.6, 0.000500889
_713_, 35.27, 81.6, 0.000401659
_715_, 35.27, 81.6, 0.000401659
_718_, 35.27, 81.6, 0.000401659
_724_, 35.27, 81.6, 0.000401659
_725_, 35.27, 81.6, 0.000401659
_944_, 35.27, 81.6, 0.000401659
FILLER_0_25_62, 35.27, 81.6, 0.000401659
FILLER_0_26_54, 35.27, 81.6, 0.000401659
_507_, 61.72, 81.6, 0.000365476
_508_, 61.72, 81.6, 0.000365476
_509_, 61.72, 81.6, 0.000365476
_511_, 61.72, 81.6, 0.000365476
_513_, 61.72, 81.6, 0.000365476
_541_, 61.72, 81.6, 0.000365476
_543_, 61.72, 81.6, 0.000365476
hold22, 61.72, 81.6, 0.000365476
FILLER_0_26_135, 61.72, 81.6, 0.000365476
FILLER_0_27_135, 61.72, 81.6, 0.000365476
_681_, 88.17, 81.6, 0.000367523
_682_, 88.17, 81.6, 0.000367523
_684_, 88.17, 81.6, 0.000367523
_936_, 88.17, 81.6, 0.000367523
_937_, 88.17, 81.6, 0.000367523
hold75, 88.17, 81.6, 0.000367523
FILLER_0_25_169, 88.17, 81.6, 0.000367523
FILLER_0_26_172, 88.17, 81.6, 0.000367523
FILLER_0_27_181, 88.17, 81.6, 0.000367523
PHY_46, 5.52, 76.16, 0.000367971
PHY_48, 5.52, 76.16, 0.000367971
FILLER_0_24_3, 5.52, 76.16, 0.000367971
FILLER_0_25_3, 5.52, 76.16, 0.000367971
PHY_47, 111.32, 76.16, 0.000348756
PHY_49, 111.32, 76.16, 0.000348756
_872_, 13.782, 76.16, 0.000367971
_874_, 13.782, 76.16, 0.000367971
hold15, 13.782, 76.16, 0.000367971
_698_, 35.27, 76.16, 0.000423364
_716_, 35.27, 76.16, 0.000423364
_717_, 35.27, 76.16, 0.000423364
_720_, 35.27, 76.16, 0.000423364
clkbuf_3_3__f_clk, 35.27, 76.16, 0.000423364
FILLER_0_24_58, 35.27, 76.16, 0.000423364
FILLER_0_24_66, 35.27, 76.16, 0.000423364
_510_, 61.72, 76.16, 0.000375353
_542_, 61.72, 76.16, 0.000375353
_817_, 61.72, 76.16, 0.000375353
_819_, 61.72, 76.16, 0.000375353
_820_, 61.72, 76.16, 0.000375353
FILLER_0_23_113, 61.72, 76.16, 0.000375353
FILLER_0_24_121, 61.72, 76.16, 0.000375353
FILLER_0_25_131, 61.72, 76.16, 0.000375353
_450_, 88.17, 76.16, 0.000375701
_687_, 88.17, 76.16, 0.000375701
_938_, 88.17, 76.16, 0.000375701
hold44, 88.17, 76.16, 0.000375701
hold57, 88.17, 76.16, 0.000375701
_989_, 5.52, 70.72, 0.000353816
PHY_42, 5.52, 70.72, 0.000353816
PHY_44, 5.52, 70.72, 0.000353816
FILLER_0_22_3, 5.52, 70.72, 0.000353816
PHY_43, 111.32, 70.72, 0.000328427
PHY_45, 111.32, 70.72, 0.000328427
FILLER_0_21_221, 111.32, 70.72, 0.000328427
FILLER_0_22_221, 111.32, 70.72, 0.000328427
_870_, 13.782, 70.72, 0.000344156
_988_, 13.782, 70.72, 0.000344156
FILLER_0_21_15, 13.782, 70.72, 0.000344156
FILLER_0_23_19, 13.782, 70.72, 0.000344156
_490_, 35.27, 70.72, 0.000321221
_700_, 35.27, 70.72, 0.000321221
_703_, 35.27, 70.72, 0.000321221
_704_, 35.27, 70.72, 0.000321221
_707_, 35.27, 70.72, 0.000321221
_712_, 35.27, 70.72, 0.000321221
_685_, 61.72, 70.72, 0.000342631
_750_, 61.72, 70.72, 0.000342631
_824_, 61.72, 70.72, 0.000342631
_825_, 61.72, 70.72, 0.000342631
_978_, 61.72, 70.72, 0.000342631
_979_, 61.72, 70.72, 0.000342631
FILLER_0_22_135, 61.72, 70.72, 0.000342631
_453_, 88.17, 70.72, 0.000337189
_526_, 88.17, 70.72, 0.000337189
_686_, 88.17, 70.72, 0.000337189
_688_, 88.17, 70.72, 0.000337189
_689_, 88.17, 70.72, 0.000337189
_939_, 88.17, 70.72, 0.000337189
FILLER_0_21_169, 88.17, 70.72, 0.000337189
FILLER_0_22_189, 88.17, 70.72, 0.000337189
PHY_38, 5.52, 65.28, 0.000326464
PHY_40, 5.52, 65.28, 0.000326464
PHY_39, 111.32, 65.28, 0.000323812
PHY_41, 111.32, 65.28, 0.000323812
FILLER_0_20_224, 111.32, 65.28, 0.000323812
_867_, 13.782, 65.28, 0.000326464
_987_, 13.782, 65.28, 0.000326464
FILLER_0_19_15, 13.782, 65.28, 0.000326464
_701_, 35.27, 65.28, 0.000338347
_702_, 35.27, 65.28, 0.000338347
_706_, 35.27, 65.28, 0.000338347
_943_, 35.27, 65.28, 0.000338347
hold27, 35.27, 65.28, 0.000338347
FILLER_0_19_57, 35.27, 65.28, 0.000338347
FILLER_0_20_67, 35.27, 65.28, 0.000338347
_986_, 61.72, 65.28, 0.000434938
clkbuf_0_clk, 61.72, 65.28, 0.000434938
FILLER_0_20_111, 61.72, 65.28, 0.000434938
FILLER_0_20_136, 61.72, 65.28, 0.000434938
FILLER_0_21_135, 61.72, 65.28, 0.000434938
_589_, 88.17, 65.28, 0.000338936
hold69, 88.17, 65.28, 0.000338936
FILLER_0_20_186, 88.17, 65.28, 0.000338936
PHY_34, 5.52, 59.84, 0.000275066
PHY_36, 5.52, 59.84, 0.000275066
FILLER_0_18_3, 5.52, 59.84, 0.000275066
PHY_35, 111.32, 59.84, 0.000323674
PHY_37, 111.32, 59.84, 0.000323674
input7, 111.32, 59.84, 0.000323674
FILLER_0_18_222, 111.32, 59.84, 0.000323674
_795_, 13.782, 59.84, 0.000275066
_973_, 13.782, 59.84, 0.000275066
FILLER_0_19_23, 13.782, 59.84, 0.000275066
_460_, 35.27, 59.84, 0.000258097
_534_, 35.27, 59.84, 0.000258097
_708_, 35.27, 59.84, 0.000258097
_792_, 35.27, 59.84, 0.000258097
_781_, 61.72, 59.84, 0.000274896
_783_, 61.72, 59.84, 0.000274896
_866_, 61.72, 59.84, 0.000274896
hold23, 61.72, 59.84, 0.000274896
FILLER_0_18_111, 61.72, 59.84, 0.000274896
FILLER_0_18_131, 61.72, 59.84, 0.000274896
_591_, 88.17, 59.84, 0.000363503
_592_, 88.17, 59.84, 0.000363503
_910_, 88.17, 59.84, 0.000363503
clkbuf_3_7__f_clk, 88.17, 59.84, 0.000363503
hold48, 88.17, 59.84, 0.000363503
FILLER_0_17_177, 88.17, 59.84, 0.000363503
FILLER_0_18_170, 88.17, 59.84, 0.000363503
_800_, 5.52, 54.4, 0.000270762
_974_, 5.52, 54.4, 0.000270762
PHY_30, 5.52, 54.4, 0.000270762
PHY_32, 5.52, 54.4, 0.000270762
FILLER_0_16_3, 5.52, 54.4, 0.000270762
PHY_31, 111.32, 54.4, 0.000294286
PHY_33, 111.32, 54.4, 0.000294286
_532_, 13.782, 54.4, 0.000261723
_797_, 13.782, 54.4, 0.000261723
_798_, 13.782, 54.4, 0.000261723
_799_, 13.782, 54.4, 0.000261723
_801_, 13.782, 54.4, 0.000261723
hold36, 13.782, 54.4, 0.000261723
hold55, 13.782, 54.4, 0.000261723
_533_, 35.27, 54.4, 0.00024741
_959_, 35.27, 54.4, 0.00024741
_969_, 35.27, 54.4, 0.00024741
hold28, 35.27, 54.4, 0.00024741
FILLER_0_16_54, 35.27, 54.4, 0.00024741
_454_, 61.72, 54.4, 0.000262767
_531_, 61.72, 54.4, 0.000262767
_782_, 61.72, 54.4, 0.000262767
_932_, 61.72, 54.4, 0.000262767
_964_, 61.72, 54.4, 0.000262767
hold56, 61.72, 54.4, 0.000262767
FILLER_0_17_125, 61.72, 54.4, 0.000262767
_588_, 88.17, 54.4, 0.000300896
_775_, 88.17, 54.4, 0.000300896
_909_, 88.17, 54.4, 0.000300896
_961_, 88.17, 54.4, 0.000300896
FILLER_0_16_190, 88.17, 54.4, 0.000300896
_802_, 5.52, 48.96, 0.00025727
PHY_26, 5.52, 48.96, 0.00025727
PHY_28, 5.52, 48.96, 0.00025727
FILLER_0_14_3, 5.52, 48.96, 0.00025727
FILLER_0_15_3, 5.52, 48.96, 0.00025727
PHY_27, 111.32, 48.96, 0.000288143
PHY_29, 111.32, 48.96, 0.000288143
FILLER_0_13_220, 111.32, 48.96, 0.000288143
FILLER_0_14_224, 111.32, 48.96, 0.000288143
_975_, 13.782, 48.96, 0.00025709
hold35, 13.782, 48.96, 0.00025709
_459_, 35.27, 48.96, 0.000233823
_461_, 35.27, 48.96, 0.000233823
_756_, 35.27, 48.96, 0.000233823
_789_, 35.27, 48.96, 0.000233823
_790_, 35.27, 48.96, 0.000233823
FILLER_0_13_57, 35.27, 48.96, 0.000233823
FILLER_0_14_74, 35.27, 48.96, 0.000233823
_529_, 61.72, 48.96, 0.000240672
_611_, 61.72, 48.96, 0.000240672
_780_, 61.72, 48.96, 0.000240672
hold65, 61.72, 48.96, 0.000240672
FILLER_0_14_115, 61.72, 48.96, 0.000240672
FILLER_0_14_125, 61.72, 48.96, 0.000240672
FILLER_0_14_136, 61.72, 48.96, 0.000240672
FILLER_0_15_135, 61.72, 48.96, 0.000240672
_774_, 88.17, 48.96, 0.000273995
hold37, 88.17, 48.96, 0.000273995
hold68, 88.17, 48.96, 0.000273995
FILLER_0_13_169, 88.17, 48.96, 0.000273995
FILLER_0_13_177, 88.17, 48.96, 0.000273995
FILLER_0_14_182, 88.17, 48.96, 0.000273995
_803_, 5.52, 43.52, 0.000299048
_976_, 5.52, 43.52, 0.000299048
PHY_22, 5.52, 43.52, 0.000299048
PHY_24, 5.52, 43.52, 0.000299048
input5, 5.52, 43.52, 0.000299048
PHY_23, 111.32, 43.52, 0.000297643
PHY_25, 111.32, 43.52, 0.000297643
_804_, 13.782, 43.52, 0.000289227
FILLER_0_11_15, 13.782, 43.52, 0.000289227
FILLER_0_13_21, 13.782, 43.52, 0.000289227
_470_, 35.27, 43.52, 0.000293104
_624_, 35.27, 43.52, 0.000293104
_625_, 35.27, 43.52, 0.000293104
_915_, 35.27, 43.52, 0.000293104
_916_, 35.27, 43.52, 0.000293104
hold25, 35.27, 43.52, 0.000293104
hold52, 35.27, 43.52, 0.000293104
FILLER_0_13_68, 35.27, 43.52, 0.000293104
_472_, 61.72, 43.52, 0.000288326
_610_, 61.72, 43.52, 0.000288326
_615_, 61.72, 43.52, 0.000288326
_778_, 61.72, 43.52, 0.000288326
_914_, 61.72, 43.52, 0.000288326
FILLER_0_13_129, 61.72, 43.52, 0.000288326
_580_, 88.17, 43.52, 0.00030215
_581_, 88.17, 43.52, 0.00030215
_667_, 88.17, 43.52, 0.00030215
_928_, 88.17, 43.52, 0.00030215
FILLER_0_12_169, 88.17, 43.52, 0.00030215
FILLER_0_12_190, 88.17, 43.52, 0.00030215
FILLER_0_13_185, 88.17, 43.52, 0.00030215
PHY_18, 5.52, 38.08, 0.000499972
PHY_20, 5.52, 38.08, 0.000499972
_661_, 111.32, 38.08, 0.000299675
PHY_19, 111.32, 38.08, 0.000299675
PHY_21, 111.32, 38.08, 0.000299675
_951_, 13.782, 38.08, 0.000499972
clkbuf_3_0__f_clk, 13.782, 38.08, 0.000499972
_473_, 35.27, 38.08, 0.000369567
_475_, 35.27, 38.08, 0.000369567
_477_, 35.27, 38.08, 0.000369567
_622_, 35.27, 38.08, 0.000369567
_627_, 35.27, 38.08, 0.000369567
_753_, 35.27, 38.08, 0.000369567
FILLER_0_9_51, 35.27, 38.08, 0.000369567
FILLER_0_11_65, 35.27, 38.08, 0.000369567
_608_, 61.72, 38.08, 0.000302102
_614_, 61.72, 38.08, 0.000302102
hold30, 61.72, 38.08, 0.000302102
FILLER_0_9_109, 61.72, 38.08, 0.000302102
FILLER_0_10_128, 61.72, 38.08, 0.000302102
FILLER_0_11_129, 61.72, 38.08, 0.000302102
hold14, 88.17, 38.08, 0.000298351
hold32, 88.17, 38.08, 0.000298351
hold61, 88.17, 38.08, 0.000298351
FILLER_0_10_181, 88.17, 38.08, 0.000298351
FILLER_0_10_192, 88.17, 38.08, 0.000298351
PHY_14, 5.52, 32.64, 0.000285616
PHY_16, 5.52, 32.64, 0.000285616
PHY_15, 111.32, 32.64, 0.000317158
PHY_17, 111.32, 32.64, 0.000317158
_474_, 35.27, 32.64, 0.000287291
_476_, 35.27, 32.64, 0.000287291
_478_, 35.27, 32.64, 0.000287291
_631_, 35.27, 32.64, 0.000287291
FILLER_0_7_52, 35.27, 32.64, 0.000287291
FILLER_0_8_70, 35.27, 32.64, 0.000287291
FILLER_0_8_79, 35.27, 32.64, 0.000287291
_603_, 61.72, 32.64, 0.000295503
_604_, 61.72, 32.64, 0.000295503
_605_, 61.72, 32.64, 0.000295503
_612_, 61.72, 32.64, 0.000295503
FILLER_0_8_131, 61.72, 32.64, 0.000295503
FILLER_0_9_132, 61.72, 32.64, 0.000295503
_446_, 88.17, 32.64, 0.000319949
_523_, 88.17, 32.64, 0.000319949
_525_, 88.17, 32.64, 0.000319949
_665_, 88.17, 32.64, 0.000319949
_666_, 88.17, 32.64, 0.000319949
_669_, 88.17, 32.64, 0.000319949
_896_, 88.17, 32.64, 0.000319949
_930_, 88.17, 32.64, 0.000319949
PHY_10, 5.52, 27.2, 0.000305437
PHY_12, 5.52, 27.2, 0.000305437
PHY_11, 111.32, 27.2, 0.000304465
PHY_13, 111.32, 27.2, 0.000304465
FILLER_0_6_220, 111.32, 27.2, 0.000304465
_479_, 35.27, 27.2, 0.000325703
_626_, 35.27, 27.2, 0.000325703
_632_, 35.27, 27.2, 0.000325703
_761_, 35.27, 27.2, 0.000325703
_917_, 35.27, 27.2, 0.000325703
FILLER_0_5_57, 35.27, 27.2, 0.000325703
_599_, 61.72, 27.2, 0.000313676
_600_, 61.72, 27.2, 0.000313676
_601_, 61.72, 27.2, 0.000313676
_602_, 61.72, 27.2, 0.000313676
FILLER_0_5_109, 61.72, 27.2, 0.000313676
FILLER_0_6_122, 61.72, 27.2, 0.000313676
FILLER_0_6_129, 61.72, 27.2, 0.000313676
_574_, 88.17, 27.2, 0.000314056
_927_, 88.17, 27.2, 0.000314056
hold46, 88.17, 27.2, 0.000314056
FILLER_0_5_169, 88.17, 27.2, 0.000314056
FILLER_0_6_180, 88.17, 27.2, 0.000314056
FILLER_0_6_192, 88.17, 27.2, 0.000314056
PHY_6, 5.52, 21.76, 0.000302188
PHY_8, 5.52, 21.76, 0.000302188
PHY_7, 111.32, 21.76, 0.000362928
PHY_9, 111.32, 21.76, 0.000362928
FILLER_0_4_221, 111.32, 21.76, 0.000362928
_468_, 35.27, 21.76, 0.00032758
_469_, 35.27, 21.76, 0.00032758
_481_, 35.27, 21.76, 0.00032758
_765_, 35.27, 21.76, 0.00032758
hold7, 35.27, 21.76, 0.00032758
FILLER_0_4_56, 35.27, 21.76, 0.00032758
FILLER_0_4_64, 35.27, 21.76, 0.00032758
FILLER_0_4_76, 35.27, 21.76, 0.00032758
FILLER_0_5_74, 35.27, 21.76, 0.00032758
_563_, 61.72, 21.76, 0.000425113
_646_, 61.72, 21.76, 0.000425113
_674_, 61.72, 21.76, 0.000425113
_919_, 61.72, 21.76, 0.000425113
clkbuf_3_4__f_clk, 61.72, 21.76, 0.000425113
FILLER_0_4_121, 61.72, 21.76, 0.000425113
FILLER_0_4_129, 61.72, 21.76, 0.000425113
FILLER_0_5_125, 61.72, 21.76, 0.000425113
_442_, 88.17, 21.76, 0.000428619
_444_, 88.17, 21.76, 0.000428619
_575_, 88.17, 21.76, 0.000428619
_577_, 88.17, 21.76, 0.000428619
_902_, 88.17, 21.76, 0.000428619
clkbuf_3_5__f_clk, 88.17, 21.76, 0.000428619
FILLER_0_3_174, 88.17, 21.76, 0.000428619
FILLER_0_4_167, 88.17, 21.76, 0.000428619
FILLER_0_4_192, 88.17, 21.76, 0.000428619
PHY_2, 5.52, 16.32, 0.000312522
PHY_4, 5.52, 16.32, 0.000312522
PHY_3, 111.32, 16.32, 0.000318938
PHY_5, 111.32, 16.32, 0.000318938
FILLER_0_2_220, 111.32, 16.32, 0.000318938
_467_, 35.27, 16.32, 0.000330246
_480_, 35.27, 16.32, 0.000330246
_482_, 35.27, 16.32, 0.000330246
_767_, 35.27, 16.32, 0.000330246
_768_, 35.27, 16.32, 0.000330246
_771_, 35.27, 16.32, 0.000330246
_958_, 35.27, 16.32, 0.000330246
hold3, 35.27, 16.32, 0.000330246
FILLER_0_3_65, 35.27, 16.32, 0.000330246
_567_, 61.72, 16.32, 0.000323217
_568_, 61.72, 16.32, 0.000323217
_639_, 61.72, 16.32, 0.000323217
_640_, 61.72, 16.32, 0.000323217
_644_, 61.72, 16.32, 0.000323217
_647_, 61.72, 16.32, 0.000323217
_648_, 61.72, 16.32, 0.000323217
_673_, 61.72, 16.32, 0.000323217
hold73, 61.72, 16.32, 0.000323217
FILLER_0_3_135, 61.72, 16.32, 0.000323217
_520_, 88.17, 16.32, 0.000337878
_572_, 88.17, 16.32, 0.000337878
_576_, 88.17, 16.32, 0.000337878
_900_, 88.17, 16.32, 0.000337878
_903_, 88.17, 16.32, 0.000337878
hold64, 88.17, 16.32, 0.000337878
PHY_0, 5.52, 10.88, 0.000303844
input2, 5.52, 10.88, 0.000303844
PHY_1, 111.32, 10.88, 0.000310194
input1, 111.32, 10.88, 0.000310194
FILLER_0_0_18, 13.782, 10.88, 0.000303295
_483_, 35.27, 10.88, 0.00030809
FILLER_0_0_53, 35.27, 10.88, 0.00030809
_569_, 61.72, 10.88, 0.000316347
_899_, 61.72, 10.88, 0.000316347
FILLER_0_0_125, 61.72, 10.88, 0.000316347
FILLER_0_0_136, 61.72, 10.88, 0.000316347
FILLER_0_1_124, 61.72, 10.88, 0.000316347
_570_, 88.17, 10.88, 0.000317022
_571_, 88.17, 10.88, 0.000317022
_573_, 88.17, 10.88, 0.000317022
_901_, 88.17, 10.88, 0.000317022
hold39, 88.17, 10.88, 0.000317022
FILLER_0_0_169, 88.17, 10.88, 0.000317022

