
===========================================================================
 report_power
============================================================================
======================= Fastest Corner ===================================

Group                  Internal  Switching    Leakage      Total
                          Power      Power      Power      Power (Watts)
----------------------------------------------------------------
Sequential             5.16e-04   4.20e-05   2.08e-08   5.58e-04  46.8%
Combinational          3.25e-04   3.10e-04   5.51e-09   6.34e-04  53.2%
Macro                  0.00e+00   0.00e+00   0.00e+00   0.00e+00   0.0%
Pad                    0.00e+00   0.00e+00   0.00e+00   0.00e+00   0.0%
----------------------------------------------------------------
Total                  8.40e-04   3.52e-04   2.63e-08   1.19e-03 100.0%
                          70.5%      29.5%       0.0%

======================= Slowest Corner ===================================

Group                  Internal  Switching    Leakage      Total
                          Power      Power      Power      Power (Watts)
----------------------------------------------------------------
Sequential             3.46e-04   2.74e-05   1.57e-06   3.75e-04  46.0%
Combinational          2.37e-04   2.01e-04   2.42e-06   4.41e-04  54.0%
Macro                  0.00e+00   0.00e+00   0.00e+00   0.00e+00   0.0%
Pad                    0.00e+00   0.00e+00   0.00e+00   0.00e+00   0.0%
----------------------------------------------------------------
Total                  5.83e-04   2.28e-04   3.99e-06   8.15e-04 100.0%
                          71.5%      28.0%       0.5%

======================= Typical Corner ===================================

Group                  Internal  Switching    Leakage      Total
                          Power      Power      Power      Power (Watts)
----------------------------------------------------------------
Sequential             4.45e-04   3.52e-05   2.01e-08   4.80e-04  46.6%
Combinational          2.90e-04   2.60e-04   2.74e-09   5.51e-04  53.4%
Macro                  0.00e+00   0.00e+00   0.00e+00   0.00e+00   0.0%
Pad                    0.00e+00   0.00e+00   0.00e+00   0.00e+00   0.0%
----------------------------------------------------------------
Total                  7.35e-04   2.96e-04   2.28e-08   1.03e-03 100.0%
                          71.3%      28.7%       0.0%

