Wed Apr 30 22:45:00 UTC 2025 - Executing "openroad -exit -no_init -python /openlane/scripts/odbpy/lefutil.py get_metal_layers -o /openlane/designs/rgb_mixer/runs/RUN_2025.04.30_22.45.00/tmp/layers.list /home/aanuoluwa/asic_tools/pdk/sky130A/libs.ref/sky130_fd_sc_hd/techlef/sky130_fd_sc_hd__nom.tlef"

Wed Apr 30 22:45:02 UTC 2025 - Executing "/openlane/scripts/mergeLef.py -o /openlane/designs/rgb_mixer/runs/RUN_2025.04.30_22.45.00/tmp/merged.nom.lef -i /home/aanuoluwa/asic_tools/pdk/sky130A/libs.ref/sky130_fd_sc_hd/techlef/sky130_fd_sc_hd__nom.tlef {/home/aanuoluwa/asic_tools/pdk/sky130A/libs.ref/sky130_fd_sc_hd/lef/sky130_ef_sc_hd.lef /home/aanuoluwa/asic_tools/pdk/sky130A/libs.ref/sky130_fd_sc_hd/lef/sky130_fd_sc_hd.lef} |& tee /dev/null"

Wed Apr 30 22:45:02 UTC 2025 - Executing "/openlane/scripts/mergeLef.py -o /openlane/designs/rgb_mixer/runs/RUN_2025.04.30_22.45.00/tmp/merged.min.lef -i /home/aanuoluwa/asic_tools/pdk/sky130A/libs.ref/sky130_fd_sc_hd/techlef/sky130_fd_sc_hd__min.tlef {/home/aanuoluwa/asic_tools/pdk/sky130A/libs.ref/sky130_fd_sc_hd/lef/sky130_ef_sc_hd.lef /home/aanuoluwa/asic_tools/pdk/sky130A/libs.ref/sky130_fd_sc_hd/lef/sky130_fd_sc_hd.lef} |& tee /dev/null"

Wed Apr 30 22:45:02 UTC 2025 - Executing "/openlane/scripts/mergeLef.py -o /openlane/designs/rgb_mixer/runs/RUN_2025.04.30_22.45.00/tmp/merged.max.lef -i /home/aanuoluwa/asic_tools/pdk/sky130A/libs.ref/sky130_fd_sc_hd/techlef/sky130_fd_sc_hd__max.tlef {/home/aanuoluwa/asic_tools/pdk/sky130A/libs.ref/sky130_fd_sc_hd/lef/sky130_ef_sc_hd.lef /home/aanuoluwa/asic_tools/pdk/sky130A/libs.ref/sky130_fd_sc_hd/lef/sky130_fd_sc_hd.lef} |& tee /dev/null"

Wed Apr 30 22:45:02 UTC 2025 - Executing "python3 /openlane/scripts/mergeLib.py --output /openlane/designs/rgb_mixer/runs/RUN_2025.04.30_22.45.00/tmp/synthesis/merged.lib --name sky130A_merged /home/aanuoluwa/asic_tools/pdk/sky130A/libs.ref/sky130_fd_sc_hd/lib/sky130_fd_sc_hd__tt_025C_1v80.lib"

Wed Apr 30 22:45:03 UTC 2025 - Executing "python3 /openlane/scripts/libtrim.py --cell-file /openlane/designs/rgb_mixer/runs/RUN_2025.04.30_22.45.00/tmp/synthesis/trimmed.lib.exclude.list --output /openlane/designs/rgb_mixer/runs/RUN_2025.04.30_22.45.00/tmp/synthesis/trimmed.lib /openlane/designs/rgb_mixer/runs/RUN_2025.04.30_22.45.00/tmp/synthesis/merged.lib"

Wed Apr 30 22:45:03 UTC 2025 - Executing "python3 /openlane/scripts/libtrim.py --cell-file /openlane/designs/rgb_mixer/runs/RUN_2025.04.30_22.45.00/tmp/cts/cts.lib.exclude.list --output /openlane/designs/rgb_mixer/runs/RUN_2025.04.30_22.45.00/tmp/cts/cts.lib /home/aanuoluwa/asic_tools/pdk/sky130A/libs.ref/sky130_fd_sc_hd/lib/sky130_fd_sc_hd__tt_025C_1v80.lib"

Wed Apr 30 22:45:03 UTC 2025 - Executing "python3 /openlane/scripts/libtrim.py --cell-file /openlane/designs/rgb_mixer/runs/RUN_2025.04.30_22.45.00/tmp/cts/cts-fastest.lib.exclude.list --output /openlane/designs/rgb_mixer/runs/RUN_2025.04.30_22.45.00/tmp/cts/cts-fastest.lib /home/aanuoluwa/asic_tools/pdk/sky130A/libs.ref/sky130_fd_sc_hd/lib/sky130_fd_sc_hd__ff_n40C_1v95.lib"

Wed Apr 30 22:45:05 UTC 2025 - Executing "python3 /openlane/scripts/libtrim.py --cell-file /openlane/designs/rgb_mixer/runs/RUN_2025.04.30_22.45.00/tmp/cts/cts-slowest.lib.exclude.list --output /openlane/designs/rgb_mixer/runs/RUN_2025.04.30_22.45.00/tmp/cts/cts-slowest.lib /home/aanuoluwa/asic_tools/pdk/sky130A/libs.ref/sky130_fd_sc_hd/lib/sky130_fd_sc_hd__ss_100C_1v60.lib"

Wed Apr 30 22:45:06 UTC 2025 - Executing "python3 /openlane/scripts/new_tracks.py -i /home/aanuoluwa/asic_tools/pdk/sky130A/libs.tech/openlane/sky130_fd_sc_hd/tracks.info -o /openlane/designs/rgb_mixer/runs/RUN_2025.04.30_22.45.00/tmp/routing/config.tracks"

Wed Apr 30 22:45:06 UTC 2025 - Executing "echo {OpenLane d054702b2cce04761cc2bc598f6b95c9d8ca7c6c} > /openlane/designs/rgb_mixer/runs/RUN_2025.04.30_22.45.00/OPENLANE_VERSION"

Wed Apr 30 22:45:06 UTC 2025 - Executing "bash -c {verilator  --lint-only  -Wall  --Wno-DECLFILENAME  --top-module rgb_mixer  /openlane/designs/rgb_mixer/src/encoder.v /openlane/designs/rgb_mixer/src/pwm.v /openlane/designs/rgb_mixer/src/debounce.v /openlane/designs/rgb_mixer/src/rgb_mixer.v -Wno-fatal --relative-includes |& tee /openlane/designs/rgb_mixer/runs/RUN_2025.04.30_22.45.00/logs/synthesis/linter.log /dev/null}"

Wed Apr 30 22:45:06 UTC 2025 - Executing "sed -E {s/^([[:space:]]+)pg_pin(.*)/\1pin\2\n\1    direction : "inout";/g} /home/aanuoluwa/asic_tools/pdk/sky130A/libs.ref/sky130_fd_sc_hd/lib/sky130_fd_sc_hd__tt_025C_1v80.lib > /openlane/designs/rgb_mixer/runs/RUN_2025.04.30_22.45.00/tmp/synthesis/1-sky130_fd_sc_hd__tt_025C_1v80.no_pg.lib"

Wed Apr 30 22:45:07 UTC 2025 - Executing "sed -E {s/^([[:space:]]+)pg_pin(.*)/\1pin\2\n\1    direction : "inout";/g} /openlane/designs/rgb_mixer/runs/RUN_2025.04.30_22.45.00/tmp/synthesis/trimmed.lib > /openlane/designs/rgb_mixer/runs/RUN_2025.04.30_22.45.00/tmp/synthesis/1-trimmed.no_pg.lib"

Wed Apr 30 22:45:07 UTC 2025 - Executing "yosys -c /openlane/scripts/yosys/synth.tcl |& tee /dev/null /openlane/designs/rgb_mixer/runs/RUN_2025.04.30_22.45.00/logs/synthesis/1-synthesis.log"

Wed Apr 30 22:45:10 UTC 2025 - Executing "sed -i.bak -e {s/\(set ::env(CURRENT_NETLIST)\).*/\1 \/openlane\/designs\/rgb_mixer\/runs\/RUN_2025.04.30_22.45.00\/results\/synthesis\/rgb_mixer.v/} /openlane/designs/rgb_mixer/runs/RUN_2025.04.30_22.45.00/config.tcl"

Wed Apr 30 22:45:10 UTC 2025 - Executing "sed -i.bak /defparam/d /openlane/designs/rgb_mixer/runs/RUN_2025.04.30_22.45.00/results/synthesis/rgb_mixer.v"

Wed Apr 30 22:45:11 UTC 2025 - Executing "sta -exit -no_init /openlane/scripts/openroad/sta/multi_corner.tcl |& tee /dev/null /openlane/designs/rgb_mixer/runs/RUN_2025.04.30_22.45.00/logs/synthesis/2-sta.log"

Wed Apr 30 22:45:12 UTC 2025 - Executing "openroad -exit /openlane/scripts/openroad/floorplan.tcl |& tee /dev/null /openlane/designs/rgb_mixer/runs/RUN_2025.04.30_22.45.00/logs/floorplan/3-initial_fp.log"

Wed Apr 30 22:45:13 UTC 2025 - Executing "openroad -exit -no_init -python /openlane/scripts/odbpy/snap_to_grid.py --output /openlane/designs/rgb_mixer/runs/RUN_2025.04.30_22.45.00/tmp/floorplan/3-minimized_pdn.txt --input-lef /openlane/designs/rgb_mixer/runs/RUN_2025.04.30_22.45.00/tmp/merged.nom.lef 13.225 12.92 26.45 25.84"

Wed Apr 30 22:45:14 UTC 2025 - Executing "openroad -exit -no_init -python /openlane/scripts/odbpy/defutil.py extract_core_dims --output-data /openlane/designs/rgb_mixer/runs/RUN_2025.04.30_22.45.00/tmp/dimensions.txt --input-lef /openlane/designs/rgb_mixer/runs/RUN_2025.04.30_22.45.00/tmp/merged.nom.lef /openlane/designs/rgb_mixer/runs/RUN_2025.04.30_22.45.00/tmp/floorplan/3-initial_fp.def"

Wed Apr 30 22:45:14 UTC 2025 - Executing "openroad -exit /openlane/scripts/openroad/ioplacer.tcl |& tee /dev/null /openlane/designs/rgb_mixer/runs/RUN_2025.04.30_22.45.00/logs/floorplan/4-io.log"

Wed Apr 30 22:45:15 UTC 2025 - Executing "openroad -exit /openlane/scripts/openroad/tapcell.tcl |& tee /dev/null /openlane/designs/rgb_mixer/runs/RUN_2025.04.30_22.45.00/logs/floorplan/5-tap.log"

Wed Apr 30 22:45:17 UTC 2025 - Executing "openroad -exit /openlane/scripts/openroad/pdn.tcl |& tee /dev/null /openlane/designs/rgb_mixer/runs/RUN_2025.04.30_22.45.00/logs/floorplan/6-pdn.log"

Wed Apr 30 22:45:18 UTC 2025 - Executing "openroad -exit /openlane/scripts/openroad/gpl.tcl |& tee /dev/null /openlane/designs/rgb_mixer/runs/RUN_2025.04.30_22.45.00/logs/placement/7-global.log"

Wed Apr 30 22:45:20 UTC 2025 - Executing "sed -i.bak -e {s/\(set ::env(CURRENT_NETLIST)\).*/\1 \/openlane\/designs\/rgb_mixer\/runs\/RUN_2025.04.30_22.45.00\/tmp\/placement\/7-global.nl.v/} /openlane/designs/rgb_mixer/runs/RUN_2025.04.30_22.45.00/config.tcl"

Wed Apr 30 22:45:21 UTC 2025 - Executing "openroad -exit /openlane/scripts/openroad/sta/multi_corner.tcl |& tee /dev/null /openlane/designs/rgb_mixer/runs/RUN_2025.04.30_22.45.00/logs/placement/8-gpl_sta.log"

Wed Apr 30 22:45:22 UTC 2025 - Executing "openroad -exit /openlane/scripts/openroad/resizer.tcl |& tee /dev/null /openlane/designs/rgb_mixer/runs/RUN_2025.04.30_22.45.00/logs/placement/9-resizer.log"

Wed Apr 30 22:45:25 UTC 2025 - Executing "sed -i.bak -e {s/\(set ::env(CURRENT_NETLIST)\).*/\1 \/openlane\/designs\/rgb_mixer\/runs\/RUN_2025.04.30_22.45.00\/tmp\/placement\/9-resizer.nl.v/} /openlane/designs/rgb_mixer/runs/RUN_2025.04.30_22.45.00/config.tcl"

Wed Apr 30 22:45:26 UTC 2025 - Executing "openroad -exit /openlane/scripts/openroad/dpl.tcl |& tee /dev/null /openlane/designs/rgb_mixer/runs/RUN_2025.04.30_22.45.00/logs/placement/10-detailed.log"

Wed Apr 30 22:45:26 UTC 2025 - Executing "sed -i.bak -e {s/\(set ::env(CURRENT_NETLIST)\).*/\1 \/openlane\/designs\/rgb_mixer\/runs\/RUN_2025.04.30_22.45.00\/results\/placement\/rgb_mixer.nl.v/} /openlane/designs/rgb_mixer/runs/RUN_2025.04.30_22.45.00/config.tcl"

Wed Apr 30 22:45:27 UTC 2025 - Executing "openroad -exit /openlane/scripts/openroad/sta/multi_corner.tcl |& tee /dev/null /openlane/designs/rgb_mixer/runs/RUN_2025.04.30_22.45.00/logs/placement/11-dpl_sta.log"

Wed Apr 30 22:45:28 UTC 2025 - Executing "openroad -exit /openlane/scripts/openroad/cts.tcl |& tee /dev/null /openlane/designs/rgb_mixer/runs/RUN_2025.04.30_22.45.00/logs/cts/12-cts.log"

Wed Apr 30 22:46:18 UTC 2025 - Executing "openroad -exit /openlane/scripts/openroad/sta/multi_corner.tcl |& tee /dev/null /openlane/designs/rgb_mixer/runs/RUN_2025.04.30_22.45.00/logs/cts/13-cts_sta.log"

Wed Apr 30 22:46:20 UTC 2025 - Executing "openroad -exit /openlane/scripts/openroad/resizer_timing.tcl |& tee /dev/null /openlane/designs/rgb_mixer/runs/RUN_2025.04.30_22.45.00/logs/cts/14-resizer.log"

Wed Apr 30 22:46:23 UTC 2025 - Executing "sed -i.bak -e {s/\(set ::env(CURRENT_NETLIST)\).*/\1 \/openlane\/designs\/rgb_mixer\/runs\/RUN_2025.04.30_22.45.00\/tmp\/cts\/14-rgb_mixer.resized.nl.v/} /openlane/designs/rgb_mixer/runs/RUN_2025.04.30_22.45.00/config.tcl"

Wed Apr 30 22:46:23 UTC 2025 - Executing "openroad -exit /openlane/scripts/openroad/resizer_routing_design.tcl |& tee /dev/null /openlane/designs/rgb_mixer/runs/RUN_2025.04.30_22.45.00/logs/routing/15-resizer_design.log"

Wed Apr 30 22:46:27 UTC 2025 - Executing "sed -i.bak -e {s/\(set ::env(CURRENT_NETLIST)\).*/\1 \/openlane\/designs\/rgb_mixer\/runs\/RUN_2025.04.30_22.45.00\/tmp\/15-rgb_mixer.nl.v/} /openlane/designs/rgb_mixer/runs/RUN_2025.04.30_22.45.00/config.tcl"

Wed Apr 30 22:46:27 UTC 2025 - Executing "openroad -exit /openlane/scripts/openroad/sta/multi_corner.tcl |& tee /dev/null /openlane/designs/rgb_mixer/runs/RUN_2025.04.30_22.45.00/logs/routing/16-rsz_design_sta.log"

Wed Apr 30 22:46:28 UTC 2025 - Executing "openroad -exit /openlane/scripts/openroad/resizer_routing_timing.tcl |& tee /dev/null /openlane/designs/rgb_mixer/runs/RUN_2025.04.30_22.45.00/logs/routing/17-resizer_timing.log"

Wed Apr 30 22:46:31 UTC 2025 - Executing "sed -i.bak -e {s/\(set ::env(CURRENT_NETLIST)\).*/\1 \/openlane\/designs\/rgb_mixer\/runs\/RUN_2025.04.30_22.45.00\/tmp\/17-rgb_mixer.nl.v/} /openlane/designs/rgb_mixer/runs/RUN_2025.04.30_22.45.00/config.tcl"

Wed Apr 30 22:46:31 UTC 2025 - Executing "openroad -exit /openlane/scripts/openroad/sta/multi_corner.tcl |& tee /dev/null /openlane/designs/rgb_mixer/runs/RUN_2025.04.30_22.45.00/logs/routing/18-rsz_timing_sta.log"

Wed Apr 30 22:46:32 UTC 2025 - Executing "openroad -exit /openlane/scripts/openroad/groute.tcl |& tee /dev/null /openlane/designs/rgb_mixer/runs/RUN_2025.04.30_22.45.00/logs/routing/19-global.log"

Wed Apr 30 22:46:34 UTC 2025 - Executing "openroad -exit /openlane/scripts/openroad/write_views.tcl |& tee /dev/null /openlane/designs/rgb_mixer/runs/RUN_2025.04.30_22.45.00/logs/routing/19-global_write_netlist.log"

Wed Apr 30 22:46:34 UTC 2025 - Executing "sed -i.bak -e {s/\(set ::env(CURRENT_NETLIST)\).*/\1 \/openlane\/designs\/rgb_mixer\/runs\/RUN_2025.04.30_22.45.00\/tmp\/routing\/global.nl.v/} /openlane/designs/rgb_mixer/runs/RUN_2025.04.30_22.45.00/config.tcl"

Wed Apr 30 22:46:35 UTC 2025 - Executing "openroad -exit /openlane/scripts/openroad/sta/multi_corner.tcl |& tee /dev/null /openlane/designs/rgb_mixer/runs/RUN_2025.04.30_22.45.00/logs/routing/21-grt_sta.log"

Wed Apr 30 22:46:36 UTC 2025 - Executing "openroad -exit /openlane/scripts/openroad/fill.tcl |& tee /dev/null /openlane/designs/rgb_mixer/runs/RUN_2025.04.30_22.45.00/logs/routing/22-fill.log"

Wed Apr 30 22:46:37 UTC 2025 - Executing "sed -i.bak -e {s/\(set ::env(CURRENT_NETLIST)\).*/\1 \/openlane\/designs\/rgb_mixer\/runs\/RUN_2025.04.30_22.45.00\/tmp\/routing\/22-fill.nl.v/} /openlane/designs/rgb_mixer/runs/RUN_2025.04.30_22.45.00/config.tcl"

Wed Apr 30 22:46:37 UTC 2025 - Executing "openroad -exit /openlane/scripts/openroad/droute.tcl |& tee /dev/null /openlane/designs/rgb_mixer/runs/RUN_2025.04.30_22.45.00/logs/routing/23-detailed.log"

Wed Apr 30 22:47:32 UTC 2025 - Executing "sed -i.bak -e {s/\(set ::env(CURRENT_NETLIST)\).*/\1 \/openlane\/designs\/rgb_mixer\/runs\/RUN_2025.04.30_22.45.00\/results\/routing\/rgb_mixer.nl.v/} /openlane/designs/rgb_mixer/runs/RUN_2025.04.30_22.45.00/config.tcl"

Wed Apr 30 22:47:32 UTC 2025 - Executing "python3 /openlane/scripts/drc_rosetta.py tr to_klayout -o /openlane/designs/rgb_mixer/runs/RUN_2025.04.30_22.45.00/reports/routing/drt.klayout.xml --design-name rgb_mixer /openlane/designs/rgb_mixer/runs/RUN_2025.04.30_22.45.00/reports/routing/drt.drc"

Wed Apr 30 22:47:32 UTC 2025 - Executing "openroad -exit -no_init -python /openlane/scripts/odbpy/wire_lengths.py --report-out /openlane/designs/rgb_mixer/runs/RUN_2025.04.30_22.45.00/reports/routing/24-wire_lengths.csv --input-lef /openlane/designs/rgb_mixer/runs/RUN_2025.04.30_22.45.00/tmp/merged.nom.lef --output-def /dev/null --output /openlane/designs/rgb_mixer/runs/RUN_2025.04.30_22.45.00/results/routing/rgb_mixer.odb /openlane/designs/rgb_mixer/runs/RUN_2025.04.30_22.45.00/results/routing/rgb_mixer.odb |& tee /dev/null /openlane/designs/rgb_mixer/runs/RUN_2025.04.30_22.45.00/logs/routing/24-wire_lengths.log"

Wed Apr 30 22:47:33 UTC 2025 - Executing "openroad -exit /openlane/scripts/openroad/rcx.tcl |& tee /dev/null /openlane/designs/rgb_mixer/runs/RUN_2025.04.30_22.45.00/logs/signoff/25-parasitics_extraction.min.log"

Wed Apr 30 22:47:35 UTC 2025 - Executing "sta -exit -no_init /openlane/scripts/openroad/sta/multi_corner.tcl |& tee /dev/null /openlane/designs/rgb_mixer/runs/RUN_2025.04.30_22.45.00/logs/signoff/26-rcx_mcsta.min.log"

Wed Apr 30 22:47:39 UTC 2025 - Executing "openroad -exit /openlane/scripts/openroad/rcx.tcl |& tee /dev/null /openlane/designs/rgb_mixer/runs/RUN_2025.04.30_22.45.00/logs/signoff/27-parasitics_extraction.max.log"

Wed Apr 30 22:47:40 UTC 2025 - Executing "sta -exit -no_init /openlane/scripts/openroad/sta/multi_corner.tcl |& tee /dev/null /openlane/designs/rgb_mixer/runs/RUN_2025.04.30_22.45.00/logs/signoff/28-rcx_mcsta.max.log"

Wed Apr 30 22:47:44 UTC 2025 - Executing "openroad -exit /openlane/scripts/openroad/rcx.tcl |& tee /dev/null /openlane/designs/rgb_mixer/runs/RUN_2025.04.30_22.45.00/logs/signoff/29-parasitics_extraction.nom.log"

Wed Apr 30 22:47:45 UTC 2025 - Executing "sta -exit -no_init /openlane/scripts/openroad/sta/multi_corner.tcl |& tee /dev/null /openlane/designs/rgb_mixer/runs/RUN_2025.04.30_22.45.00/logs/signoff/30-rcx_mcsta.nom.log"

Wed Apr 30 22:47:49 UTC 2025 - Executing "sta -exit -no_init /openlane/scripts/openroad/sta/multi_corner.tcl |& tee /dev/null /openlane/designs/rgb_mixer/runs/RUN_2025.04.30_22.45.00/logs/signoff/31-rcx_sta.log"

Wed Apr 30 22:47:51 UTC 2025 - Executing "openroad -exit /openlane/scripts/openroad/irdrop.tcl |& tee /dev/null /openlane/designs/rgb_mixer/runs/RUN_2025.04.30_22.45.00/logs/signoff/32-irdrop.log"

Wed Apr 30 22:47:52 UTC 2025 - Executing "magic -noconsole -dnull -rcfile /home/aanuoluwa/asic_tools/pdk/sky130A/libs.tech/magic/sky130A.magicrc < /openlane/scripts/magic/wrapper.tcl |& tee /dev/null /openlane/designs/rgb_mixer/runs/RUN_2025.04.30_22.45.00/logs/signoff/33-gdsii.log"

Wed Apr 30 22:47:53 UTC 2025 - Executing "magic -noconsole -dnull -rcfile /home/aanuoluwa/asic_tools/pdk/sky130A/libs.tech/magic/sky130A.magicrc < /openlane/scripts/magic/wrapper.tcl |& tee /dev/null /openlane/designs/rgb_mixer/runs/RUN_2025.04.30_22.45.00/logs/signoff/33-gds_ptrs.log"

Wed Apr 30 22:47:54 UTC 2025 - Executing "sed -i.bak -n {/^<< properties >>/,/^<< end >>/p} /openlane/designs/rgb_mixer/runs/RUN_2025.04.30_22.45.00/tmp/signoff/gds_ptrs.mag"

Wed Apr 30 22:47:54 UTC 2025 - Executing "magic -noconsole -dnull -rcfile /home/aanuoluwa/asic_tools/pdk/sky130A/libs.tech/magic/sky130A.magicrc < /openlane/scripts/magic/wrapper.tcl |& tee /dev/null /openlane/designs/rgb_mixer/runs/RUN_2025.04.30_22.45.00/logs/signoff/33-lef.log"

Wed Apr 30 22:47:55 UTC 2025 - Executing "magic -noconsole -dnull -rcfile /home/aanuoluwa/asic_tools/pdk/sky130A/libs.tech/magic/sky130A.magicrc < /openlane/scripts/magic/wrapper.tcl |& tee /dev/null /openlane/designs/rgb_mixer/runs/RUN_2025.04.30_22.45.00/logs/signoff/33-maglef.log"

Wed Apr 30 22:47:56 UTC 2025 - Executing "python3 /openlane/scripts/klayout/stream_out.py --output /openlane/designs/rgb_mixer/runs/RUN_2025.04.30_22.45.00/results/signoff/rgb_mixer.klayout.gds --lyt /home/aanuoluwa/asic_tools/pdk/sky130A/libs.tech/klayout/tech/sky130A.lyt --lym /home/aanuoluwa/asic_tools/pdk/sky130A/libs.tech/klayout/tech/sky130A.map --lyp /home/aanuoluwa/asic_tools/pdk/sky130A/libs.tech/klayout/tech/sky130A.lyp --top rgb_mixer --with-gds-file /home/aanuoluwa/asic_tools/pdk/sky130A/libs.ref/sky130_fd_sc_hd/gds/sky130_fd_sc_hd.gds --input-lef /openlane/designs/rgb_mixer/runs/RUN_2025.04.30_22.45.00/tmp/merged.nom.lef /openlane/designs/rgb_mixer/runs/RUN_2025.04.30_22.45.00/results/routing/rgb_mixer.def |& tee /dev/null /openlane/designs/rgb_mixer/runs/RUN_2025.04.30_22.45.00/logs/signoff/34-gdsii-klayout.log"

Wed Apr 30 22:47:59 UTC 2025 - Executing "klayout -b -r /openlane/scripts/klayout/xor.drc -rd a=/openlane/designs/rgb_mixer/runs/RUN_2025.04.30_22.45.00/results/signoff/rgb_mixer.gds -rd b=/openlane/designs/rgb_mixer/runs/RUN_2025.04.30_22.45.00/results/signoff/rgb_mixer.klayout.gds -rd jobs=1 -rd rdb_out=/openlane/designs/rgb_mixer/runs/RUN_2025.04.30_22.45.00/reports/signoff/35-xor.xml -rd ignore=81/14 -rd rpt_out=/openlane/designs/rgb_mixer/runs/RUN_2025.04.30_22.45.00/reports/signoff/35-xor.rpt |& tee /dev/null /openlane/designs/rgb_mixer/runs/RUN_2025.04.30_22.45.00/logs/signoff/35-xor.log"

Wed Apr 30 22:48:01 UTC 2025 - Executing "magic -noconsole -dnull -rcfile /home/aanuoluwa/asic_tools/pdk/sky130A/libs.tech/magic/sky130A.magicrc < /openlane/scripts/magic/wrapper.tcl |& tee /dev/null /openlane/designs/rgb_mixer/runs/RUN_2025.04.30_22.45.00/logs/signoff/36-spice.log"

Wed Apr 30 22:48:04 UTC 2025 - Executing "openroad -exit -no_init -python /openlane/scripts/odbpy/power_utils.py write_powered_def --output /openlane/designs/rgb_mixer/runs/RUN_2025.04.30_22.45.00/tmp/signoff/36-rgb_mixer.p.def --input-lef /openlane/designs/rgb_mixer/runs/RUN_2025.04.30_22.45.00/tmp/merged.nom.lef --power-port VPWR --ground-port VGND --powered-netlist {} /openlane/designs/rgb_mixer/runs/RUN_2025.04.30_22.45.00/results/routing/rgb_mixer.def |& tee /dev/null /openlane/designs/rgb_mixer/runs/RUN_2025.04.30_22.45.00/logs/signoff/37-write_powered_def.log"

Wed Apr 30 22:48:05 UTC 2025 - Executing "openroad -exit /openlane/scripts/openroad/write_views.tcl |& tee /dev/null /openlane/designs/rgb_mixer/runs/RUN_2025.04.30_22.45.00/logs/signoff/37-write_powered_verilog.log"

Wed Apr 30 22:48:05 UTC 2025 - Executing "sed -i.bak -e {s/\(set ::env(CURRENT_NETLIST)\).*/\1 \/openlane\/designs\/rgb_mixer\/runs\/RUN_2025.04.30_22.45.00\/tmp\/signoff\/36-rgb_mixer.nl.v/} /openlane/designs/rgb_mixer/runs/RUN_2025.04.30_22.45.00/config.tcl"

Wed Apr 30 22:48:06 UTC 2025 - Executing "netgen -batch source /openlane/designs/rgb_mixer/runs/RUN_2025.04.30_22.45.00/tmp/signoff/39-setup_file.lef.lvs |& tee /dev/null /openlane/designs/rgb_mixer/runs/RUN_2025.04.30_22.45.00/logs/signoff/39-lvs.lef.log"

Wed Apr 30 22:48:07 UTC 2025 - Executing "magic -noconsole -dnull -rcfile /home/aanuoluwa/asic_tools/pdk/sky130A/libs.tech/magic/sky130A.magicrc < /openlane/scripts/magic/wrapper.tcl |& tee /dev/null /openlane/designs/rgb_mixer/runs/RUN_2025.04.30_22.45.00/logs/signoff/40-drc.log"

Wed Apr 30 22:48:08 UTC 2025 - Executing "python3 /openlane/scripts/drc_rosetta.py magic to_tcl -o /openlane/designs/rgb_mixer/runs/RUN_2025.04.30_22.45.00/reports/signoff/drc.tcl /openlane/designs/rgb_mixer/runs/RUN_2025.04.30_22.45.00/reports/signoff/drc.rpt"

Wed Apr 30 22:48:08 UTC 2025 - Executing "python3 /openlane/scripts/drc_rosetta.py magic to_tr -o /openlane/designs/rgb_mixer/runs/RUN_2025.04.30_22.45.00/reports/signoff/drc.tr /openlane/designs/rgb_mixer/runs/RUN_2025.04.30_22.45.00/reports/signoff/drc.rpt"

Wed Apr 30 22:48:09 UTC 2025 - Executing "python3 /openlane/scripts/drc_rosetta.py tr to_klayout -o /openlane/designs/rgb_mixer/runs/RUN_2025.04.30_22.45.00/reports/signoff/drc.klayout.xml --design-name rgb_mixer /openlane/designs/rgb_mixer/runs/RUN_2025.04.30_22.45.00/reports/signoff/drc.tr"

Wed Apr 30 22:48:09 UTC 2025 - Executing "python3 /openlane/scripts/drc_rosetta.py magic to_rdb -o /openlane/designs/rgb_mixer/runs/RUN_2025.04.30_22.45.00/reports/signoff/drc.rdb /openlane/designs/rgb_mixer/runs/RUN_2025.04.30_22.45.00/reports/signoff/drc.rpt"

Wed Apr 30 22:48:09 UTC 2025 - Executing "openroad -exit /openlane/scripts/openroad/antenna_check.tcl |& tee /dev/null /openlane/designs/rgb_mixer/runs/RUN_2025.04.30_22.45.00/logs/signoff/41-arc.log"

Wed Apr 30 22:48:10 UTC 2025 - Executing "python3 /openlane/scripts/extract_antenna_violators.py --output /openlane/designs/rgb_mixer/runs/RUN_2025.04.30_22.45.00/reports/signoff/41-antenna_violators.rpt --plain-out /openlane/designs/rgb_mixer/runs/RUN_2025.04.30_22.45.00/reports/signoff/41-antenna_violators_pins.txt /openlane/designs/rgb_mixer/runs/RUN_2025.04.30_22.45.00/logs/signoff/41-arc.log"

Wed Apr 30 22:48:10 UTC 2025 - Executing "awk -v vdd=VPWR -v gnd=VGND -f /home/aanuoluwa/asic_tools/pdk/sky130A/libs.tech/openlane/cvc/power.awk /openlane/designs/rgb_mixer/runs/RUN_2025.04.30_22.45.00/tmp/signoff/36-rgb_mixer.nl.v > /openlane/designs/rgb_mixer/runs/RUN_2025.04.30_22.45.00/tmp/signoff/rgb_mixer.power"

Wed Apr 30 22:48:11 UTC 2025 - Executing "awk -f /home/aanuoluwa/asic_tools/pdk/sky130A/libs.tech/openlane/cvc/cdl.awk /home/aanuoluwa/asic_tools/pdk/sky130A/libs.ref/sky130_fd_sc_hd/cdl/sky130_fd_sc_hd.cdl /openlane/designs/rgb_mixer/runs/RUN_2025.04.30_22.45.00/results/signoff/rgb_mixer.lef.spice > /openlane/designs/rgb_mixer/runs/RUN_2025.04.30_22.45.00/tmp/signoff/rgb_mixer.cdl"

Wed Apr 30 22:48:11 UTC 2025 - Executing "cvc_rv /home/aanuoluwa/asic_tools/pdk/sky130A/libs.tech/openlane/cvc/cvcrc |& tee /dev/null /openlane/designs/rgb_mixer/runs/RUN_2025.04.30_22.45.00/logs/signoff/42-erc_screen.log"

