OpenROAD 41a51eaf4ca2171c92ff38afb91eb37bbd3f36da 
This program is licensed under the BSD-3 license. See the LICENSE file for details.
Components of this program may be licensed under more restrictive licenses which must be honored.
[INFO]: Reading ODB at '/openlane/designs/rgb_mixer/runs/RUN_2025.04.30_22.45.00/results/floorplan/rgb_mixer.odb'…
define_corners Typical
read_liberty -corner Typical /home/aanuoluwa/asic_tools/pdk/sky130A/libs.ref/sky130_fd_sc_hd/lib/sky130_fd_sc_hd__tt_025C_1v80.lib
Using 1e-12 for capacitance...
Using 1e+03 for resistance...
Using 1e-09 for time...
Using 1e+00 for voltage...
Using 1e-03 for current...
Using 1e-09 for power...
Using 1e-06 for distance...
Reading design constraints file at '/openlane/designs/rgb_mixer/runs/RUN_2025.04.30_22.45.00/tmp/floorplan/3-initial_fp.sdc'…
[INFO]: Setting RC values...
[INFO]: Setting signal min routing layer to: met1 and clock min routing layer to met1. 
[INFO]: Setting signal max routing layer to: met5 and clock max routing layer to met5. 
[INFO GPL-0002] DBU: 1000
[INFO GPL-0003] SiteSize: 460 2720
[INFO GPL-0004] CoreAreaLxLy: 5520 10880
[INFO GPL-0005] CoreAreaUxUy: 111320 114240
[INFO GPL-0006] NumInstances: 789
[INFO GPL-0007] NumPlaceInstances: 553
[INFO GPL-0008] NumFixedInstances: 236
[INFO GPL-0009] NumDummyInstances: 0
[INFO GPL-0010] NumNets: 561
[INFO GPL-0011] NumPins: 1836
[INFO GPL-0012] DieAreaLxLy: 0 0
[INFO GPL-0013] DieAreaUxUy: 117040 127760
[INFO GPL-0014] CoreAreaLxLy: 5520 10880
[INFO GPL-0015] CoreAreaUxUy: 111320 114240
[INFO GPL-0016] CoreArea: 10935488000
[INFO GPL-0017] NonPlaceInstsArea: 485465600
[INFO GPL-0018] PlaceInstsArea: 5617888000
[INFO GPL-0019] Util(%): 53.76
[INFO GPL-0020] StdInstsArea: 5617888000
[INFO GPL-0021] MacroInstsArea: 0
[InitialPlace]  Iter: 1 CG residual: 0.00000007 HPWL: 5789590
[InitialPlace]  Iter: 2 CG residual: 0.00000008 HPWL: 5771441
[InitialPlace]  Iter: 3 CG residual: 0.00000017 HPWL: 5785659
[InitialPlace]  Iter: 4 CG residual: 0.00000011 HPWL: 5807720
[InitialPlace]  Iter: 5 CG residual: 0.00000012 HPWL: 5803566
[INFO GPL-0031] FillerInit: NumGCells: 619
[INFO GPL-0032] FillerInit: NumGNets: 561
[INFO GPL-0033] FillerInit: NumGPins: 1836
[INFO GPL-0023] TargetDensity: 0.60
[INFO GPL-0024] AveragePlaceInstArea: 10158929
[INFO GPL-0025] IdealBinArea: 16931548
[INFO GPL-0026] IdealBinCnt: 645
[INFO GPL-0027] TotalBinArea: 10935488000
[INFO GPL-0028] BinCnt: 16 16
[INFO GPL-0029] BinSize: 6613 6460
[INFO GPL-0030] NumBins: 256
[NesterovSolve] Iter: 1 overflow: 0.949754 HPWL: 2477179
[NesterovSolve] Iter: 10 overflow: 0.894272 HPWL: 2981944
[NesterovSolve] Iter: 20 overflow: 0.871766 HPWL: 3088769
[NesterovSolve] Iter: 30 overflow: 0.855277 HPWL: 3125007
[NesterovSolve] Iter: 40 overflow: 0.853966 HPWL: 3144413
[NesterovSolve] Iter: 50 overflow: 0.860201 HPWL: 3141698
[NesterovSolve] Iter: 60 overflow: 0.862198 HPWL: 3132462
[NesterovSolve] Iter: 70 overflow: 0.860483 HPWL: 3133180
[NesterovSolve] Iter: 80 overflow: 0.85932 HPWL: 3139244
[NesterovSolve] Iter: 90 overflow: 0.85922 HPWL: 3146060
[NesterovSolve] Iter: 100 overflow: 0.857731 HPWL: 3153154
[NesterovSolve] Iter: 110 overflow: 0.85611 HPWL: 3162609
[NesterovSolve] Iter: 120 overflow: 0.853055 HPWL: 3179154
[NesterovSolve] Iter: 130 overflow: 0.847083 HPWL: 3206151
[NesterovSolve] Iter: 140 overflow: 0.833124 HPWL: 3244289
[NesterovSolve] Iter: 150 overflow: 0.823957 HPWL: 3290459
[NesterovSolve] Iter: 160 overflow: 0.810365 HPWL: 3366805
[NesterovSolve] Iter: 170 overflow: 0.783499 HPWL: 3464239
[INFO GPL-0100] worst slack 6.06e-09
[INFO GPL-0103] Weighted 55 nets.
[NesterovSolve] Iter: 180 overflow: 0.74678 HPWL: 3704667
[NesterovSolve] Iter: 190 overflow: 0.733551 HPWL: 3776976
[NesterovSolve] Iter: 200 overflow: 0.704983 HPWL: 3882099
[NesterovSolve] Iter: 210 overflow: 0.660164 HPWL: 3995091
[INFO GPL-0100] worst slack 6.06e-09
[INFO GPL-0103] Weighted 55 nets.
[NesterovSolve] Iter: 220 overflow: 0.63081 HPWL: 4107318
[NesterovSolve] Snapshot saved at iter = 228
[NesterovSolve] Iter: 230 overflow: 0.594736 HPWL: 4279727
[NesterovSolve] Iter: 240 overflow: 0.554174 HPWL: 4428991
[NesterovSolve] Iter: 250 overflow: 0.512641 HPWL: 4559671
[INFO GPL-0100] worst slack 6.06e-09
[INFO GPL-0103] Weighted 55 nets.
[NesterovSolve] Iter: 260 overflow: 0.479453 HPWL: 4694858
[NesterovSolve] Iter: 270 overflow: 0.43486 HPWL: 4872675
[NesterovSolve] Iter: 280 overflow: 0.402513 HPWL: 4944544
[NesterovSolve] Iter: 290 overflow: 0.366043 HPWL: 5071390
[NesterovSolve] Iter: 300 overflow: 0.331274 HPWL: 5145771
[NesterovSolve] Iter: 310 overflow: 0.306207 HPWL: 5236767
[INFO GPL-0100] worst slack 6.06e-09
[INFO GPL-0103] Weighted 55 nets.
[NesterovSolve] Iter: 320 overflow: 0.277571 HPWL: 5311302
[NesterovSolve] Iter: 330 overflow: 0.243322 HPWL: 5388224
[NesterovSolve] Iter: 340 overflow: 0.210625 HPWL: 5443329
[INFO GPL-0100] worst slack 6.06e-09
[INFO GPL-0103] Weighted 55 nets.
[INFO GPL-0075] Routability numCall: 1 inflationIterCnt: 1 bloatIterCnt: 0
[INFO GPL-0036] TileLxLy: 0 0
[INFO GPL-0037] TileSize: 6900 6900
[INFO GPL-0038] TileCnt: 16 18
[INFO GPL-0039] numRoutingLayers: 6
[INFO GPL-0040] NumTiles: 288
[INFO GPL-0063] TotalRouteOverflowH2: 0.0
[INFO GPL-0064] TotalRouteOverflowV2: 0.0
[INFO GPL-0065] OverflowTileCnt2: 0
[INFO GPL-0066] 0.5%RC: 1.0
[INFO GPL-0067] 1.0%RC: 0.985714282308306
[INFO GPL-0068] 2.0%RC: 0.9428571292332241
[INFO GPL-0069] 5.0%RC: 0.8871428574834551
[INFO GPL-0070] 0.5rcK: 1.0
[INFO GPL-0071] 1.0rcK: 1.0
[INFO GPL-0072] 2.0rcK: 0.0
[INFO GPL-0073] 5.0rcK: 0.0
[INFO GPL-0074] FinalRC: 0.99285716
[NesterovSolve] Iter: 350 overflow: 0.180235 HPWL: 5480450
[NesterovSolve] Iter: 360 overflow: 0.153986 HPWL: 5520901
[INFO GPL-0100] worst slack 6.06e-09
[INFO GPL-0103] Weighted 55 nets.
[NesterovSolve] Iter: 370 overflow: 0.131208 HPWL: 5564331
[NesterovSolve] Iter: 380 overflow: 0.102901 HPWL: 5579067
[NesterovSolve] Finished with Overflow: 0.097232
Setting global connections for newly added cells…
Writing OpenROAD database to '/openlane/designs/rgb_mixer/runs/RUN_2025.04.30_22.45.00/tmp/placement/7-global.odb'…
Writing netlist to '/openlane/designs/rgb_mixer/runs/RUN_2025.04.30_22.45.00/tmp/placement/7-global.nl.v'…
Writing powered netlist to '/openlane/designs/rgb_mixer/runs/RUN_2025.04.30_22.45.00/tmp/placement/7-global.pnl.v'…
Writing layout to '/openlane/designs/rgb_mixer/runs/RUN_2025.04.30_22.45.00/tmp/placement/7-global.def'…
